ARM GAS  /var/folders/9y/n02fl3g16gnf7ppy14xghdy80000gn/T//ccvcTwJc.s 			page 1


   1              		.cpu cortex-m4
   2              		.eabi_attribute 20, 1
   3              		.eabi_attribute 21, 1
   4              		.eabi_attribute 23, 3
   5              		.eabi_attribute 24, 1
   6              		.eabi_attribute 25, 1
   7              		.eabi_attribute 26, 1
   8              		.eabi_attribute 30, 1
   9              		.eabi_attribute 34, 1
  10              		.eabi_attribute 18, 4
  11              		.file	"gpio.c"
  12              		.text
  13              	.Ltext0:
  14              		.cfi_sections	.debug_frame
  15              		.section	.text.MX_GPIO_Init,"ax",%progbits
  16              		.align	1
  17              		.global	MX_GPIO_Init
  18              		.arch armv7e-m
  19              		.syntax unified
  20              		.thumb
  21              		.thumb_func
  22              		.fpu softvfp
  24              	MX_GPIO_Init:
  25              	.LFB1163:
  26              		.file 1 "Core/Src/gpio.c"
   1:Core/Src/gpio.c **** /* USER CODE BEGIN Header */
   2:Core/Src/gpio.c **** /**
   3:Core/Src/gpio.c ****   ******************************************************************************
   4:Core/Src/gpio.c ****   * @file    gpio.c
   5:Core/Src/gpio.c ****   * @brief   This file provides code for the configuration
   6:Core/Src/gpio.c ****   *          of all used GPIO pins.
   7:Core/Src/gpio.c ****   ******************************************************************************
   8:Core/Src/gpio.c ****   * @attention
   9:Core/Src/gpio.c ****   *
  10:Core/Src/gpio.c ****   * Copyright (c) 2022 STMicroelectronics.
  11:Core/Src/gpio.c ****   * All rights reserved.
  12:Core/Src/gpio.c ****   *
  13:Core/Src/gpio.c ****   * This software is licensed under terms that can be found in the LICENSE file
  14:Core/Src/gpio.c ****   * in the root directory of this software component.
  15:Core/Src/gpio.c ****   * If no LICENSE file comes with this software, it is provided AS-IS.
  16:Core/Src/gpio.c ****   *
  17:Core/Src/gpio.c ****   ******************************************************************************
  18:Core/Src/gpio.c ****   */
  19:Core/Src/gpio.c **** /* USER CODE END Header */
  20:Core/Src/gpio.c **** 
  21:Core/Src/gpio.c **** /* Includes ------------------------------------------------------------------*/
  22:Core/Src/gpio.c **** #include "gpio.h"
  23:Core/Src/gpio.c **** 
  24:Core/Src/gpio.c **** /* USER CODE BEGIN 0 */
  25:Core/Src/gpio.c **** 
  26:Core/Src/gpio.c **** /* USER CODE END 0 */
  27:Core/Src/gpio.c **** 
  28:Core/Src/gpio.c **** /*----------------------------------------------------------------------------*/
  29:Core/Src/gpio.c **** /* Configure GPIO                                                             */
  30:Core/Src/gpio.c **** /*----------------------------------------------------------------------------*/
  31:Core/Src/gpio.c **** /* USER CODE BEGIN 1 */
  32:Core/Src/gpio.c **** 
ARM GAS  /var/folders/9y/n02fl3g16gnf7ppy14xghdy80000gn/T//ccvcTwJc.s 			page 2


  33:Core/Src/gpio.c **** /* USER CODE END 1 */
  34:Core/Src/gpio.c **** 
  35:Core/Src/gpio.c **** /** Configure pins as
  36:Core/Src/gpio.c ****         * Analog
  37:Core/Src/gpio.c ****         * Input
  38:Core/Src/gpio.c ****         * Output
  39:Core/Src/gpio.c ****         * EVENT_OUT
  40:Core/Src/gpio.c ****         * EXTI
  41:Core/Src/gpio.c **** */
  42:Core/Src/gpio.c **** void MX_GPIO_Init(void)
  43:Core/Src/gpio.c **** {
  27              		.loc 1 43 1 view -0
  28              		.cfi_startproc
  29              		@ args = 0, pretend = 0, frame = 32
  30              		@ frame_needed = 0, uses_anonymous_args = 0
  31 0000 70B5     		push	{r4, r5, r6, lr}
  32              		.cfi_def_cfa_offset 16
  33              		.cfi_offset 4, -16
  34              		.cfi_offset 5, -12
  35              		.cfi_offset 6, -8
  36              		.cfi_offset 14, -4
  37 0002 88B0     		sub	sp, sp, #32
  38              		.cfi_def_cfa_offset 48
  44:Core/Src/gpio.c **** 
  45:Core/Src/gpio.c ****   GPIO_InitTypeDef GPIO_InitStruct = {0};
  39              		.loc 1 45 3 view .LVU1
  40              		.loc 1 45 20 is_stmt 0 view .LVU2
  41 0004 0024     		movs	r4, #0
  42 0006 0394     		str	r4, [sp, #12]
  43 0008 0494     		str	r4, [sp, #16]
  44 000a 0594     		str	r4, [sp, #20]
  45 000c 0694     		str	r4, [sp, #24]
  46 000e 0794     		str	r4, [sp, #28]
  46:Core/Src/gpio.c **** 
  47:Core/Src/gpio.c ****   /* GPIO Ports Clock Enable */
  48:Core/Src/gpio.c ****   __HAL_RCC_GPIOA_CLK_ENABLE();
  47              		.loc 1 48 3 is_stmt 1 view .LVU3
  48              	.LVL0:
  49              	.LBB6:
  50              	.LBI6:
  51              		.file 2 "Drivers/STM32WLxx_HAL_Driver/Inc/stm32wlxx_ll_bus.h"
   1:Drivers/STM32WLxx_HAL_Driver/Inc/stm32wlxx_ll_bus.h **** /**
   2:Drivers/STM32WLxx_HAL_Driver/Inc/stm32wlxx_ll_bus.h ****   ******************************************************************************
   3:Drivers/STM32WLxx_HAL_Driver/Inc/stm32wlxx_ll_bus.h ****   * @file    stm32wlxx_ll_bus.h
   4:Drivers/STM32WLxx_HAL_Driver/Inc/stm32wlxx_ll_bus.h ****   * @author  MCD Application Team
   5:Drivers/STM32WLxx_HAL_Driver/Inc/stm32wlxx_ll_bus.h ****   * @brief   Header file of BUS LL module.
   6:Drivers/STM32WLxx_HAL_Driver/Inc/stm32wlxx_ll_bus.h ****   ******************************************************************************
   7:Drivers/STM32WLxx_HAL_Driver/Inc/stm32wlxx_ll_bus.h ****   * @attention
   8:Drivers/STM32WLxx_HAL_Driver/Inc/stm32wlxx_ll_bus.h ****   *
   9:Drivers/STM32WLxx_HAL_Driver/Inc/stm32wlxx_ll_bus.h ****   * Copyright (c) 2020 STMicroelectronics.
  10:Drivers/STM32WLxx_HAL_Driver/Inc/stm32wlxx_ll_bus.h ****   * All rights reserved.
  11:Drivers/STM32WLxx_HAL_Driver/Inc/stm32wlxx_ll_bus.h ****   *
  12:Drivers/STM32WLxx_HAL_Driver/Inc/stm32wlxx_ll_bus.h ****   * This software is licensed under terms that can be found in the LICENSE file
  13:Drivers/STM32WLxx_HAL_Driver/Inc/stm32wlxx_ll_bus.h ****   * in the root directory of this software component.
  14:Drivers/STM32WLxx_HAL_Driver/Inc/stm32wlxx_ll_bus.h ****   * If no LICENSE file comes with this software, it is provided AS-IS.
  15:Drivers/STM32WLxx_HAL_Driver/Inc/stm32wlxx_ll_bus.h ****   *
  16:Drivers/STM32WLxx_HAL_Driver/Inc/stm32wlxx_ll_bus.h ****   ******************************************************************************
ARM GAS  /var/folders/9y/n02fl3g16gnf7ppy14xghdy80000gn/T//ccvcTwJc.s 			page 3


  17:Drivers/STM32WLxx_HAL_Driver/Inc/stm32wlxx_ll_bus.h ****   @verbatim
  18:Drivers/STM32WLxx_HAL_Driver/Inc/stm32wlxx_ll_bus.h ****                       ##### RCC Limitations #####
  19:Drivers/STM32WLxx_HAL_Driver/Inc/stm32wlxx_ll_bus.h ****   ==============================================================================
  20:Drivers/STM32WLxx_HAL_Driver/Inc/stm32wlxx_ll_bus.h ****     [..]
  21:Drivers/STM32WLxx_HAL_Driver/Inc/stm32wlxx_ll_bus.h ****       A delay between an RCC peripheral clock enable and the effective peripheral
  22:Drivers/STM32WLxx_HAL_Driver/Inc/stm32wlxx_ll_bus.h ****       enabling should be taken into account in order to manage the peripheral read/write
  23:Drivers/STM32WLxx_HAL_Driver/Inc/stm32wlxx_ll_bus.h ****       from/to registers.w<
  24:Drivers/STM32WLxx_HAL_Driver/Inc/stm32wlxx_ll_bus.h ****       (+) This delay depends on the peripheral mapping.
  25:Drivers/STM32WLxx_HAL_Driver/Inc/stm32wlxx_ll_bus.h ****         (++) AHB & APB peripherals, 1 dummy read is necessary
  26:Drivers/STM32WLxx_HAL_Driver/Inc/stm32wlxx_ll_bus.h **** 
  27:Drivers/STM32WLxx_HAL_Driver/Inc/stm32wlxx_ll_bus.h ****     [..]
  28:Drivers/STM32WLxx_HAL_Driver/Inc/stm32wlxx_ll_bus.h ****       Workarounds:
  29:Drivers/STM32WLxx_HAL_Driver/Inc/stm32wlxx_ll_bus.h ****       (#) For AHB & APB peripherals, a dummy read to the peripheral register has been
  30:Drivers/STM32WLxx_HAL_Driver/Inc/stm32wlxx_ll_bus.h ****           inserted in each LL_{BUS}_GRP{x}_EnableClock() function.
  31:Drivers/STM32WLxx_HAL_Driver/Inc/stm32wlxx_ll_bus.h **** 
  32:Drivers/STM32WLxx_HAL_Driver/Inc/stm32wlxx_ll_bus.h ****   @endverbatim
  33:Drivers/STM32WLxx_HAL_Driver/Inc/stm32wlxx_ll_bus.h ****   ******************************************************************************
  34:Drivers/STM32WLxx_HAL_Driver/Inc/stm32wlxx_ll_bus.h ****   */
  35:Drivers/STM32WLxx_HAL_Driver/Inc/stm32wlxx_ll_bus.h **** 
  36:Drivers/STM32WLxx_HAL_Driver/Inc/stm32wlxx_ll_bus.h **** /* Define to prevent recursive inclusion -------------------------------------*/
  37:Drivers/STM32WLxx_HAL_Driver/Inc/stm32wlxx_ll_bus.h **** #ifndef __STM32WLxx_LL_BUS_H
  38:Drivers/STM32WLxx_HAL_Driver/Inc/stm32wlxx_ll_bus.h **** #define __STM32WLxx_LL_BUS_H
  39:Drivers/STM32WLxx_HAL_Driver/Inc/stm32wlxx_ll_bus.h **** 
  40:Drivers/STM32WLxx_HAL_Driver/Inc/stm32wlxx_ll_bus.h **** #ifdef __cplusplus
  41:Drivers/STM32WLxx_HAL_Driver/Inc/stm32wlxx_ll_bus.h **** extern "C" {
  42:Drivers/STM32WLxx_HAL_Driver/Inc/stm32wlxx_ll_bus.h **** #endif
  43:Drivers/STM32WLxx_HAL_Driver/Inc/stm32wlxx_ll_bus.h **** 
  44:Drivers/STM32WLxx_HAL_Driver/Inc/stm32wlxx_ll_bus.h **** /* Includes ------------------------------------------------------------------*/
  45:Drivers/STM32WLxx_HAL_Driver/Inc/stm32wlxx_ll_bus.h **** #include "stm32wlxx.h"
  46:Drivers/STM32WLxx_HAL_Driver/Inc/stm32wlxx_ll_bus.h **** 
  47:Drivers/STM32WLxx_HAL_Driver/Inc/stm32wlxx_ll_bus.h **** /** @addtogroup STM32WLxx_LL_Driver
  48:Drivers/STM32WLxx_HAL_Driver/Inc/stm32wlxx_ll_bus.h ****   * @{
  49:Drivers/STM32WLxx_HAL_Driver/Inc/stm32wlxx_ll_bus.h ****   */
  50:Drivers/STM32WLxx_HAL_Driver/Inc/stm32wlxx_ll_bus.h **** 
  51:Drivers/STM32WLxx_HAL_Driver/Inc/stm32wlxx_ll_bus.h **** #if defined(RCC)
  52:Drivers/STM32WLxx_HAL_Driver/Inc/stm32wlxx_ll_bus.h **** 
  53:Drivers/STM32WLxx_HAL_Driver/Inc/stm32wlxx_ll_bus.h **** /** @defgroup BUS_LL BUS
  54:Drivers/STM32WLxx_HAL_Driver/Inc/stm32wlxx_ll_bus.h ****   * @{
  55:Drivers/STM32WLxx_HAL_Driver/Inc/stm32wlxx_ll_bus.h ****   */
  56:Drivers/STM32WLxx_HAL_Driver/Inc/stm32wlxx_ll_bus.h **** 
  57:Drivers/STM32WLxx_HAL_Driver/Inc/stm32wlxx_ll_bus.h **** /* Private types -------------------------------------------------------------*/
  58:Drivers/STM32WLxx_HAL_Driver/Inc/stm32wlxx_ll_bus.h **** /* Private variables ---------------------------------------------------------*/
  59:Drivers/STM32WLxx_HAL_Driver/Inc/stm32wlxx_ll_bus.h **** 
  60:Drivers/STM32WLxx_HAL_Driver/Inc/stm32wlxx_ll_bus.h **** /* Private constants ---------------------------------------------------------*/
  61:Drivers/STM32WLxx_HAL_Driver/Inc/stm32wlxx_ll_bus.h **** 
  62:Drivers/STM32WLxx_HAL_Driver/Inc/stm32wlxx_ll_bus.h **** /* Private macros ------------------------------------------------------------*/
  63:Drivers/STM32WLxx_HAL_Driver/Inc/stm32wlxx_ll_bus.h **** 
  64:Drivers/STM32WLxx_HAL_Driver/Inc/stm32wlxx_ll_bus.h **** /* Exported types ------------------------------------------------------------*/
  65:Drivers/STM32WLxx_HAL_Driver/Inc/stm32wlxx_ll_bus.h **** 
  66:Drivers/STM32WLxx_HAL_Driver/Inc/stm32wlxx_ll_bus.h **** /* Exported constants --------------------------------------------------------*/
  67:Drivers/STM32WLxx_HAL_Driver/Inc/stm32wlxx_ll_bus.h **** /** @defgroup BUS_LL_Exported_Constants BUS Exported Constants
  68:Drivers/STM32WLxx_HAL_Driver/Inc/stm32wlxx_ll_bus.h ****   * @{
  69:Drivers/STM32WLxx_HAL_Driver/Inc/stm32wlxx_ll_bus.h ****   */
  70:Drivers/STM32WLxx_HAL_Driver/Inc/stm32wlxx_ll_bus.h **** 
  71:Drivers/STM32WLxx_HAL_Driver/Inc/stm32wlxx_ll_bus.h **** /** @defgroup BUS_LL_EC_AHB1_GRP1_PERIPH  AHB1 GRP1 PERIPH
  72:Drivers/STM32WLxx_HAL_Driver/Inc/stm32wlxx_ll_bus.h ****   * @{
  73:Drivers/STM32WLxx_HAL_Driver/Inc/stm32wlxx_ll_bus.h ****   */
ARM GAS  /var/folders/9y/n02fl3g16gnf7ppy14xghdy80000gn/T//ccvcTwJc.s 			page 4


  74:Drivers/STM32WLxx_HAL_Driver/Inc/stm32wlxx_ll_bus.h **** #define LL_AHB1_GRP1_PERIPH_ALL            (0xFFFFFFFFU)
  75:Drivers/STM32WLxx_HAL_Driver/Inc/stm32wlxx_ll_bus.h **** #define LL_AHB1_GRP1_PERIPH_DMA1           RCC_AHB1ENR_DMA1EN
  76:Drivers/STM32WLxx_HAL_Driver/Inc/stm32wlxx_ll_bus.h **** #define LL_AHB1_GRP1_PERIPH_DMA2           RCC_AHB1ENR_DMA2EN
  77:Drivers/STM32WLxx_HAL_Driver/Inc/stm32wlxx_ll_bus.h **** #define LL_AHB1_GRP1_PERIPH_DMAMUX1        RCC_AHB1ENR_DMAMUX1EN
  78:Drivers/STM32WLxx_HAL_Driver/Inc/stm32wlxx_ll_bus.h **** #define LL_AHB1_GRP1_PERIPH_CRC            RCC_AHB1ENR_CRCEN
  79:Drivers/STM32WLxx_HAL_Driver/Inc/stm32wlxx_ll_bus.h **** /**
  80:Drivers/STM32WLxx_HAL_Driver/Inc/stm32wlxx_ll_bus.h ****   * @}
  81:Drivers/STM32WLxx_HAL_Driver/Inc/stm32wlxx_ll_bus.h ****   */
  82:Drivers/STM32WLxx_HAL_Driver/Inc/stm32wlxx_ll_bus.h **** 
  83:Drivers/STM32WLxx_HAL_Driver/Inc/stm32wlxx_ll_bus.h **** /** @defgroup BUS_LL_EC_AHB2_GRP1_PERIPH  AHB2 GRP1 PERIPH
  84:Drivers/STM32WLxx_HAL_Driver/Inc/stm32wlxx_ll_bus.h ****   * @{
  85:Drivers/STM32WLxx_HAL_Driver/Inc/stm32wlxx_ll_bus.h ****   */
  86:Drivers/STM32WLxx_HAL_Driver/Inc/stm32wlxx_ll_bus.h **** #define LL_AHB2_GRP1_PERIPH_ALL            (0xFFFFFFFFU)
  87:Drivers/STM32WLxx_HAL_Driver/Inc/stm32wlxx_ll_bus.h **** #define LL_AHB2_GRP1_PERIPH_GPIOA          RCC_AHB2ENR_GPIOAEN
  88:Drivers/STM32WLxx_HAL_Driver/Inc/stm32wlxx_ll_bus.h **** #define LL_AHB2_GRP1_PERIPH_GPIOB          RCC_AHB2ENR_GPIOBEN
  89:Drivers/STM32WLxx_HAL_Driver/Inc/stm32wlxx_ll_bus.h **** #define LL_AHB2_GRP1_PERIPH_GPIOC          RCC_AHB2ENR_GPIOCEN
  90:Drivers/STM32WLxx_HAL_Driver/Inc/stm32wlxx_ll_bus.h **** #define LL_AHB2_GRP1_PERIPH_GPIOH          RCC_AHB2ENR_GPIOHEN
  91:Drivers/STM32WLxx_HAL_Driver/Inc/stm32wlxx_ll_bus.h **** /**
  92:Drivers/STM32WLxx_HAL_Driver/Inc/stm32wlxx_ll_bus.h ****   * @}
  93:Drivers/STM32WLxx_HAL_Driver/Inc/stm32wlxx_ll_bus.h ****   */
  94:Drivers/STM32WLxx_HAL_Driver/Inc/stm32wlxx_ll_bus.h **** 
  95:Drivers/STM32WLxx_HAL_Driver/Inc/stm32wlxx_ll_bus.h **** /** @defgroup BUS_LL_EC_AHB3_GRP1_PERIPH  AHB3 GRP1 PERIPH
  96:Drivers/STM32WLxx_HAL_Driver/Inc/stm32wlxx_ll_bus.h ****   * @{
  97:Drivers/STM32WLxx_HAL_Driver/Inc/stm32wlxx_ll_bus.h ****   */
  98:Drivers/STM32WLxx_HAL_Driver/Inc/stm32wlxx_ll_bus.h **** #define LL_AHB3_GRP1_PERIPH_ALL            (0xFFFFFFFFU)
  99:Drivers/STM32WLxx_HAL_Driver/Inc/stm32wlxx_ll_bus.h **** #define LL_AHB3_GRP1_PERIPH_PKA            RCC_AHB3ENR_PKAEN
 100:Drivers/STM32WLxx_HAL_Driver/Inc/stm32wlxx_ll_bus.h **** #define LL_AHB3_GRP1_PERIPH_AES            RCC_AHB3ENR_AESEN
 101:Drivers/STM32WLxx_HAL_Driver/Inc/stm32wlxx_ll_bus.h **** #define LL_AHB3_GRP1_PERIPH_RNG            RCC_AHB3ENR_RNGEN
 102:Drivers/STM32WLxx_HAL_Driver/Inc/stm32wlxx_ll_bus.h **** #define LL_AHB3_GRP1_PERIPH_HSEM           RCC_AHB3ENR_HSEMEN
 103:Drivers/STM32WLxx_HAL_Driver/Inc/stm32wlxx_ll_bus.h **** #if defined(DUAL_CORE)
 104:Drivers/STM32WLxx_HAL_Driver/Inc/stm32wlxx_ll_bus.h **** #define LL_AHB3_GRP1_PERIPH_IPCC           RCC_AHB3ENR_IPCCEN
 105:Drivers/STM32WLxx_HAL_Driver/Inc/stm32wlxx_ll_bus.h **** #endif /* DUAL_CORE */
 106:Drivers/STM32WLxx_HAL_Driver/Inc/stm32wlxx_ll_bus.h **** #define LL_AHB3_GRP1_PERIPH_SRAM1          RCC_AHB3SMENR_SRAM1SMEN
 107:Drivers/STM32WLxx_HAL_Driver/Inc/stm32wlxx_ll_bus.h **** #define LL_AHB3_GRP1_PERIPH_SRAM2          RCC_AHB3SMENR_SRAM2SMEN
 108:Drivers/STM32WLxx_HAL_Driver/Inc/stm32wlxx_ll_bus.h **** #define LL_AHB3_GRP1_PERIPH_FLASH          RCC_AHB3ENR_FLASHEN
 109:Drivers/STM32WLxx_HAL_Driver/Inc/stm32wlxx_ll_bus.h **** /**
 110:Drivers/STM32WLxx_HAL_Driver/Inc/stm32wlxx_ll_bus.h ****   * @}
 111:Drivers/STM32WLxx_HAL_Driver/Inc/stm32wlxx_ll_bus.h ****   */
 112:Drivers/STM32WLxx_HAL_Driver/Inc/stm32wlxx_ll_bus.h **** 
 113:Drivers/STM32WLxx_HAL_Driver/Inc/stm32wlxx_ll_bus.h **** /** @defgroup BUS_LL_EC_APB1_GRP1_PERIPH  APB1 GRP1 PERIPH
 114:Drivers/STM32WLxx_HAL_Driver/Inc/stm32wlxx_ll_bus.h ****   * @{
 115:Drivers/STM32WLxx_HAL_Driver/Inc/stm32wlxx_ll_bus.h ****   */
 116:Drivers/STM32WLxx_HAL_Driver/Inc/stm32wlxx_ll_bus.h **** #define LL_APB1_GRP1_PERIPH_ALL            (0xFFFFFFFFU)
 117:Drivers/STM32WLxx_HAL_Driver/Inc/stm32wlxx_ll_bus.h **** #define LL_APB1_GRP1_PERIPH_TIM2           RCC_APB1ENR1_TIM2EN
 118:Drivers/STM32WLxx_HAL_Driver/Inc/stm32wlxx_ll_bus.h **** #define LL_APB1_GRP1_PERIPH_RTCAPB         RCC_APB1ENR1_RTCAPBEN
 119:Drivers/STM32WLxx_HAL_Driver/Inc/stm32wlxx_ll_bus.h **** #define LL_APB1_GRP1_PERIPH_WWDG           RCC_APB1ENR1_WWDGEN
 120:Drivers/STM32WLxx_HAL_Driver/Inc/stm32wlxx_ll_bus.h **** #define LL_APB1_GRP1_PERIPH_SPI2           RCC_APB1ENR1_SPI2EN
 121:Drivers/STM32WLxx_HAL_Driver/Inc/stm32wlxx_ll_bus.h **** #define LL_APB1_GRP1_PERIPH_USART2         RCC_APB1ENR1_USART2EN
 122:Drivers/STM32WLxx_HAL_Driver/Inc/stm32wlxx_ll_bus.h **** #define LL_APB1_GRP1_PERIPH_I2C1           RCC_APB1ENR1_I2C1EN
 123:Drivers/STM32WLxx_HAL_Driver/Inc/stm32wlxx_ll_bus.h **** #define LL_APB1_GRP1_PERIPH_I2C2           RCC_APB1ENR1_I2C2EN
 124:Drivers/STM32WLxx_HAL_Driver/Inc/stm32wlxx_ll_bus.h **** #define LL_APB1_GRP1_PERIPH_I2C3           RCC_APB1ENR1_I2C3EN
 125:Drivers/STM32WLxx_HAL_Driver/Inc/stm32wlxx_ll_bus.h **** #define LL_APB1_GRP1_PERIPH_DAC            RCC_APB1ENR1_DACEN
 126:Drivers/STM32WLxx_HAL_Driver/Inc/stm32wlxx_ll_bus.h **** #define LL_APB1_GRP1_PERIPH_LPTIM1         RCC_APB1ENR1_LPTIM1EN
 127:Drivers/STM32WLxx_HAL_Driver/Inc/stm32wlxx_ll_bus.h **** /**
 128:Drivers/STM32WLxx_HAL_Driver/Inc/stm32wlxx_ll_bus.h ****   * @}
 129:Drivers/STM32WLxx_HAL_Driver/Inc/stm32wlxx_ll_bus.h ****   */
 130:Drivers/STM32WLxx_HAL_Driver/Inc/stm32wlxx_ll_bus.h **** 
ARM GAS  /var/folders/9y/n02fl3g16gnf7ppy14xghdy80000gn/T//ccvcTwJc.s 			page 5


 131:Drivers/STM32WLxx_HAL_Driver/Inc/stm32wlxx_ll_bus.h **** 
 132:Drivers/STM32WLxx_HAL_Driver/Inc/stm32wlxx_ll_bus.h **** /** @defgroup BUS_LL_EC_APB1_GRP2_PERIPH  APB1 GRP2 PERIPH
 133:Drivers/STM32WLxx_HAL_Driver/Inc/stm32wlxx_ll_bus.h ****   * @{
 134:Drivers/STM32WLxx_HAL_Driver/Inc/stm32wlxx_ll_bus.h ****   */
 135:Drivers/STM32WLxx_HAL_Driver/Inc/stm32wlxx_ll_bus.h **** #define LL_APB1_GRP2_PERIPH_ALL            (0xFFFFFFFFU)
 136:Drivers/STM32WLxx_HAL_Driver/Inc/stm32wlxx_ll_bus.h **** #define LL_APB1_GRP2_PERIPH_LPUART1        RCC_APB1ENR2_LPUART1EN
 137:Drivers/STM32WLxx_HAL_Driver/Inc/stm32wlxx_ll_bus.h **** #define LL_APB1_GRP2_PERIPH_LPTIM2         RCC_APB1ENR2_LPTIM2EN
 138:Drivers/STM32WLxx_HAL_Driver/Inc/stm32wlxx_ll_bus.h **** #define LL_APB1_GRP2_PERIPH_LPTIM3         RCC_APB1ENR2_LPTIM3EN
 139:Drivers/STM32WLxx_HAL_Driver/Inc/stm32wlxx_ll_bus.h **** /**
 140:Drivers/STM32WLxx_HAL_Driver/Inc/stm32wlxx_ll_bus.h ****   * @}
 141:Drivers/STM32WLxx_HAL_Driver/Inc/stm32wlxx_ll_bus.h ****   */
 142:Drivers/STM32WLxx_HAL_Driver/Inc/stm32wlxx_ll_bus.h **** 
 143:Drivers/STM32WLxx_HAL_Driver/Inc/stm32wlxx_ll_bus.h **** /** @defgroup BUS_LL_EC_APB2_GRP1_PERIPH  APB2 GRP1 PERIPH
 144:Drivers/STM32WLxx_HAL_Driver/Inc/stm32wlxx_ll_bus.h ****   * @{
 145:Drivers/STM32WLxx_HAL_Driver/Inc/stm32wlxx_ll_bus.h ****   */
 146:Drivers/STM32WLxx_HAL_Driver/Inc/stm32wlxx_ll_bus.h **** #define LL_APB2_GRP1_PERIPH_ALL            (0xFFFFFFFFU)
 147:Drivers/STM32WLxx_HAL_Driver/Inc/stm32wlxx_ll_bus.h **** #define LL_APB2_GRP1_PERIPH_ADC            RCC_APB2ENR_ADCEN
 148:Drivers/STM32WLxx_HAL_Driver/Inc/stm32wlxx_ll_bus.h **** #define LL_APB2_GRP1_PERIPH_TIM1           RCC_APB2ENR_TIM1EN
 149:Drivers/STM32WLxx_HAL_Driver/Inc/stm32wlxx_ll_bus.h **** #define LL_APB2_GRP1_PERIPH_SPI1           RCC_APB2ENR_SPI1EN
 150:Drivers/STM32WLxx_HAL_Driver/Inc/stm32wlxx_ll_bus.h **** #define LL_APB2_GRP1_PERIPH_USART1         RCC_APB2ENR_USART1EN
 151:Drivers/STM32WLxx_HAL_Driver/Inc/stm32wlxx_ll_bus.h **** #define LL_APB2_GRP1_PERIPH_TIM16          RCC_APB2ENR_TIM16EN
 152:Drivers/STM32WLxx_HAL_Driver/Inc/stm32wlxx_ll_bus.h **** #define LL_APB2_GRP1_PERIPH_TIM17          RCC_APB2ENR_TIM17EN
 153:Drivers/STM32WLxx_HAL_Driver/Inc/stm32wlxx_ll_bus.h **** /**
 154:Drivers/STM32WLxx_HAL_Driver/Inc/stm32wlxx_ll_bus.h ****   * @}
 155:Drivers/STM32WLxx_HAL_Driver/Inc/stm32wlxx_ll_bus.h ****   */
 156:Drivers/STM32WLxx_HAL_Driver/Inc/stm32wlxx_ll_bus.h **** 
 157:Drivers/STM32WLxx_HAL_Driver/Inc/stm32wlxx_ll_bus.h **** /** @defgroup BUS_LL_EC_APB3_GRP1_PERIPH  APB3 GRP1 PERIPH
 158:Drivers/STM32WLxx_HAL_Driver/Inc/stm32wlxx_ll_bus.h ****   * @{
 159:Drivers/STM32WLxx_HAL_Driver/Inc/stm32wlxx_ll_bus.h ****   */
 160:Drivers/STM32WLxx_HAL_Driver/Inc/stm32wlxx_ll_bus.h **** #define LL_APB3_GRP1_PERIPH_ALL            (0xFFFFFFFFU)
 161:Drivers/STM32WLxx_HAL_Driver/Inc/stm32wlxx_ll_bus.h **** #define LL_APB3_GRP1_PERIPH_SUBGHZSPI      RCC_APB3ENR_SUBGHZSPIEN
 162:Drivers/STM32WLxx_HAL_Driver/Inc/stm32wlxx_ll_bus.h **** /**
 163:Drivers/STM32WLxx_HAL_Driver/Inc/stm32wlxx_ll_bus.h ****   * @}
 164:Drivers/STM32WLxx_HAL_Driver/Inc/stm32wlxx_ll_bus.h ****   */
 165:Drivers/STM32WLxx_HAL_Driver/Inc/stm32wlxx_ll_bus.h **** 
 166:Drivers/STM32WLxx_HAL_Driver/Inc/stm32wlxx_ll_bus.h **** #if defined(DUAL_CORE)
 167:Drivers/STM32WLxx_HAL_Driver/Inc/stm32wlxx_ll_bus.h **** /** @defgroup BUS_LL_EC_C2_AHB1_GRP1_PERIPH  C2 AHB1 GRP1 PERIPH
 168:Drivers/STM32WLxx_HAL_Driver/Inc/stm32wlxx_ll_bus.h ****   * @{
 169:Drivers/STM32WLxx_HAL_Driver/Inc/stm32wlxx_ll_bus.h ****   */
 170:Drivers/STM32WLxx_HAL_Driver/Inc/stm32wlxx_ll_bus.h **** #define LL_C2_AHB1_GRP1_PERIPH_DMA1         RCC_C2AHB1ENR_DMA1EN
 171:Drivers/STM32WLxx_HAL_Driver/Inc/stm32wlxx_ll_bus.h **** #define LL_C2_AHB1_GRP1_PERIPH_DMA2         RCC_C2AHB1ENR_DMA2EN
 172:Drivers/STM32WLxx_HAL_Driver/Inc/stm32wlxx_ll_bus.h **** #define LL_C2_AHB1_GRP1_PERIPH_DMAMUX1      RCC_C2AHB1ENR_DMAMUX1EN
 173:Drivers/STM32WLxx_HAL_Driver/Inc/stm32wlxx_ll_bus.h **** #define LL_C2_AHB1_GRP1_PERIPH_CRC          RCC_C2AHB1ENR_CRCEN
 174:Drivers/STM32WLxx_HAL_Driver/Inc/stm32wlxx_ll_bus.h **** /**
 175:Drivers/STM32WLxx_HAL_Driver/Inc/stm32wlxx_ll_bus.h ****   * @}
 176:Drivers/STM32WLxx_HAL_Driver/Inc/stm32wlxx_ll_bus.h ****   */
 177:Drivers/STM32WLxx_HAL_Driver/Inc/stm32wlxx_ll_bus.h **** 
 178:Drivers/STM32WLxx_HAL_Driver/Inc/stm32wlxx_ll_bus.h **** 
 179:Drivers/STM32WLxx_HAL_Driver/Inc/stm32wlxx_ll_bus.h **** /** @defgroup BUS_LL_EC_C2_AHB2_GRP1_PERIPH  C2 AHB2 GRP1 PERIPH
 180:Drivers/STM32WLxx_HAL_Driver/Inc/stm32wlxx_ll_bus.h ****   * @{
 181:Drivers/STM32WLxx_HAL_Driver/Inc/stm32wlxx_ll_bus.h ****   */
 182:Drivers/STM32WLxx_HAL_Driver/Inc/stm32wlxx_ll_bus.h **** #define LL_C2_AHB2_GRP1_PERIPH_GPIOA        RCC_C2AHB2ENR_GPIOAEN
 183:Drivers/STM32WLxx_HAL_Driver/Inc/stm32wlxx_ll_bus.h **** #define LL_C2_AHB2_GRP1_PERIPH_GPIOB        RCC_C2AHB2ENR_GPIOBEN
 184:Drivers/STM32WLxx_HAL_Driver/Inc/stm32wlxx_ll_bus.h **** #define LL_C2_AHB2_GRP1_PERIPH_GPIOC        RCC_C2AHB2ENR_GPIOCEN
 185:Drivers/STM32WLxx_HAL_Driver/Inc/stm32wlxx_ll_bus.h **** #define LL_C2_AHB2_GRP1_PERIPH_GPIOH        RCC_C2AHB2ENR_GPIOHEN
 186:Drivers/STM32WLxx_HAL_Driver/Inc/stm32wlxx_ll_bus.h **** /**
 187:Drivers/STM32WLxx_HAL_Driver/Inc/stm32wlxx_ll_bus.h ****   * @}
ARM GAS  /var/folders/9y/n02fl3g16gnf7ppy14xghdy80000gn/T//ccvcTwJc.s 			page 6


 188:Drivers/STM32WLxx_HAL_Driver/Inc/stm32wlxx_ll_bus.h ****   */
 189:Drivers/STM32WLxx_HAL_Driver/Inc/stm32wlxx_ll_bus.h **** 
 190:Drivers/STM32WLxx_HAL_Driver/Inc/stm32wlxx_ll_bus.h **** 
 191:Drivers/STM32WLxx_HAL_Driver/Inc/stm32wlxx_ll_bus.h **** /** @defgroup BUS_LL_EC_C2_AHB3_GRP1_PERIPH  C2 AHB3 GRP1 PERIPH
 192:Drivers/STM32WLxx_HAL_Driver/Inc/stm32wlxx_ll_bus.h ****   * @{
 193:Drivers/STM32WLxx_HAL_Driver/Inc/stm32wlxx_ll_bus.h ****   */
 194:Drivers/STM32WLxx_HAL_Driver/Inc/stm32wlxx_ll_bus.h **** #define LL_C2_AHB3_GRP1_PERIPH_PKA          RCC_C2AHB3ENR_PKAEN
 195:Drivers/STM32WLxx_HAL_Driver/Inc/stm32wlxx_ll_bus.h **** #define LL_C2_AHB3_GRP1_PERIPH_AES          RCC_C2AHB3ENR_AESEN
 196:Drivers/STM32WLxx_HAL_Driver/Inc/stm32wlxx_ll_bus.h **** #define LL_C2_AHB3_GRP1_PERIPH_RNG          RCC_C2AHB3ENR_RNGEN
 197:Drivers/STM32WLxx_HAL_Driver/Inc/stm32wlxx_ll_bus.h **** #define LL_C2_AHB3_GRP1_PERIPH_HSEM         RCC_C2AHB3ENR_HSEMEN
 198:Drivers/STM32WLxx_HAL_Driver/Inc/stm32wlxx_ll_bus.h **** #define LL_C2_AHB3_GRP1_PERIPH_IPCC         RCC_C2AHB3ENR_IPCCEN
 199:Drivers/STM32WLxx_HAL_Driver/Inc/stm32wlxx_ll_bus.h **** #define LL_C2_AHB3_GRP1_PERIPH_FLASH        RCC_C2AHB3ENR_FLASHEN
 200:Drivers/STM32WLxx_HAL_Driver/Inc/stm32wlxx_ll_bus.h **** #define LL_C2_AHB3_GRP1_PERIPH_SRAM1        RCC_C2AHB3SMENR_SRAM1SMEN
 201:Drivers/STM32WLxx_HAL_Driver/Inc/stm32wlxx_ll_bus.h **** #define LL_C2_AHB3_GRP1_PERIPH_SRAM2        RCC_C2AHB3SMENR_SRAM2SMEN
 202:Drivers/STM32WLxx_HAL_Driver/Inc/stm32wlxx_ll_bus.h **** /**
 203:Drivers/STM32WLxx_HAL_Driver/Inc/stm32wlxx_ll_bus.h ****   * @}
 204:Drivers/STM32WLxx_HAL_Driver/Inc/stm32wlxx_ll_bus.h ****   */
 205:Drivers/STM32WLxx_HAL_Driver/Inc/stm32wlxx_ll_bus.h **** 
 206:Drivers/STM32WLxx_HAL_Driver/Inc/stm32wlxx_ll_bus.h **** 
 207:Drivers/STM32WLxx_HAL_Driver/Inc/stm32wlxx_ll_bus.h **** /** @defgroup BUS_LL_EC_C2_APB1_GRP1_PERIPH  C2 APB1 GRP1 PERIPH
 208:Drivers/STM32WLxx_HAL_Driver/Inc/stm32wlxx_ll_bus.h ****   * @{
 209:Drivers/STM32WLxx_HAL_Driver/Inc/stm32wlxx_ll_bus.h ****   */
 210:Drivers/STM32WLxx_HAL_Driver/Inc/stm32wlxx_ll_bus.h **** #define LL_C2_APB1_GRP1_PERIPH_TIM2         RCC_C2APB1ENR1_TIM2EN
 211:Drivers/STM32WLxx_HAL_Driver/Inc/stm32wlxx_ll_bus.h **** #define LL_C2_APB1_GRP1_PERIPH_RTCAPB       RCC_C2APB1ENR1_RTCAPBEN
 212:Drivers/STM32WLxx_HAL_Driver/Inc/stm32wlxx_ll_bus.h **** #define LL_C2_APB1_GRP1_PERIPH_SPI2         RCC_C2APB1ENR1_SPI2EN
 213:Drivers/STM32WLxx_HAL_Driver/Inc/stm32wlxx_ll_bus.h **** #define LL_C2_APB1_GRP1_PERIPH_USART2       RCC_C2APB1ENR1_USART2EN
 214:Drivers/STM32WLxx_HAL_Driver/Inc/stm32wlxx_ll_bus.h **** #define LL_C2_APB1_GRP1_PERIPH_I2C1         RCC_C2APB1ENR1_I2C1EN
 215:Drivers/STM32WLxx_HAL_Driver/Inc/stm32wlxx_ll_bus.h **** #define LL_C2_APB1_GRP1_PERIPH_I2C2         RCC_C2APB1ENR1_I2C2EN
 216:Drivers/STM32WLxx_HAL_Driver/Inc/stm32wlxx_ll_bus.h **** #define LL_C2_APB1_GRP1_PERIPH_I2C3         RCC_C2APB1ENR1_I2C3EN
 217:Drivers/STM32WLxx_HAL_Driver/Inc/stm32wlxx_ll_bus.h **** #define LL_C2_APB1_GRP1_PERIPH_DAC          RCC_C2APB1ENR1_DACEN
 218:Drivers/STM32WLxx_HAL_Driver/Inc/stm32wlxx_ll_bus.h **** #define LL_C2_APB1_GRP1_PERIPH_LPTIM1       RCC_C2APB1ENR1_LPTIM1EN
 219:Drivers/STM32WLxx_HAL_Driver/Inc/stm32wlxx_ll_bus.h **** /**
 220:Drivers/STM32WLxx_HAL_Driver/Inc/stm32wlxx_ll_bus.h ****   * @}
 221:Drivers/STM32WLxx_HAL_Driver/Inc/stm32wlxx_ll_bus.h ****   */
 222:Drivers/STM32WLxx_HAL_Driver/Inc/stm32wlxx_ll_bus.h **** 
 223:Drivers/STM32WLxx_HAL_Driver/Inc/stm32wlxx_ll_bus.h **** 
 224:Drivers/STM32WLxx_HAL_Driver/Inc/stm32wlxx_ll_bus.h **** /** @defgroup BUS_LL_EC_C2_APB1_GRP2_PERIPH  C2 APB1 GRP2 PERIPH
 225:Drivers/STM32WLxx_HAL_Driver/Inc/stm32wlxx_ll_bus.h ****   * @{
 226:Drivers/STM32WLxx_HAL_Driver/Inc/stm32wlxx_ll_bus.h ****   */
 227:Drivers/STM32WLxx_HAL_Driver/Inc/stm32wlxx_ll_bus.h **** #define LL_C2_APB1_GRP2_PERIPH_LPUART1      RCC_C2APB1ENR2_LPUART1EN
 228:Drivers/STM32WLxx_HAL_Driver/Inc/stm32wlxx_ll_bus.h **** #define LL_C2_APB1_GRP2_PERIPH_LPTIM2       RCC_C2APB1ENR2_LPTIM2EN
 229:Drivers/STM32WLxx_HAL_Driver/Inc/stm32wlxx_ll_bus.h **** #define LL_C2_APB1_GRP2_PERIPH_LPTIM3       RCC_C2APB1ENR2_LPTIM3EN
 230:Drivers/STM32WLxx_HAL_Driver/Inc/stm32wlxx_ll_bus.h **** /**
 231:Drivers/STM32WLxx_HAL_Driver/Inc/stm32wlxx_ll_bus.h ****   * @}
 232:Drivers/STM32WLxx_HAL_Driver/Inc/stm32wlxx_ll_bus.h ****   */
 233:Drivers/STM32WLxx_HAL_Driver/Inc/stm32wlxx_ll_bus.h **** 
 234:Drivers/STM32WLxx_HAL_Driver/Inc/stm32wlxx_ll_bus.h **** 
 235:Drivers/STM32WLxx_HAL_Driver/Inc/stm32wlxx_ll_bus.h **** /** @defgroup BUS_LL_EC_C2_APB2_GRP1_PERIPH  C2 APB2 GRP1 PERIPH
 236:Drivers/STM32WLxx_HAL_Driver/Inc/stm32wlxx_ll_bus.h ****   * @{
 237:Drivers/STM32WLxx_HAL_Driver/Inc/stm32wlxx_ll_bus.h ****   */
 238:Drivers/STM32WLxx_HAL_Driver/Inc/stm32wlxx_ll_bus.h **** #define LL_C2_APB2_GRP1_PERIPH_ADC          RCC_C2APB2ENR_ADCEN
 239:Drivers/STM32WLxx_HAL_Driver/Inc/stm32wlxx_ll_bus.h **** #define LL_C2_APB2_GRP1_PERIPH_TIM1         RCC_C2APB2ENR_TIM1EN
 240:Drivers/STM32WLxx_HAL_Driver/Inc/stm32wlxx_ll_bus.h **** #define LL_C2_APB2_GRP1_PERIPH_SPI1         RCC_C2APB2ENR_SPI1EN
 241:Drivers/STM32WLxx_HAL_Driver/Inc/stm32wlxx_ll_bus.h **** #define LL_C2_APB2_GRP1_PERIPH_USART1       RCC_C2APB2ENR_USART1EN
 242:Drivers/STM32WLxx_HAL_Driver/Inc/stm32wlxx_ll_bus.h **** #define LL_C2_APB2_GRP1_PERIPH_TIM16        RCC_C2APB2ENR_TIM16EN
 243:Drivers/STM32WLxx_HAL_Driver/Inc/stm32wlxx_ll_bus.h **** #define LL_C2_APB2_GRP1_PERIPH_TIM17        RCC_C2APB2ENR_TIM17EN
 244:Drivers/STM32WLxx_HAL_Driver/Inc/stm32wlxx_ll_bus.h **** /**
ARM GAS  /var/folders/9y/n02fl3g16gnf7ppy14xghdy80000gn/T//ccvcTwJc.s 			page 7


 245:Drivers/STM32WLxx_HAL_Driver/Inc/stm32wlxx_ll_bus.h ****   * @}
 246:Drivers/STM32WLxx_HAL_Driver/Inc/stm32wlxx_ll_bus.h ****   */
 247:Drivers/STM32WLxx_HAL_Driver/Inc/stm32wlxx_ll_bus.h **** 
 248:Drivers/STM32WLxx_HAL_Driver/Inc/stm32wlxx_ll_bus.h **** 
 249:Drivers/STM32WLxx_HAL_Driver/Inc/stm32wlxx_ll_bus.h **** /** @defgroup BUS_LL_EC_C2_APB3_GRP1_PERIPH  C2 APB3 GRP1 PERIPH
 250:Drivers/STM32WLxx_HAL_Driver/Inc/stm32wlxx_ll_bus.h ****   * @{
 251:Drivers/STM32WLxx_HAL_Driver/Inc/stm32wlxx_ll_bus.h ****   */
 252:Drivers/STM32WLxx_HAL_Driver/Inc/stm32wlxx_ll_bus.h **** #define LL_C2_APB3_GRP1_PERIPH_SUBGHZSPI    RCC_C2APB3ENR_SUBGHZSPIEN
 253:Drivers/STM32WLxx_HAL_Driver/Inc/stm32wlxx_ll_bus.h **** /**
 254:Drivers/STM32WLxx_HAL_Driver/Inc/stm32wlxx_ll_bus.h ****   * @}
 255:Drivers/STM32WLxx_HAL_Driver/Inc/stm32wlxx_ll_bus.h ****   */
 256:Drivers/STM32WLxx_HAL_Driver/Inc/stm32wlxx_ll_bus.h **** #endif /* DUAL_CORE */
 257:Drivers/STM32WLxx_HAL_Driver/Inc/stm32wlxx_ll_bus.h **** 
 258:Drivers/STM32WLxx_HAL_Driver/Inc/stm32wlxx_ll_bus.h **** /**
 259:Drivers/STM32WLxx_HAL_Driver/Inc/stm32wlxx_ll_bus.h ****   * @}
 260:Drivers/STM32WLxx_HAL_Driver/Inc/stm32wlxx_ll_bus.h ****   */
 261:Drivers/STM32WLxx_HAL_Driver/Inc/stm32wlxx_ll_bus.h **** 
 262:Drivers/STM32WLxx_HAL_Driver/Inc/stm32wlxx_ll_bus.h **** /* Exported macro ------------------------------------------------------------*/
 263:Drivers/STM32WLxx_HAL_Driver/Inc/stm32wlxx_ll_bus.h **** 
 264:Drivers/STM32WLxx_HAL_Driver/Inc/stm32wlxx_ll_bus.h **** /* Exported functions --------------------------------------------------------*/
 265:Drivers/STM32WLxx_HAL_Driver/Inc/stm32wlxx_ll_bus.h **** 
 266:Drivers/STM32WLxx_HAL_Driver/Inc/stm32wlxx_ll_bus.h **** /** @defgroup BUS_LL_Exported_Functions BUS Exported Functions
 267:Drivers/STM32WLxx_HAL_Driver/Inc/stm32wlxx_ll_bus.h ****   * @{
 268:Drivers/STM32WLxx_HAL_Driver/Inc/stm32wlxx_ll_bus.h ****   */
 269:Drivers/STM32WLxx_HAL_Driver/Inc/stm32wlxx_ll_bus.h **** 
 270:Drivers/STM32WLxx_HAL_Driver/Inc/stm32wlxx_ll_bus.h **** /** @defgroup BUS_LL_EF_AHB1 AHB1
 271:Drivers/STM32WLxx_HAL_Driver/Inc/stm32wlxx_ll_bus.h ****   * @{
 272:Drivers/STM32WLxx_HAL_Driver/Inc/stm32wlxx_ll_bus.h ****   */
 273:Drivers/STM32WLxx_HAL_Driver/Inc/stm32wlxx_ll_bus.h **** 
 274:Drivers/STM32WLxx_HAL_Driver/Inc/stm32wlxx_ll_bus.h **** /**
 275:Drivers/STM32WLxx_HAL_Driver/Inc/stm32wlxx_ll_bus.h ****   * @brief  Enable AHB1 peripherals clock.
 276:Drivers/STM32WLxx_HAL_Driver/Inc/stm32wlxx_ll_bus.h ****   * @rmtoll AHB1ENR      DMA1EN        LL_AHB1_GRP1_EnableClock\n
 277:Drivers/STM32WLxx_HAL_Driver/Inc/stm32wlxx_ll_bus.h ****   *         AHB1ENR      DMA2EN        LL_AHB1_GRP1_EnableClock\n
 278:Drivers/STM32WLxx_HAL_Driver/Inc/stm32wlxx_ll_bus.h ****   *         AHB1ENR      DMAMUX1EN     LL_AHB1_GRP1_EnableClock\n
 279:Drivers/STM32WLxx_HAL_Driver/Inc/stm32wlxx_ll_bus.h ****   *         AHB1ENR      CRCEN         LL_AHB1_GRP1_EnableClock\n
 280:Drivers/STM32WLxx_HAL_Driver/Inc/stm32wlxx_ll_bus.h ****   * @param  Periphs This parameter can be a combination of the following values:
 281:Drivers/STM32WLxx_HAL_Driver/Inc/stm32wlxx_ll_bus.h ****   *         @arg @ref LL_AHB1_GRP1_PERIPH_DMA1
 282:Drivers/STM32WLxx_HAL_Driver/Inc/stm32wlxx_ll_bus.h ****   *         @arg @ref LL_AHB1_GRP1_PERIPH_DMA2
 283:Drivers/STM32WLxx_HAL_Driver/Inc/stm32wlxx_ll_bus.h ****   *         @arg @ref LL_AHB1_GRP1_PERIPH_DMAMUX1
 284:Drivers/STM32WLxx_HAL_Driver/Inc/stm32wlxx_ll_bus.h ****   *         @arg @ref LL_AHB1_GRP1_PERIPH_CRC
 285:Drivers/STM32WLxx_HAL_Driver/Inc/stm32wlxx_ll_bus.h ****   * @retval None
 286:Drivers/STM32WLxx_HAL_Driver/Inc/stm32wlxx_ll_bus.h ****   */
 287:Drivers/STM32WLxx_HAL_Driver/Inc/stm32wlxx_ll_bus.h **** __STATIC_INLINE void LL_AHB1_GRP1_EnableClock(uint32_t Periphs)
 288:Drivers/STM32WLxx_HAL_Driver/Inc/stm32wlxx_ll_bus.h **** {
 289:Drivers/STM32WLxx_HAL_Driver/Inc/stm32wlxx_ll_bus.h ****   __IO uint32_t tmpreg;
 290:Drivers/STM32WLxx_HAL_Driver/Inc/stm32wlxx_ll_bus.h ****   SET_BIT(RCC->AHB1ENR, Periphs);
 291:Drivers/STM32WLxx_HAL_Driver/Inc/stm32wlxx_ll_bus.h ****   /* Delay after an RCC peripheral clock enabling */
 292:Drivers/STM32WLxx_HAL_Driver/Inc/stm32wlxx_ll_bus.h ****   tmpreg = READ_BIT(RCC->AHB1ENR, Periphs);
 293:Drivers/STM32WLxx_HAL_Driver/Inc/stm32wlxx_ll_bus.h ****   (void)tmpreg;
 294:Drivers/STM32WLxx_HAL_Driver/Inc/stm32wlxx_ll_bus.h **** }
 295:Drivers/STM32WLxx_HAL_Driver/Inc/stm32wlxx_ll_bus.h **** 
 296:Drivers/STM32WLxx_HAL_Driver/Inc/stm32wlxx_ll_bus.h **** /**
 297:Drivers/STM32WLxx_HAL_Driver/Inc/stm32wlxx_ll_bus.h ****   * @brief  Check if AHB1 peripheral clock is enabled or not
 298:Drivers/STM32WLxx_HAL_Driver/Inc/stm32wlxx_ll_bus.h ****   * @rmtoll AHB1ENR      DMA1EN        LL_AHB1_GRP1_IsEnabledClock\n
 299:Drivers/STM32WLxx_HAL_Driver/Inc/stm32wlxx_ll_bus.h ****   *         AHB1ENR      DMA2EN        LL_AHB1_GRP1_IsEnabledClock\n
 300:Drivers/STM32WLxx_HAL_Driver/Inc/stm32wlxx_ll_bus.h ****   *         AHB1ENR      DMAMUX1EN     LL_AHB1_GRP1_IsEnabledClock\n
 301:Drivers/STM32WLxx_HAL_Driver/Inc/stm32wlxx_ll_bus.h ****   *         AHB1ENR      CRCEN         LL_AHB1_GRP1_IsEnabledClock\n
ARM GAS  /var/folders/9y/n02fl3g16gnf7ppy14xghdy80000gn/T//ccvcTwJc.s 			page 8


 302:Drivers/STM32WLxx_HAL_Driver/Inc/stm32wlxx_ll_bus.h ****   * @param  Periphs This parameter can be a combination of the following values:
 303:Drivers/STM32WLxx_HAL_Driver/Inc/stm32wlxx_ll_bus.h ****   *         @arg @ref LL_AHB1_GRP1_PERIPH_DMA1
 304:Drivers/STM32WLxx_HAL_Driver/Inc/stm32wlxx_ll_bus.h ****   *         @arg @ref LL_AHB1_GRP1_PERIPH_DMA2
 305:Drivers/STM32WLxx_HAL_Driver/Inc/stm32wlxx_ll_bus.h ****   *         @arg @ref LL_AHB1_GRP1_PERIPH_DMAMUX1
 306:Drivers/STM32WLxx_HAL_Driver/Inc/stm32wlxx_ll_bus.h ****   *         @arg @ref LL_AHB1_GRP1_PERIPH_CRC
 307:Drivers/STM32WLxx_HAL_Driver/Inc/stm32wlxx_ll_bus.h ****   * @retval uint32_t
 308:Drivers/STM32WLxx_HAL_Driver/Inc/stm32wlxx_ll_bus.h ****   */
 309:Drivers/STM32WLxx_HAL_Driver/Inc/stm32wlxx_ll_bus.h **** __STATIC_INLINE uint32_t LL_AHB1_GRP1_IsEnabledClock(uint32_t Periphs)
 310:Drivers/STM32WLxx_HAL_Driver/Inc/stm32wlxx_ll_bus.h **** {
 311:Drivers/STM32WLxx_HAL_Driver/Inc/stm32wlxx_ll_bus.h ****   return ((READ_BIT(RCC->AHB1ENR, Periphs) == (Periphs)) ? 1UL : 0UL);
 312:Drivers/STM32WLxx_HAL_Driver/Inc/stm32wlxx_ll_bus.h **** }
 313:Drivers/STM32WLxx_HAL_Driver/Inc/stm32wlxx_ll_bus.h **** 
 314:Drivers/STM32WLxx_HAL_Driver/Inc/stm32wlxx_ll_bus.h **** /**
 315:Drivers/STM32WLxx_HAL_Driver/Inc/stm32wlxx_ll_bus.h ****   * @brief  Disable AHB1 peripherals clock.
 316:Drivers/STM32WLxx_HAL_Driver/Inc/stm32wlxx_ll_bus.h ****   * @rmtoll AHB1ENR      DMA1EN        LL_AHB1_GRP1_DisableClock\n
 317:Drivers/STM32WLxx_HAL_Driver/Inc/stm32wlxx_ll_bus.h ****   *         AHB1ENR      DMA2EN        LL_AHB1_GRP1_DisableClock\n
 318:Drivers/STM32WLxx_HAL_Driver/Inc/stm32wlxx_ll_bus.h ****   *         AHB1ENR      DMAMUX1EN     LL_AHB1_GRP1_DisableClock\n
 319:Drivers/STM32WLxx_HAL_Driver/Inc/stm32wlxx_ll_bus.h ****   *         AHB1ENR      CRCEN         LL_AHB1_GRP1_DisableClock\n
 320:Drivers/STM32WLxx_HAL_Driver/Inc/stm32wlxx_ll_bus.h ****   * @param  Periphs This parameter can be a combination of the following values:
 321:Drivers/STM32WLxx_HAL_Driver/Inc/stm32wlxx_ll_bus.h ****   *         @arg @ref LL_AHB1_GRP1_PERIPH_DMA1
 322:Drivers/STM32WLxx_HAL_Driver/Inc/stm32wlxx_ll_bus.h ****   *         @arg @ref LL_AHB1_GRP1_PERIPH_DMA2
 323:Drivers/STM32WLxx_HAL_Driver/Inc/stm32wlxx_ll_bus.h ****   *         @arg @ref LL_AHB1_GRP1_PERIPH_DMAMUX1
 324:Drivers/STM32WLxx_HAL_Driver/Inc/stm32wlxx_ll_bus.h ****   *         @arg @ref LL_AHB1_GRP1_PERIPH_CRC
 325:Drivers/STM32WLxx_HAL_Driver/Inc/stm32wlxx_ll_bus.h ****   * @retval None
 326:Drivers/STM32WLxx_HAL_Driver/Inc/stm32wlxx_ll_bus.h ****   */
 327:Drivers/STM32WLxx_HAL_Driver/Inc/stm32wlxx_ll_bus.h **** __STATIC_INLINE void LL_AHB1_GRP1_DisableClock(uint32_t Periphs)
 328:Drivers/STM32WLxx_HAL_Driver/Inc/stm32wlxx_ll_bus.h **** {
 329:Drivers/STM32WLxx_HAL_Driver/Inc/stm32wlxx_ll_bus.h ****   CLEAR_BIT(RCC->AHB1ENR, Periphs);
 330:Drivers/STM32WLxx_HAL_Driver/Inc/stm32wlxx_ll_bus.h **** }
 331:Drivers/STM32WLxx_HAL_Driver/Inc/stm32wlxx_ll_bus.h **** 
 332:Drivers/STM32WLxx_HAL_Driver/Inc/stm32wlxx_ll_bus.h **** /**
 333:Drivers/STM32WLxx_HAL_Driver/Inc/stm32wlxx_ll_bus.h ****   * @brief  Force AHB1 peripherals reset.
 334:Drivers/STM32WLxx_HAL_Driver/Inc/stm32wlxx_ll_bus.h ****   * @rmtoll AHB1RSTR     DMA1RST       LL_AHB1_GRP1_ForceReset\n
 335:Drivers/STM32WLxx_HAL_Driver/Inc/stm32wlxx_ll_bus.h ****   *         AHB1RSTR     DMA2RST       LL_AHB1_GRP1_ForceReset\n
 336:Drivers/STM32WLxx_HAL_Driver/Inc/stm32wlxx_ll_bus.h ****   *         AHB1RSTR     DMAMUX1RST    LL_AHB1_GRP1_ForceReset\n
 337:Drivers/STM32WLxx_HAL_Driver/Inc/stm32wlxx_ll_bus.h ****   *         AHB1RSTR     CRCRST        LL_AHB1_GRP1_ForceReset\n
 338:Drivers/STM32WLxx_HAL_Driver/Inc/stm32wlxx_ll_bus.h ****   * @param  Periphs This parameter can be a combination of the following values:
 339:Drivers/STM32WLxx_HAL_Driver/Inc/stm32wlxx_ll_bus.h ****   *         @arg @ref LL_AHB1_GRP1_PERIPH_ALL
 340:Drivers/STM32WLxx_HAL_Driver/Inc/stm32wlxx_ll_bus.h ****   *         @arg @ref LL_AHB1_GRP1_PERIPH_DMA1
 341:Drivers/STM32WLxx_HAL_Driver/Inc/stm32wlxx_ll_bus.h ****   *         @arg @ref LL_AHB1_GRP1_PERIPH_DMA2
 342:Drivers/STM32WLxx_HAL_Driver/Inc/stm32wlxx_ll_bus.h ****   *         @arg @ref LL_AHB1_GRP1_PERIPH_DMAMUX1
 343:Drivers/STM32WLxx_HAL_Driver/Inc/stm32wlxx_ll_bus.h ****   *         @arg @ref LL_AHB1_GRP1_PERIPH_CRC
 344:Drivers/STM32WLxx_HAL_Driver/Inc/stm32wlxx_ll_bus.h ****   * @retval None
 345:Drivers/STM32WLxx_HAL_Driver/Inc/stm32wlxx_ll_bus.h ****   */
 346:Drivers/STM32WLxx_HAL_Driver/Inc/stm32wlxx_ll_bus.h **** __STATIC_INLINE void LL_AHB1_GRP1_ForceReset(uint32_t Periphs)
 347:Drivers/STM32WLxx_HAL_Driver/Inc/stm32wlxx_ll_bus.h **** {
 348:Drivers/STM32WLxx_HAL_Driver/Inc/stm32wlxx_ll_bus.h ****   SET_BIT(RCC->AHB1RSTR, Periphs);
 349:Drivers/STM32WLxx_HAL_Driver/Inc/stm32wlxx_ll_bus.h **** }
 350:Drivers/STM32WLxx_HAL_Driver/Inc/stm32wlxx_ll_bus.h **** 
 351:Drivers/STM32WLxx_HAL_Driver/Inc/stm32wlxx_ll_bus.h **** /**
 352:Drivers/STM32WLxx_HAL_Driver/Inc/stm32wlxx_ll_bus.h ****   * @brief  Release AHB1 peripherals reset.
 353:Drivers/STM32WLxx_HAL_Driver/Inc/stm32wlxx_ll_bus.h ****   * @rmtoll AHB1RSTR     DMA1RST       LL_AHB1_GRP1_ReleaseReset\n
 354:Drivers/STM32WLxx_HAL_Driver/Inc/stm32wlxx_ll_bus.h ****   *         AHB1RSTR     DMA2RST       LL_AHB1_GRP1_ReleaseReset\n
 355:Drivers/STM32WLxx_HAL_Driver/Inc/stm32wlxx_ll_bus.h ****   *         AHB1RSTR     DMAMUX1RST     LL_AHB1_GRP1_ReleaseReset\n
 356:Drivers/STM32WLxx_HAL_Driver/Inc/stm32wlxx_ll_bus.h ****   *         AHB1RSTR     CRCRST        LL_AHB1_GRP1_ReleaseReset\n
 357:Drivers/STM32WLxx_HAL_Driver/Inc/stm32wlxx_ll_bus.h ****   * @param  Periphs This parameter can be a combination of the following values:
 358:Drivers/STM32WLxx_HAL_Driver/Inc/stm32wlxx_ll_bus.h ****   *         @arg @ref LL_AHB1_GRP1_PERIPH_ALL
ARM GAS  /var/folders/9y/n02fl3g16gnf7ppy14xghdy80000gn/T//ccvcTwJc.s 			page 9


 359:Drivers/STM32WLxx_HAL_Driver/Inc/stm32wlxx_ll_bus.h ****   *         @arg @ref LL_AHB1_GRP1_PERIPH_DMA1
 360:Drivers/STM32WLxx_HAL_Driver/Inc/stm32wlxx_ll_bus.h ****   *         @arg @ref LL_AHB1_GRP1_PERIPH_DMA2
 361:Drivers/STM32WLxx_HAL_Driver/Inc/stm32wlxx_ll_bus.h ****   *         @arg @ref LL_AHB1_GRP1_PERIPH_DMAMUX1
 362:Drivers/STM32WLxx_HAL_Driver/Inc/stm32wlxx_ll_bus.h ****   *         @arg @ref LL_AHB1_GRP1_PERIPH_CRC
 363:Drivers/STM32WLxx_HAL_Driver/Inc/stm32wlxx_ll_bus.h ****   * @retval None
 364:Drivers/STM32WLxx_HAL_Driver/Inc/stm32wlxx_ll_bus.h ****   */
 365:Drivers/STM32WLxx_HAL_Driver/Inc/stm32wlxx_ll_bus.h **** __STATIC_INLINE void LL_AHB1_GRP1_ReleaseReset(uint32_t Periphs)
 366:Drivers/STM32WLxx_HAL_Driver/Inc/stm32wlxx_ll_bus.h **** {
 367:Drivers/STM32WLxx_HAL_Driver/Inc/stm32wlxx_ll_bus.h ****   CLEAR_BIT(RCC->AHB1RSTR, Periphs);
 368:Drivers/STM32WLxx_HAL_Driver/Inc/stm32wlxx_ll_bus.h **** }
 369:Drivers/STM32WLxx_HAL_Driver/Inc/stm32wlxx_ll_bus.h **** 
 370:Drivers/STM32WLxx_HAL_Driver/Inc/stm32wlxx_ll_bus.h **** /**
 371:Drivers/STM32WLxx_HAL_Driver/Inc/stm32wlxx_ll_bus.h ****   * @brief  Enable AHB1 peripherals clock during Low Power (Sleep) mode.
 372:Drivers/STM32WLxx_HAL_Driver/Inc/stm32wlxx_ll_bus.h ****   * @rmtoll AHB1SMENR    DMA1SMEN      LL_AHB1_GRP1_EnableClockSleep\n
 373:Drivers/STM32WLxx_HAL_Driver/Inc/stm32wlxx_ll_bus.h ****   *         AHB1SMENR    DMA2SMEN      LL_AHB1_GRP1_EnableClockSleep\n
 374:Drivers/STM32WLxx_HAL_Driver/Inc/stm32wlxx_ll_bus.h ****   *         AHB1SMENR    DMAMUX1SMEN   LL_AHB1_GRP1_EnableClockSleep\n
 375:Drivers/STM32WLxx_HAL_Driver/Inc/stm32wlxx_ll_bus.h ****   *         AHB1SMENR    CRCSMEN       LL_AHB1_GRP1_EnableClockSleep\n
 376:Drivers/STM32WLxx_HAL_Driver/Inc/stm32wlxx_ll_bus.h ****   * @param  Periphs This parameter can be a combination of the following values:
 377:Drivers/STM32WLxx_HAL_Driver/Inc/stm32wlxx_ll_bus.h ****   *         @arg @ref LL_AHB1_GRP1_PERIPH_DMA1
 378:Drivers/STM32WLxx_HAL_Driver/Inc/stm32wlxx_ll_bus.h ****   *         @arg @ref LL_AHB1_GRP1_PERIPH_DMA2
 379:Drivers/STM32WLxx_HAL_Driver/Inc/stm32wlxx_ll_bus.h ****   *         @arg @ref LL_AHB1_GRP1_PERIPH_DMAMUX1
 380:Drivers/STM32WLxx_HAL_Driver/Inc/stm32wlxx_ll_bus.h ****   *         @arg @ref LL_AHB1_GRP1_PERIPH_CRC
 381:Drivers/STM32WLxx_HAL_Driver/Inc/stm32wlxx_ll_bus.h ****   * @retval None
 382:Drivers/STM32WLxx_HAL_Driver/Inc/stm32wlxx_ll_bus.h ****   */
 383:Drivers/STM32WLxx_HAL_Driver/Inc/stm32wlxx_ll_bus.h **** __STATIC_INLINE void LL_AHB1_GRP1_EnableClockSleep(uint32_t Periphs)
 384:Drivers/STM32WLxx_HAL_Driver/Inc/stm32wlxx_ll_bus.h **** {
 385:Drivers/STM32WLxx_HAL_Driver/Inc/stm32wlxx_ll_bus.h ****   __IO uint32_t tmpreg;
 386:Drivers/STM32WLxx_HAL_Driver/Inc/stm32wlxx_ll_bus.h ****   SET_BIT(RCC->AHB1SMENR, Periphs);
 387:Drivers/STM32WLxx_HAL_Driver/Inc/stm32wlxx_ll_bus.h ****   /* Delay after an RCC peripheral clock enabling */
 388:Drivers/STM32WLxx_HAL_Driver/Inc/stm32wlxx_ll_bus.h ****   tmpreg = READ_BIT(RCC->AHB1SMENR, Periphs);
 389:Drivers/STM32WLxx_HAL_Driver/Inc/stm32wlxx_ll_bus.h ****   (void)tmpreg;
 390:Drivers/STM32WLxx_HAL_Driver/Inc/stm32wlxx_ll_bus.h **** }
 391:Drivers/STM32WLxx_HAL_Driver/Inc/stm32wlxx_ll_bus.h **** 
 392:Drivers/STM32WLxx_HAL_Driver/Inc/stm32wlxx_ll_bus.h **** /**
 393:Drivers/STM32WLxx_HAL_Driver/Inc/stm32wlxx_ll_bus.h ****   * @brief  Check if AHB1 peripheral clock is enabled by the clock gating during CPU1 CSleep mode
 394:Drivers/STM32WLxx_HAL_Driver/Inc/stm32wlxx_ll_bus.h ****   * @rmtoll AHB1SMENR    DMA1SMEN      LL_AHB1_GRP1_IsEnabledClockSleep\n
 395:Drivers/STM32WLxx_HAL_Driver/Inc/stm32wlxx_ll_bus.h ****   *         AHB1SMENR    DMA2SMEN      LL_AHB1_GRP1_IsEnabledClockSleep\n
 396:Drivers/STM32WLxx_HAL_Driver/Inc/stm32wlxx_ll_bus.h ****   *         AHB1SMENR    DMAMUX1SMEN   LL_AHB1_GRP1_IsEnabledClockSleep\n
 397:Drivers/STM32WLxx_HAL_Driver/Inc/stm32wlxx_ll_bus.h ****   *         AHB1SMENR    CRCSMEN       LL_AHB1_GRP1_IsEnabledClockSleep
 398:Drivers/STM32WLxx_HAL_Driver/Inc/stm32wlxx_ll_bus.h ****   * @param  Periphs This parameter can be a combination of the following values:
 399:Drivers/STM32WLxx_HAL_Driver/Inc/stm32wlxx_ll_bus.h ****   *         @arg @ref LL_AHB1_GRP1_PERIPH_DMA1
 400:Drivers/STM32WLxx_HAL_Driver/Inc/stm32wlxx_ll_bus.h ****   *         @arg @ref LL_AHB1_GRP1_PERIPH_DMA2
 401:Drivers/STM32WLxx_HAL_Driver/Inc/stm32wlxx_ll_bus.h ****   *         @arg @ref LL_AHB1_GRP1_PERIPH_DMAMUX1
 402:Drivers/STM32WLxx_HAL_Driver/Inc/stm32wlxx_ll_bus.h ****   *         @arg @ref LL_AHB1_GRP1_PERIPH_CRC
 403:Drivers/STM32WLxx_HAL_Driver/Inc/stm32wlxx_ll_bus.h ****   * @retval uint32_t
 404:Drivers/STM32WLxx_HAL_Driver/Inc/stm32wlxx_ll_bus.h ****   */
 405:Drivers/STM32WLxx_HAL_Driver/Inc/stm32wlxx_ll_bus.h **** __STATIC_INLINE uint32_t LL_AHB1_GRP1_IsEnabledClockSleep(uint32_t Periphs)
 406:Drivers/STM32WLxx_HAL_Driver/Inc/stm32wlxx_ll_bus.h **** {
 407:Drivers/STM32WLxx_HAL_Driver/Inc/stm32wlxx_ll_bus.h ****   return ((READ_BIT(RCC->AHB1SMENR, Periphs) == (Periphs)) ? 1UL : 0UL);
 408:Drivers/STM32WLxx_HAL_Driver/Inc/stm32wlxx_ll_bus.h **** }
 409:Drivers/STM32WLxx_HAL_Driver/Inc/stm32wlxx_ll_bus.h **** 
 410:Drivers/STM32WLxx_HAL_Driver/Inc/stm32wlxx_ll_bus.h **** /**
 411:Drivers/STM32WLxx_HAL_Driver/Inc/stm32wlxx_ll_bus.h ****   * @brief  Disable AHB1 peripherals clock during Low Power (Sleep) mode.
 412:Drivers/STM32WLxx_HAL_Driver/Inc/stm32wlxx_ll_bus.h ****   * @rmtoll AHB1SMENR    DMA1SMEN      LL_AHB1_GRP1_DisableClockSleep\n
 413:Drivers/STM32WLxx_HAL_Driver/Inc/stm32wlxx_ll_bus.h ****   *         AHB1SMENR    DMA2SMEN      LL_AHB1_GRP1_DisableClockSleep\n
 414:Drivers/STM32WLxx_HAL_Driver/Inc/stm32wlxx_ll_bus.h ****   *         AHB1SMENR    DMAMUX1SMEN   LL_AHB1_GRP1_DisableClockSleep\n
 415:Drivers/STM32WLxx_HAL_Driver/Inc/stm32wlxx_ll_bus.h ****   *         AHB1SMENR    CRCSMEN       LL_AHB1_GRP1_DisableClockSleep\n
ARM GAS  /var/folders/9y/n02fl3g16gnf7ppy14xghdy80000gn/T//ccvcTwJc.s 			page 10


 416:Drivers/STM32WLxx_HAL_Driver/Inc/stm32wlxx_ll_bus.h ****   * @param  Periphs This parameter can be a combination of the following values:
 417:Drivers/STM32WLxx_HAL_Driver/Inc/stm32wlxx_ll_bus.h ****   *         @arg @ref LL_AHB1_GRP1_PERIPH_DMA1
 418:Drivers/STM32WLxx_HAL_Driver/Inc/stm32wlxx_ll_bus.h ****   *         @arg @ref LL_AHB1_GRP1_PERIPH_DMA2
 419:Drivers/STM32WLxx_HAL_Driver/Inc/stm32wlxx_ll_bus.h ****   *         @arg @ref LL_AHB1_GRP1_PERIPH_DMAMUX1
 420:Drivers/STM32WLxx_HAL_Driver/Inc/stm32wlxx_ll_bus.h ****   *         @arg @ref LL_AHB1_GRP1_PERIPH_CRC
 421:Drivers/STM32WLxx_HAL_Driver/Inc/stm32wlxx_ll_bus.h ****   * @retval None
 422:Drivers/STM32WLxx_HAL_Driver/Inc/stm32wlxx_ll_bus.h ****   */
 423:Drivers/STM32WLxx_HAL_Driver/Inc/stm32wlxx_ll_bus.h **** __STATIC_INLINE void LL_AHB1_GRP1_DisableClockSleep(uint32_t Periphs)
 424:Drivers/STM32WLxx_HAL_Driver/Inc/stm32wlxx_ll_bus.h **** {
 425:Drivers/STM32WLxx_HAL_Driver/Inc/stm32wlxx_ll_bus.h ****   CLEAR_BIT(RCC->AHB1SMENR, Periphs);
 426:Drivers/STM32WLxx_HAL_Driver/Inc/stm32wlxx_ll_bus.h **** }
 427:Drivers/STM32WLxx_HAL_Driver/Inc/stm32wlxx_ll_bus.h **** 
 428:Drivers/STM32WLxx_HAL_Driver/Inc/stm32wlxx_ll_bus.h **** /**
 429:Drivers/STM32WLxx_HAL_Driver/Inc/stm32wlxx_ll_bus.h ****   * @}
 430:Drivers/STM32WLxx_HAL_Driver/Inc/stm32wlxx_ll_bus.h ****   */
 431:Drivers/STM32WLxx_HAL_Driver/Inc/stm32wlxx_ll_bus.h **** 
 432:Drivers/STM32WLxx_HAL_Driver/Inc/stm32wlxx_ll_bus.h **** /** @defgroup BUS_LL_EF_AHB2 AHB2
 433:Drivers/STM32WLxx_HAL_Driver/Inc/stm32wlxx_ll_bus.h ****   * @{
 434:Drivers/STM32WLxx_HAL_Driver/Inc/stm32wlxx_ll_bus.h ****   */
 435:Drivers/STM32WLxx_HAL_Driver/Inc/stm32wlxx_ll_bus.h **** 
 436:Drivers/STM32WLxx_HAL_Driver/Inc/stm32wlxx_ll_bus.h **** /**
 437:Drivers/STM32WLxx_HAL_Driver/Inc/stm32wlxx_ll_bus.h ****   * @brief  Enable AHB2 peripherals clock.
 438:Drivers/STM32WLxx_HAL_Driver/Inc/stm32wlxx_ll_bus.h ****   * @rmtoll AHB2ENR      GPIOAEN       LL_AHB2_GRP1_EnableClock\n
 439:Drivers/STM32WLxx_HAL_Driver/Inc/stm32wlxx_ll_bus.h ****   *         AHB2ENR      GPIOBEN       LL_AHB2_GRP1_EnableClock\n
 440:Drivers/STM32WLxx_HAL_Driver/Inc/stm32wlxx_ll_bus.h ****   *         AHB2ENR      GPIOCEN       LL_AHB2_GRP1_EnableClock\n
 441:Drivers/STM32WLxx_HAL_Driver/Inc/stm32wlxx_ll_bus.h ****   *         AHB2ENR      GPIOHEN       LL_AHB2_GRP1_EnableClock\n
 442:Drivers/STM32WLxx_HAL_Driver/Inc/stm32wlxx_ll_bus.h ****   * @param  Periphs This parameter can be a combination of the following values:
 443:Drivers/STM32WLxx_HAL_Driver/Inc/stm32wlxx_ll_bus.h ****   *         @arg @ref LL_AHB2_GRP1_PERIPH_GPIOA
 444:Drivers/STM32WLxx_HAL_Driver/Inc/stm32wlxx_ll_bus.h ****   *         @arg @ref LL_AHB2_GRP1_PERIPH_GPIOB
 445:Drivers/STM32WLxx_HAL_Driver/Inc/stm32wlxx_ll_bus.h ****   *         @arg @ref LL_AHB2_GRP1_PERIPH_GPIOC
 446:Drivers/STM32WLxx_HAL_Driver/Inc/stm32wlxx_ll_bus.h ****   *         @arg @ref LL_AHB2_GRP1_PERIPH_GPIOH
 447:Drivers/STM32WLxx_HAL_Driver/Inc/stm32wlxx_ll_bus.h ****   * @retval None
 448:Drivers/STM32WLxx_HAL_Driver/Inc/stm32wlxx_ll_bus.h ****   */
 449:Drivers/STM32WLxx_HAL_Driver/Inc/stm32wlxx_ll_bus.h **** __STATIC_INLINE void LL_AHB2_GRP1_EnableClock(uint32_t Periphs)
  52              		.loc 2 449 22 view .LVU4
  53              	.LBB7:
 450:Drivers/STM32WLxx_HAL_Driver/Inc/stm32wlxx_ll_bus.h **** {
 451:Drivers/STM32WLxx_HAL_Driver/Inc/stm32wlxx_ll_bus.h ****   __IO uint32_t tmpreg;
  54              		.loc 2 451 3 view .LVU5
 452:Drivers/STM32WLxx_HAL_Driver/Inc/stm32wlxx_ll_bus.h ****   SET_BIT(RCC->AHB2ENR, Periphs);
  55              		.loc 2 452 3 view .LVU6
  56 0010 4FF0B043 		mov	r3, #1476395008
  57 0014 DA6C     		ldr	r2, [r3, #76]
  58 0016 42F00102 		orr	r2, r2, #1
  59 001a DA64     		str	r2, [r3, #76]
 453:Drivers/STM32WLxx_HAL_Driver/Inc/stm32wlxx_ll_bus.h ****   /* Delay after an RCC peripheral clock enabling */
 454:Drivers/STM32WLxx_HAL_Driver/Inc/stm32wlxx_ll_bus.h ****   tmpreg = READ_BIT(RCC->AHB2ENR, Periphs);
  60              		.loc 2 454 3 view .LVU7
  61              		.loc 2 454 12 is_stmt 0 view .LVU8
  62 001c DA6C     		ldr	r2, [r3, #76]
  63 001e 02F00102 		and	r2, r2, #1
  64              		.loc 2 454 10 view .LVU9
  65 0022 0292     		str	r2, [sp, #8]
 455:Drivers/STM32WLxx_HAL_Driver/Inc/stm32wlxx_ll_bus.h ****   (void)tmpreg;
  66              		.loc 2 455 3 is_stmt 1 view .LVU10
  67 0024 029A     		ldr	r2, [sp, #8]
  68              	.LVL1:
ARM GAS  /var/folders/9y/n02fl3g16gnf7ppy14xghdy80000gn/T//ccvcTwJc.s 			page 11


  69              		.loc 2 455 3 is_stmt 0 view .LVU11
  70              	.LBE7:
  71              	.LBE6:
  49:Core/Src/gpio.c ****   __HAL_RCC_GPIOB_CLK_ENABLE();
  72              		.loc 1 49 3 is_stmt 1 view .LVU12
  73              	.LBB8:
  74              	.LBI8:
 449:Drivers/STM32WLxx_HAL_Driver/Inc/stm32wlxx_ll_bus.h **** {
  75              		.loc 2 449 22 view .LVU13
  76              	.LBB9:
 451:Drivers/STM32WLxx_HAL_Driver/Inc/stm32wlxx_ll_bus.h ****   SET_BIT(RCC->AHB2ENR, Periphs);
  77              		.loc 2 451 3 view .LVU14
 452:Drivers/STM32WLxx_HAL_Driver/Inc/stm32wlxx_ll_bus.h ****   /* Delay after an RCC peripheral clock enabling */
  78              		.loc 2 452 3 view .LVU15
  79 0026 DA6C     		ldr	r2, [r3, #76]
  80 0028 42F00202 		orr	r2, r2, #2
  81 002c DA64     		str	r2, [r3, #76]
 454:Drivers/STM32WLxx_HAL_Driver/Inc/stm32wlxx_ll_bus.h ****   (void)tmpreg;
  82              		.loc 2 454 3 view .LVU16
 454:Drivers/STM32WLxx_HAL_Driver/Inc/stm32wlxx_ll_bus.h ****   (void)tmpreg;
  83              		.loc 2 454 12 is_stmt 0 view .LVU17
  84 002e DB6C     		ldr	r3, [r3, #76]
  85 0030 03F00203 		and	r3, r3, #2
 454:Drivers/STM32WLxx_HAL_Driver/Inc/stm32wlxx_ll_bus.h ****   (void)tmpreg;
  86              		.loc 2 454 10 view .LVU18
  87 0034 0193     		str	r3, [sp, #4]
  88              		.loc 2 455 3 is_stmt 1 view .LVU19
  89 0036 019B     		ldr	r3, [sp, #4]
  90              	.LVL2:
  91              		.loc 2 455 3 is_stmt 0 view .LVU20
  92              	.LBE9:
  93              	.LBE8:
  50:Core/Src/gpio.c **** 
  51:Core/Src/gpio.c ****   /*Configure GPIO pin Output Level */
  52:Core/Src/gpio.c ****   HAL_GPIO_WritePin(GPIOB, LED_Pin|PROBE4_Pin, GPIO_PIN_RESET);
  94              		.loc 1 52 3 is_stmt 1 view .LVU21
  95 0038 124E     		ldr	r6, .L3
  96 003a 2246     		mov	r2, r4
  97 003c 4FF48461 		mov	r1, #1056
  98 0040 3046     		mov	r0, r6
  99 0042 FFF7FEFF 		bl	HAL_GPIO_WritePin
 100              	.LVL3:
  53:Core/Src/gpio.c **** 
  54:Core/Src/gpio.c ****   /*Configure GPIO pin Output Level */
  55:Core/Src/gpio.c ****   HAL_GPIO_WritePin(GPIOA, PROBE3_Pin|PROBE2_Pin|PROBE1_Pin, GPIO_PIN_RESET);
 101              		.loc 1 55 3 view .LVU22
 102 0046 2246     		mov	r2, r4
 103 0048 4FF40371 		mov	r1, #524
 104 004c 4FF09040 		mov	r0, #1207959552
 105 0050 FFF7FEFF 		bl	HAL_GPIO_WritePin
 106              	.LVL4:
  56:Core/Src/gpio.c **** 
  57:Core/Src/gpio.c ****   /*Configure GPIO pins : PBPin PBPin */
  58:Core/Src/gpio.c ****   GPIO_InitStruct.Pin = LED_Pin|PROBE4_Pin;
 107              		.loc 1 58 3 view .LVU23
 108              		.loc 1 58 23 is_stmt 0 view .LVU24
 109 0054 4FF48463 		mov	r3, #1056
ARM GAS  /var/folders/9y/n02fl3g16gnf7ppy14xghdy80000gn/T//ccvcTwJc.s 			page 12


 110 0058 0393     		str	r3, [sp, #12]
  59:Core/Src/gpio.c ****   GPIO_InitStruct.Mode = GPIO_MODE_OUTPUT_PP;
 111              		.loc 1 59 3 is_stmt 1 view .LVU25
 112              		.loc 1 59 24 is_stmt 0 view .LVU26
 113 005a 0125     		movs	r5, #1
 114 005c 0495     		str	r5, [sp, #16]
  60:Core/Src/gpio.c ****   GPIO_InitStruct.Pull = GPIO_NOPULL;
 115              		.loc 1 60 3 is_stmt 1 view .LVU27
 116              		.loc 1 60 24 is_stmt 0 view .LVU28
 117 005e 0594     		str	r4, [sp, #20]
  61:Core/Src/gpio.c ****   GPIO_InitStruct.Speed = GPIO_SPEED_FREQ_LOW;
 118              		.loc 1 61 3 is_stmt 1 view .LVU29
 119              		.loc 1 61 25 is_stmt 0 view .LVU30
 120 0060 0694     		str	r4, [sp, #24]
  62:Core/Src/gpio.c ****   HAL_GPIO_Init(GPIOB, &GPIO_InitStruct);
 121              		.loc 1 62 3 is_stmt 1 view .LVU31
 122 0062 03A9     		add	r1, sp, #12
 123 0064 3046     		mov	r0, r6
 124 0066 FFF7FEFF 		bl	HAL_GPIO_Init
 125              	.LVL5:
  63:Core/Src/gpio.c **** 
  64:Core/Src/gpio.c ****   /*Configure GPIO pins : PAPin PAPin PAPin */
  65:Core/Src/gpio.c ****   GPIO_InitStruct.Pin = PROBE3_Pin|PROBE2_Pin|PROBE1_Pin;
 126              		.loc 1 65 3 view .LVU32
 127              		.loc 1 65 23 is_stmt 0 view .LVU33
 128 006a 4FF40373 		mov	r3, #524
 129 006e 0393     		str	r3, [sp, #12]
  66:Core/Src/gpio.c ****   GPIO_InitStruct.Mode = GPIO_MODE_OUTPUT_PP;
 130              		.loc 1 66 3 is_stmt 1 view .LVU34
 131              		.loc 1 66 24 is_stmt 0 view .LVU35
 132 0070 0495     		str	r5, [sp, #16]
  67:Core/Src/gpio.c ****   GPIO_InitStruct.Pull = GPIO_NOPULL;
 133              		.loc 1 67 3 is_stmt 1 view .LVU36
 134              		.loc 1 67 24 is_stmt 0 view .LVU37
 135 0072 0594     		str	r4, [sp, #20]
  68:Core/Src/gpio.c ****   GPIO_InitStruct.Speed = GPIO_SPEED_FREQ_LOW;
 136              		.loc 1 68 3 is_stmt 1 view .LVU38
 137              		.loc 1 68 25 is_stmt 0 view .LVU39
 138 0074 0694     		str	r4, [sp, #24]
  69:Core/Src/gpio.c ****   HAL_GPIO_Init(GPIOA, &GPIO_InitStruct);
 139              		.loc 1 69 3 is_stmt 1 view .LVU40
 140 0076 03A9     		add	r1, sp, #12
 141 0078 4FF09040 		mov	r0, #1207959552
 142 007c FFF7FEFF 		bl	HAL_GPIO_Init
 143              	.LVL6:
  70:Core/Src/gpio.c **** 
  71:Core/Src/gpio.c **** }
 144              		.loc 1 71 1 is_stmt 0 view .LVU41
 145 0080 08B0     		add	sp, sp, #32
 146              		.cfi_def_cfa_offset 16
 147              		@ sp needed
 148 0082 70BD     		pop	{r4, r5, r6, pc}
 149              	.L4:
 150              		.align	2
 151              	.L3:
 152 0084 00040048 		.word	1207960576
 153              		.cfi_endproc
ARM GAS  /var/folders/9y/n02fl3g16gnf7ppy14xghdy80000gn/T//ccvcTwJc.s 			page 13


 154              	.LFE1163:
 156              		.text
 157              	.Letext0:
 158              		.file 3 "/opt/homebrew/Cellar/arm-none-eabi-gcc/10.3-2021.07/gcc/arm-none-eabi/include/machine/_de
 159              		.file 4 "/opt/homebrew/Cellar/arm-none-eabi-gcc/10.3-2021.07/gcc/arm-none-eabi/include/sys/_stdint
 160              		.file 5 "Drivers/CMSIS/Device/ST/STM32WLxx/Include/stm32wle5xx.h"
 161              		.file 6 "Drivers/STM32WLxx_HAL_Driver/Inc/stm32wlxx_hal_gpio.h"
 162              		.file 7 "Drivers/STM32WLxx_HAL_Driver/Inc/stm32wlxx_ll_dma.h"
ARM GAS  /var/folders/9y/n02fl3g16gnf7ppy14xghdy80000gn/T//ccvcTwJc.s 			page 14


DEFINED SYMBOLS
                            *ABS*:0000000000000000 gpio.c
/var/folders/9y/n02fl3g16gnf7ppy14xghdy80000gn/T//ccvcTwJc.s:16     .text.MX_GPIO_Init:0000000000000000 $t
/var/folders/9y/n02fl3g16gnf7ppy14xghdy80000gn/T//ccvcTwJc.s:24     .text.MX_GPIO_Init:0000000000000000 MX_GPIO_Init
/var/folders/9y/n02fl3g16gnf7ppy14xghdy80000gn/T//ccvcTwJc.s:152    .text.MX_GPIO_Init:0000000000000084 $d

UNDEFINED SYMBOLS
HAL_GPIO_WritePin
HAL_GPIO_Init
