ARM GAS  /var/folders/9y/n02fl3g16gnf7ppy14xghdy80000gn/T//cciHnUlv.s 			page 1


   1              		.cpu cortex-m4
   2              		.eabi_attribute 20, 1
   3              		.eabi_attribute 21, 1
   4              		.eabi_attribute 23, 3
   5              		.eabi_attribute 24, 1
   6              		.eabi_attribute 25, 1
   7              		.eabi_attribute 26, 1
   8              		.eabi_attribute 30, 1
   9              		.eabi_attribute 34, 1
  10              		.eabi_attribute 18, 4
  11              		.file	"stm32wlxx_hal_dma_ex.c"
  12              		.text
  13              	.Ltext0:
  14              		.cfi_sections	.debug_frame
  15              		.section	.text.HAL_DMAEx_ConfigMuxSync,"ax",%progbits
  16              		.align	1
  17              		.global	HAL_DMAEx_ConfigMuxSync
  18              		.arch armv7e-m
  19              		.syntax unified
  20              		.thumb
  21              		.thumb_func
  22              		.fpu softvfp
  24              	HAL_DMAEx_ConfigMuxSync:
  25              	.LVL0:
  26              	.LFB844:
  27              		.file 1 "Drivers/STM32WLxx_HAL_Driver/Src/stm32wlxx_hal_dma_ex.c"
   1:Drivers/STM32WLxx_HAL_Driver/Src/stm32wlxx_hal_dma_ex.c **** /**
   2:Drivers/STM32WLxx_HAL_Driver/Src/stm32wlxx_hal_dma_ex.c ****   ******************************************************************************
   3:Drivers/STM32WLxx_HAL_Driver/Src/stm32wlxx_hal_dma_ex.c ****   * @file    stm32wlxx_hal_dma_ex.c
   4:Drivers/STM32WLxx_HAL_Driver/Src/stm32wlxx_hal_dma_ex.c ****   * @author  MCD Application Team
   5:Drivers/STM32WLxx_HAL_Driver/Src/stm32wlxx_hal_dma_ex.c ****   * @brief   DMA Extension HAL module driver
   6:Drivers/STM32WLxx_HAL_Driver/Src/stm32wlxx_hal_dma_ex.c ****   *         This file provides firmware functions to manage the following
   7:Drivers/STM32WLxx_HAL_Driver/Src/stm32wlxx_hal_dma_ex.c ****   *         functionalities of the DMA Extension peripheral:
   8:Drivers/STM32WLxx_HAL_Driver/Src/stm32wlxx_hal_dma_ex.c ****   *           + Extended features functions
   9:Drivers/STM32WLxx_HAL_Driver/Src/stm32wlxx_hal_dma_ex.c ****   *
  10:Drivers/STM32WLxx_HAL_Driver/Src/stm32wlxx_hal_dma_ex.c ****   ******************************************************************************
  11:Drivers/STM32WLxx_HAL_Driver/Src/stm32wlxx_hal_dma_ex.c ****   * @attention
  12:Drivers/STM32WLxx_HAL_Driver/Src/stm32wlxx_hal_dma_ex.c ****   *
  13:Drivers/STM32WLxx_HAL_Driver/Src/stm32wlxx_hal_dma_ex.c ****   * Copyright (c) 2020 STMicroelectronics.
  14:Drivers/STM32WLxx_HAL_Driver/Src/stm32wlxx_hal_dma_ex.c ****   * All rights reserved.
  15:Drivers/STM32WLxx_HAL_Driver/Src/stm32wlxx_hal_dma_ex.c ****   *
  16:Drivers/STM32WLxx_HAL_Driver/Src/stm32wlxx_hal_dma_ex.c ****   * This software is licensed under terms that can be found in the LICENSE file
  17:Drivers/STM32WLxx_HAL_Driver/Src/stm32wlxx_hal_dma_ex.c ****   * in the root directory of this software component.
  18:Drivers/STM32WLxx_HAL_Driver/Src/stm32wlxx_hal_dma_ex.c ****   * If no LICENSE file comes with this software, it is provided AS-IS.
  19:Drivers/STM32WLxx_HAL_Driver/Src/stm32wlxx_hal_dma_ex.c ****   *
  20:Drivers/STM32WLxx_HAL_Driver/Src/stm32wlxx_hal_dma_ex.c ****   ******************************************************************************
  21:Drivers/STM32WLxx_HAL_Driver/Src/stm32wlxx_hal_dma_ex.c ****   @verbatim
  22:Drivers/STM32WLxx_HAL_Driver/Src/stm32wlxx_hal_dma_ex.c ****   ==============================================================================
  23:Drivers/STM32WLxx_HAL_Driver/Src/stm32wlxx_hal_dma_ex.c ****                         ##### How to use this driver #####
  24:Drivers/STM32WLxx_HAL_Driver/Src/stm32wlxx_hal_dma_ex.c ****   ==============================================================================
  25:Drivers/STM32WLxx_HAL_Driver/Src/stm32wlxx_hal_dma_ex.c ****   [..]
  26:Drivers/STM32WLxx_HAL_Driver/Src/stm32wlxx_hal_dma_ex.c ****   The DMA Extension HAL driver can be used as follows:
  27:Drivers/STM32WLxx_HAL_Driver/Src/stm32wlxx_hal_dma_ex.c ****    (+) Configure the DMAMUX Synchronization Block using HAL_DMAEx_ConfigMuxSync function.
  28:Drivers/STM32WLxx_HAL_Driver/Src/stm32wlxx_hal_dma_ex.c ****    (+) Configure the DMAMUX Request Generator Block using HAL_DMAEx_ConfigMuxRequestGenerator funct
  29:Drivers/STM32WLxx_HAL_Driver/Src/stm32wlxx_hal_dma_ex.c ****        Functions HAL_DMAEx_EnableMuxRequestGenerator and HAL_DMAEx_DisableMuxRequestGenerator can t
  30:Drivers/STM32WLxx_HAL_Driver/Src/stm32wlxx_hal_dma_ex.c ****        to respectively enable/disable the request generator.
  31:Drivers/STM32WLxx_HAL_Driver/Src/stm32wlxx_hal_dma_ex.c **** 
ARM GAS  /var/folders/9y/n02fl3g16gnf7ppy14xghdy80000gn/T//cciHnUlv.s 			page 2


  32:Drivers/STM32WLxx_HAL_Driver/Src/stm32wlxx_hal_dma_ex.c ****    (+) To handle the DMAMUX Interrupts, the function  HAL_DMAEx_MUX_IRQHandler should be called fro
  33:Drivers/STM32WLxx_HAL_Driver/Src/stm32wlxx_hal_dma_ex.c ****        the DMAMUX IRQ handler i.e DMAMUX1_OVR_IRQHandler.
  34:Drivers/STM32WLxx_HAL_Driver/Src/stm32wlxx_hal_dma_ex.c ****        As only one interrupt line is available for all DMAMUX channels and request generators , HAL
  35:Drivers/STM32WLxx_HAL_Driver/Src/stm32wlxx_hal_dma_ex.c ****        called with, as parameter, the appropriate DMA handle as many as used DMAs in the user proje
  36:Drivers/STM32WLxx_HAL_Driver/Src/stm32wlxx_hal_dma_ex.c ****       (exception done if a given DMA is not using the DMAMUX SYNC block neither a request generator
  37:Drivers/STM32WLxx_HAL_Driver/Src/stm32wlxx_hal_dma_ex.c **** 
  38:Drivers/STM32WLxx_HAL_Driver/Src/stm32wlxx_hal_dma_ex.c ****   @endverbatim
  39:Drivers/STM32WLxx_HAL_Driver/Src/stm32wlxx_hal_dma_ex.c ****   ******************************************************************************
  40:Drivers/STM32WLxx_HAL_Driver/Src/stm32wlxx_hal_dma_ex.c ****   */
  41:Drivers/STM32WLxx_HAL_Driver/Src/stm32wlxx_hal_dma_ex.c **** 
  42:Drivers/STM32WLxx_HAL_Driver/Src/stm32wlxx_hal_dma_ex.c **** /* Includes ------------------------------------------------------------------*/
  43:Drivers/STM32WLxx_HAL_Driver/Src/stm32wlxx_hal_dma_ex.c **** #include "stm32wlxx_hal.h"
  44:Drivers/STM32WLxx_HAL_Driver/Src/stm32wlxx_hal_dma_ex.c **** 
  45:Drivers/STM32WLxx_HAL_Driver/Src/stm32wlxx_hal_dma_ex.c **** /** @addtogroup STM32WLxx_HAL_Driver
  46:Drivers/STM32WLxx_HAL_Driver/Src/stm32wlxx_hal_dma_ex.c ****   * @{
  47:Drivers/STM32WLxx_HAL_Driver/Src/stm32wlxx_hal_dma_ex.c ****   */
  48:Drivers/STM32WLxx_HAL_Driver/Src/stm32wlxx_hal_dma_ex.c **** 
  49:Drivers/STM32WLxx_HAL_Driver/Src/stm32wlxx_hal_dma_ex.c **** /** @defgroup DMAEx DMAEx
  50:Drivers/STM32WLxx_HAL_Driver/Src/stm32wlxx_hal_dma_ex.c ****   * @brief DMA Extended HAL module driver
  51:Drivers/STM32WLxx_HAL_Driver/Src/stm32wlxx_hal_dma_ex.c ****   * @{
  52:Drivers/STM32WLxx_HAL_Driver/Src/stm32wlxx_hal_dma_ex.c ****   */
  53:Drivers/STM32WLxx_HAL_Driver/Src/stm32wlxx_hal_dma_ex.c **** 
  54:Drivers/STM32WLxx_HAL_Driver/Src/stm32wlxx_hal_dma_ex.c **** #ifdef HAL_DMA_MODULE_ENABLED
  55:Drivers/STM32WLxx_HAL_Driver/Src/stm32wlxx_hal_dma_ex.c **** 
  56:Drivers/STM32WLxx_HAL_Driver/Src/stm32wlxx_hal_dma_ex.c **** /* Private typedef -----------------------------------------------------------*/
  57:Drivers/STM32WLxx_HAL_Driver/Src/stm32wlxx_hal_dma_ex.c **** /* Private define ------------------------------------------------------------*/
  58:Drivers/STM32WLxx_HAL_Driver/Src/stm32wlxx_hal_dma_ex.c **** /* Private macro -------------------------------------------------------------*/
  59:Drivers/STM32WLxx_HAL_Driver/Src/stm32wlxx_hal_dma_ex.c **** /* Private variables ---------------------------------------------------------*/
  60:Drivers/STM32WLxx_HAL_Driver/Src/stm32wlxx_hal_dma_ex.c **** /* Private Constants ---------------------------------------------------------*/
  61:Drivers/STM32WLxx_HAL_Driver/Src/stm32wlxx_hal_dma_ex.c **** /* Private function prototypes -----------------------------------------------*/
  62:Drivers/STM32WLxx_HAL_Driver/Src/stm32wlxx_hal_dma_ex.c **** /* Exported functions --------------------------------------------------------*/
  63:Drivers/STM32WLxx_HAL_Driver/Src/stm32wlxx_hal_dma_ex.c **** 
  64:Drivers/STM32WLxx_HAL_Driver/Src/stm32wlxx_hal_dma_ex.c **** 
  65:Drivers/STM32WLxx_HAL_Driver/Src/stm32wlxx_hal_dma_ex.c **** /** @defgroup DMAEx_Exported_Functions DMAEx Exported Functions
  66:Drivers/STM32WLxx_HAL_Driver/Src/stm32wlxx_hal_dma_ex.c ****   * @{
  67:Drivers/STM32WLxx_HAL_Driver/Src/stm32wlxx_hal_dma_ex.c ****   */
  68:Drivers/STM32WLxx_HAL_Driver/Src/stm32wlxx_hal_dma_ex.c **** 
  69:Drivers/STM32WLxx_HAL_Driver/Src/stm32wlxx_hal_dma_ex.c **** /** @defgroup DMAEx_Exported_Functions_Group1 DMAEx Extended features functions
  70:Drivers/STM32WLxx_HAL_Driver/Src/stm32wlxx_hal_dma_ex.c ****  *  @brief   Extended features functions
  71:Drivers/STM32WLxx_HAL_Driver/Src/stm32wlxx_hal_dma_ex.c ****  *
  72:Drivers/STM32WLxx_HAL_Driver/Src/stm32wlxx_hal_dma_ex.c **** @verbatim
  73:Drivers/STM32WLxx_HAL_Driver/Src/stm32wlxx_hal_dma_ex.c ****  ===============================================================================
  74:Drivers/STM32WLxx_HAL_Driver/Src/stm32wlxx_hal_dma_ex.c ****                 #####  Extended features functions  #####
  75:Drivers/STM32WLxx_HAL_Driver/Src/stm32wlxx_hal_dma_ex.c ****  ===============================================================================
  76:Drivers/STM32WLxx_HAL_Driver/Src/stm32wlxx_hal_dma_ex.c ****     [..]  This section provides functions allowing to:
  77:Drivers/STM32WLxx_HAL_Driver/Src/stm32wlxx_hal_dma_ex.c **** 
  78:Drivers/STM32WLxx_HAL_Driver/Src/stm32wlxx_hal_dma_ex.c ****     (+) Configure the DMAMUX Synchronization Block using HAL_DMAEx_ConfigMuxSync function.
  79:Drivers/STM32WLxx_HAL_Driver/Src/stm32wlxx_hal_dma_ex.c ****     (+) Configure the DMAMUX Request Generator Block using HAL_DMAEx_ConfigMuxRequestGenerator func
  80:Drivers/STM32WLxx_HAL_Driver/Src/stm32wlxx_hal_dma_ex.c ****        Functions HAL_DMAEx_EnableMuxRequestGenerator and HAL_DMAEx_DisableMuxRequestGenerator can t
  81:Drivers/STM32WLxx_HAL_Driver/Src/stm32wlxx_hal_dma_ex.c ****        to respectively enable/disable the request generator.
  82:Drivers/STM32WLxx_HAL_Driver/Src/stm32wlxx_hal_dma_ex.c ****     (+) Handle DMAMUX interrupts using HAL_DMAEx_MUX_IRQHandler : should be called from
  83:Drivers/STM32WLxx_HAL_Driver/Src/stm32wlxx_hal_dma_ex.c ****         the DMAMUX IRQ handler
  84:Drivers/STM32WLxx_HAL_Driver/Src/stm32wlxx_hal_dma_ex.c **** 
  85:Drivers/STM32WLxx_HAL_Driver/Src/stm32wlxx_hal_dma_ex.c **** @endverbatim
  86:Drivers/STM32WLxx_HAL_Driver/Src/stm32wlxx_hal_dma_ex.c ****   * @{
  87:Drivers/STM32WLxx_HAL_Driver/Src/stm32wlxx_hal_dma_ex.c ****   */
  88:Drivers/STM32WLxx_HAL_Driver/Src/stm32wlxx_hal_dma_ex.c **** 
ARM GAS  /var/folders/9y/n02fl3g16gnf7ppy14xghdy80000gn/T//cciHnUlv.s 			page 3


  89:Drivers/STM32WLxx_HAL_Driver/Src/stm32wlxx_hal_dma_ex.c **** /**
  90:Drivers/STM32WLxx_HAL_Driver/Src/stm32wlxx_hal_dma_ex.c ****   * @brief Configure the DMAMUX synchronization parameters for a given DMA channel (instance).
  91:Drivers/STM32WLxx_HAL_Driver/Src/stm32wlxx_hal_dma_ex.c ****   * @param hdma Pointer to a DMA_HandleTypeDef structure that contains
  92:Drivers/STM32WLxx_HAL_Driver/Src/stm32wlxx_hal_dma_ex.c ****   *             the configuration information for the specified DMA channel.
  93:Drivers/STM32WLxx_HAL_Driver/Src/stm32wlxx_hal_dma_ex.c ****   * @param pSyncConfig Pointer to HAL_DMA_MuxSyncConfigTypeDef contains the DMAMUX synchronization 
  94:Drivers/STM32WLxx_HAL_Driver/Src/stm32wlxx_hal_dma_ex.c ****   * @retval HAL status
  95:Drivers/STM32WLxx_HAL_Driver/Src/stm32wlxx_hal_dma_ex.c ****   */
  96:Drivers/STM32WLxx_HAL_Driver/Src/stm32wlxx_hal_dma_ex.c **** HAL_StatusTypeDef HAL_DMAEx_ConfigMuxSync(DMA_HandleTypeDef *hdma, HAL_DMA_MuxSyncConfigTypeDef *pS
  97:Drivers/STM32WLxx_HAL_Driver/Src/stm32wlxx_hal_dma_ex.c **** {
  28              		.loc 1 97 1 view -0
  29              		.cfi_startproc
  30              		@ args = 0, pretend = 0, frame = 0
  31              		@ frame_needed = 0, uses_anonymous_args = 0
  32              		@ link register save eliminated.
  98:Drivers/STM32WLxx_HAL_Driver/Src/stm32wlxx_hal_dma_ex.c ****   /* Check the parameters */
  99:Drivers/STM32WLxx_HAL_Driver/Src/stm32wlxx_hal_dma_ex.c ****   assert_param(IS_DMA_ALL_INSTANCE(hdma->Instance));
  33              		.loc 1 99 3 view .LVU1
 100:Drivers/STM32WLxx_HAL_Driver/Src/stm32wlxx_hal_dma_ex.c **** 
 101:Drivers/STM32WLxx_HAL_Driver/Src/stm32wlxx_hal_dma_ex.c ****   assert_param(IS_DMAMUX_SYNC_SIGNAL_ID(pSyncConfig->SyncSignalID));
  34              		.loc 1 101 3 view .LVU2
 102:Drivers/STM32WLxx_HAL_Driver/Src/stm32wlxx_hal_dma_ex.c **** 
 103:Drivers/STM32WLxx_HAL_Driver/Src/stm32wlxx_hal_dma_ex.c ****   assert_param(IS_DMAMUX_SYNC_POLARITY(pSyncConfig-> SyncPolarity));
  35              		.loc 1 103 3 view .LVU3
 104:Drivers/STM32WLxx_HAL_Driver/Src/stm32wlxx_hal_dma_ex.c ****   assert_param(IS_DMAMUX_SYNC_STATE(pSyncConfig->SyncEnable));
  36              		.loc 1 104 3 view .LVU4
 105:Drivers/STM32WLxx_HAL_Driver/Src/stm32wlxx_hal_dma_ex.c ****   assert_param(IS_DMAMUX_SYNC_EVENT(pSyncConfig->EventEnable));
  37              		.loc 1 105 3 view .LVU5
 106:Drivers/STM32WLxx_HAL_Driver/Src/stm32wlxx_hal_dma_ex.c ****   assert_param(IS_DMAMUX_SYNC_REQUEST_NUMBER(pSyncConfig->RequestNumber));
  38              		.loc 1 106 3 view .LVU6
 107:Drivers/STM32WLxx_HAL_Driver/Src/stm32wlxx_hal_dma_ex.c **** 
 108:Drivers/STM32WLxx_HAL_Driver/Src/stm32wlxx_hal_dma_ex.c ****   /*Check if the DMA state is ready */
 109:Drivers/STM32WLxx_HAL_Driver/Src/stm32wlxx_hal_dma_ex.c ****   if (hdma->State == HAL_DMA_STATE_READY)
  39              		.loc 1 109 3 view .LVU7
  40              		.loc 1 109 11 is_stmt 0 view .LVU8
  41 0000 90F82530 		ldrb	r3, [r0, #37]	@ zero_extendqisi2
  42 0004 DBB2     		uxtb	r3, r3
  43              		.loc 1 109 6 view .LVU9
  44 0006 012B     		cmp	r3, #1
  45 0008 22D1     		bne	.L2
 110:Drivers/STM32WLxx_HAL_Driver/Src/stm32wlxx_hal_dma_ex.c ****   {
 111:Drivers/STM32WLxx_HAL_Driver/Src/stm32wlxx_hal_dma_ex.c ****     /* Process Locked */
 112:Drivers/STM32WLxx_HAL_Driver/Src/stm32wlxx_hal_dma_ex.c ****     __HAL_LOCK(hdma);
  46              		.loc 1 112 5 is_stmt 1 view .LVU10
  47              		.loc 1 112 5 view .LVU11
  48 000a 90F82430 		ldrb	r3, [r0, #36]	@ zero_extendqisi2
  49 000e 012B     		cmp	r3, #1
  50 0010 22D0     		beq	.L4
  97:Drivers/STM32WLxx_HAL_Driver/Src/stm32wlxx_hal_dma_ex.c ****   /* Check the parameters */
  51              		.loc 1 97 1 is_stmt 0 discriminator 2 view .LVU12
  52 0012 30B4     		push	{r4, r5}
  53              		.cfi_def_cfa_offset 8
  54              		.cfi_offset 4, -8
  55              		.cfi_offset 5, -4
  56              		.loc 1 112 5 is_stmt 1 discriminator 2 view .LVU13
  57 0014 0123     		movs	r3, #1
  58 0016 80F82430 		strb	r3, [r0, #36]
  59              		.loc 1 112 5 discriminator 2 view .LVU14
ARM GAS  /var/folders/9y/n02fl3g16gnf7ppy14xghdy80000gn/T//cciHnUlv.s 			page 4


 113:Drivers/STM32WLxx_HAL_Driver/Src/stm32wlxx_hal_dma_ex.c **** 
 114:Drivers/STM32WLxx_HAL_Driver/Src/stm32wlxx_hal_dma_ex.c ****     /* Set the new synchronization parameters (and keep the request ID filled during the Init)*/
 115:Drivers/STM32WLxx_HAL_Driver/Src/stm32wlxx_hal_dma_ex.c ****     MODIFY_REG(hdma->DMAmuxChannel->CCR, \
  60              		.loc 1 115 5 discriminator 2 view .LVU15
  61 001a 846C     		ldr	r4, [r0, #72]
  62 001c 2268     		ldr	r2, [r4]
  63 001e 02F07F02 		and	r2, r2, #127
  64 0022 0B68     		ldr	r3, [r1]
  65 0024 CD68     		ldr	r5, [r1, #12]
  66 0026 05F1FF3C 		add	ip, r5, #-1
  67 002a 43EACC43 		orr	r3, r3, ip, lsl #19
  68 002e 4D68     		ldr	r5, [r1, #4]
  69 0030 2B43     		orrs	r3, r3, r5
  70 0032 91F808C0 		ldrb	ip, [r1, #8]	@ zero_extendqisi2
  71 0036 43EA0C43 		orr	r3, r3, ip, lsl #16
  72 003a 497A     		ldrb	r1, [r1, #9]	@ zero_extendqisi2
  73              	.LVL1:
  74              		.loc 1 115 5 is_stmt 0 discriminator 2 view .LVU16
  75 003c 43EA4123 		orr	r3, r3, r1, lsl #9
  76 0040 1343     		orrs	r3, r3, r2
  77 0042 2360     		str	r3, [r4]
 116:Drivers/STM32WLxx_HAL_Driver/Src/stm32wlxx_hal_dma_ex.c ****                (~DMAMUX_CxCR_DMAREQ_ID), \
 117:Drivers/STM32WLxx_HAL_Driver/Src/stm32wlxx_hal_dma_ex.c ****                (pSyncConfig->SyncSignalID | ((pSyncConfig->RequestNumber - 1U) << DMAMUX_CxCR_NBREQ
 118:Drivers/STM32WLxx_HAL_Driver/Src/stm32wlxx_hal_dma_ex.c ****                 pSyncConfig->SyncPolarity | ((uint32_t)pSyncConfig->SyncEnable << DMAMUX_CxCR_SE_Po
 119:Drivers/STM32WLxx_HAL_Driver/Src/stm32wlxx_hal_dma_ex.c ****                 ((uint32_t)pSyncConfig->EventEnable << DMAMUX_CxCR_EGE_Pos)));
 120:Drivers/STM32WLxx_HAL_Driver/Src/stm32wlxx_hal_dma_ex.c **** 
 121:Drivers/STM32WLxx_HAL_Driver/Src/stm32wlxx_hal_dma_ex.c ****     /* Process UnLocked */
 122:Drivers/STM32WLxx_HAL_Driver/Src/stm32wlxx_hal_dma_ex.c ****     __HAL_UNLOCK(hdma);
  78              		.loc 1 122 5 is_stmt 1 discriminator 2 view .LVU17
  79              		.loc 1 122 5 discriminator 2 view .LVU18
  80 0044 0023     		movs	r3, #0
  81 0046 80F82430 		strb	r3, [r0, #36]
  82              		.loc 1 122 5 discriminator 2 view .LVU19
 123:Drivers/STM32WLxx_HAL_Driver/Src/stm32wlxx_hal_dma_ex.c **** 
 124:Drivers/STM32WLxx_HAL_Driver/Src/stm32wlxx_hal_dma_ex.c ****     return HAL_OK;
  83              		.loc 1 124 5 discriminator 2 view .LVU20
  84              		.loc 1 124 12 is_stmt 0 discriminator 2 view .LVU21
  85 004a 1846     		mov	r0, r3
  86              	.LVL2:
 125:Drivers/STM32WLxx_HAL_Driver/Src/stm32wlxx_hal_dma_ex.c ****   }
 126:Drivers/STM32WLxx_HAL_Driver/Src/stm32wlxx_hal_dma_ex.c ****   else
 127:Drivers/STM32WLxx_HAL_Driver/Src/stm32wlxx_hal_dma_ex.c ****   {
 128:Drivers/STM32WLxx_HAL_Driver/Src/stm32wlxx_hal_dma_ex.c ****     /* Set the error code to busy */
 129:Drivers/STM32WLxx_HAL_Driver/Src/stm32wlxx_hal_dma_ex.c ****     hdma->ErrorCode = HAL_DMA_ERROR_BUSY;
 130:Drivers/STM32WLxx_HAL_Driver/Src/stm32wlxx_hal_dma_ex.c **** 
 131:Drivers/STM32WLxx_HAL_Driver/Src/stm32wlxx_hal_dma_ex.c ****     /* Return error status */
 132:Drivers/STM32WLxx_HAL_Driver/Src/stm32wlxx_hal_dma_ex.c ****     return HAL_ERROR;
 133:Drivers/STM32WLxx_HAL_Driver/Src/stm32wlxx_hal_dma_ex.c ****   }
 134:Drivers/STM32WLxx_HAL_Driver/Src/stm32wlxx_hal_dma_ex.c **** }
  87              		.loc 1 134 1 discriminator 2 view .LVU22
  88 004c 30BC     		pop	{r4, r5}
  89              		.cfi_restore 5
  90              		.cfi_restore 4
  91              		.cfi_def_cfa_offset 0
  92 004e 7047     		bx	lr
  93              	.LVL3:
  94              	.L2:
ARM GAS  /var/folders/9y/n02fl3g16gnf7ppy14xghdy80000gn/T//cciHnUlv.s 			page 5


 129:Drivers/STM32WLxx_HAL_Driver/Src/stm32wlxx_hal_dma_ex.c **** 
  95              		.loc 1 129 5 is_stmt 1 view .LVU23
 129:Drivers/STM32WLxx_HAL_Driver/Src/stm32wlxx_hal_dma_ex.c **** 
  96              		.loc 1 129 21 is_stmt 0 view .LVU24
  97 0050 8023     		movs	r3, #128
  98 0052 C363     		str	r3, [r0, #60]
 132:Drivers/STM32WLxx_HAL_Driver/Src/stm32wlxx_hal_dma_ex.c ****   }
  99              		.loc 1 132 5 is_stmt 1 view .LVU25
 132:Drivers/STM32WLxx_HAL_Driver/Src/stm32wlxx_hal_dma_ex.c ****   }
 100              		.loc 1 132 12 is_stmt 0 view .LVU26
 101 0054 0120     		movs	r0, #1
 102              	.LVL4:
 132:Drivers/STM32WLxx_HAL_Driver/Src/stm32wlxx_hal_dma_ex.c ****   }
 103              		.loc 1 132 12 view .LVU27
 104 0056 7047     		bx	lr
 105              	.LVL5:
 106              	.L4:
 112:Drivers/STM32WLxx_HAL_Driver/Src/stm32wlxx_hal_dma_ex.c **** 
 107              		.loc 1 112 5 view .LVU28
 108 0058 0220     		movs	r0, #2
 109              	.LVL6:
 110              		.loc 1 134 1 view .LVU29
 111 005a 7047     		bx	lr
 112              		.cfi_endproc
 113              	.LFE844:
 115              		.section	.text.HAL_DMAEx_ConfigMuxRequestGenerator,"ax",%progbits
 116              		.align	1
 117              		.global	HAL_DMAEx_ConfigMuxRequestGenerator
 118              		.syntax unified
 119              		.thumb
 120              		.thumb_func
 121              		.fpu softvfp
 123              	HAL_DMAEx_ConfigMuxRequestGenerator:
 124              	.LVL7:
 125              	.LFB845:
 135:Drivers/STM32WLxx_HAL_Driver/Src/stm32wlxx_hal_dma_ex.c **** 
 136:Drivers/STM32WLxx_HAL_Driver/Src/stm32wlxx_hal_dma_ex.c **** /**
 137:Drivers/STM32WLxx_HAL_Driver/Src/stm32wlxx_hal_dma_ex.c ****   * @brief Configure the DMAMUX request generator block used by the given DMA channel (instance).
 138:Drivers/STM32WLxx_HAL_Driver/Src/stm32wlxx_hal_dma_ex.c ****   * @param hdma Pointer to a DMA_HandleTypeDef structure that contains
 139:Drivers/STM32WLxx_HAL_Driver/Src/stm32wlxx_hal_dma_ex.c ****   *             the configuration information for the specified DMA channel.
 140:Drivers/STM32WLxx_HAL_Driver/Src/stm32wlxx_hal_dma_ex.c ****   * @param pRequestGeneratorConfig Pointer to HAL_DMA_MuxRequestGeneratorConfigTypeDef
 141:Drivers/STM32WLxx_HAL_Driver/Src/stm32wlxx_hal_dma_ex.c ****   *                                contains the request generator parameters.
 142:Drivers/STM32WLxx_HAL_Driver/Src/stm32wlxx_hal_dma_ex.c ****   *
 143:Drivers/STM32WLxx_HAL_Driver/Src/stm32wlxx_hal_dma_ex.c ****   * @retval HAL status
 144:Drivers/STM32WLxx_HAL_Driver/Src/stm32wlxx_hal_dma_ex.c ****   */
 145:Drivers/STM32WLxx_HAL_Driver/Src/stm32wlxx_hal_dma_ex.c **** HAL_StatusTypeDef HAL_DMAEx_ConfigMuxRequestGenerator(DMA_HandleTypeDef *hdma, HAL_DMA_MuxRequestGe
 146:Drivers/STM32WLxx_HAL_Driver/Src/stm32wlxx_hal_dma_ex.c **** {
 126              		.loc 1 146 1 is_stmt 1 view -0
 127              		.cfi_startproc
 128              		@ args = 0, pretend = 0, frame = 0
 129              		@ frame_needed = 0, uses_anonymous_args = 0
 130              		@ link register save eliminated.
 147:Drivers/STM32WLxx_HAL_Driver/Src/stm32wlxx_hal_dma_ex.c ****   HAL_StatusTypeDef status;
 131              		.loc 1 147 3 view .LVU31
 148:Drivers/STM32WLxx_HAL_Driver/Src/stm32wlxx_hal_dma_ex.c ****   HAL_DMA_StateTypeDef temp_state = hdma->State;
 132              		.loc 1 148 3 view .LVU32
 133              		.loc 1 148 24 is_stmt 0 view .LVU33
ARM GAS  /var/folders/9y/n02fl3g16gnf7ppy14xghdy80000gn/T//cciHnUlv.s 			page 6


 134 0000 90F82530 		ldrb	r3, [r0, #37]	@ zero_extendqisi2
 135              	.LVL8:
 149:Drivers/STM32WLxx_HAL_Driver/Src/stm32wlxx_hal_dma_ex.c **** 
 150:Drivers/STM32WLxx_HAL_Driver/Src/stm32wlxx_hal_dma_ex.c ****   /* Check the parameters */
 151:Drivers/STM32WLxx_HAL_Driver/Src/stm32wlxx_hal_dma_ex.c ****   assert_param(IS_DMA_ALL_INSTANCE(hdma->Instance));
 136              		.loc 1 151 3 is_stmt 1 view .LVU34
 152:Drivers/STM32WLxx_HAL_Driver/Src/stm32wlxx_hal_dma_ex.c **** 
 153:Drivers/STM32WLxx_HAL_Driver/Src/stm32wlxx_hal_dma_ex.c ****   assert_param(IS_DMAMUX_REQUEST_GEN_SIGNAL_ID(pRequestGeneratorConfig->SignalID));
 137              		.loc 1 153 3 view .LVU35
 154:Drivers/STM32WLxx_HAL_Driver/Src/stm32wlxx_hal_dma_ex.c **** 
 155:Drivers/STM32WLxx_HAL_Driver/Src/stm32wlxx_hal_dma_ex.c ****   assert_param(IS_DMAMUX_REQUEST_GEN_POLARITY(pRequestGeneratorConfig->Polarity));
 138              		.loc 1 155 3 view .LVU36
 156:Drivers/STM32WLxx_HAL_Driver/Src/stm32wlxx_hal_dma_ex.c ****   assert_param(IS_DMAMUX_REQUEST_GEN_REQUEST_NUMBER(pRequestGeneratorConfig->RequestNumber));
 139              		.loc 1 156 3 view .LVU37
 157:Drivers/STM32WLxx_HAL_Driver/Src/stm32wlxx_hal_dma_ex.c **** 
 158:Drivers/STM32WLxx_HAL_Driver/Src/stm32wlxx_hal_dma_ex.c ****   /* check if the DMA state is ready
 159:Drivers/STM32WLxx_HAL_Driver/Src/stm32wlxx_hal_dma_ex.c ****      and DMA is using a DMAMUX request generator block
 160:Drivers/STM32WLxx_HAL_Driver/Src/stm32wlxx_hal_dma_ex.c ****   */
 161:Drivers/STM32WLxx_HAL_Driver/Src/stm32wlxx_hal_dma_ex.c ****   if (hdma->DMAmuxRequestGen == 0U)
 140              		.loc 1 161 3 view .LVU38
 141              		.loc 1 161 11 is_stmt 0 view .LVU39
 142 0004 426D     		ldr	r2, [r0, #84]
 143              		.loc 1 161 6 view .LVU40
 144 0006 62B1     		cbz	r2, .L17
 146:Drivers/STM32WLxx_HAL_Driver/Src/stm32wlxx_hal_dma_ex.c ****   HAL_StatusTypeDef status;
 145              		.loc 1 146 1 view .LVU41
 146 0008 10B4     		push	{r4}
 147              		.cfi_def_cfa_offset 4
 148              		.cfi_offset 4, -4
 149 000a DBB2     		uxtb	r3, r3
 162:Drivers/STM32WLxx_HAL_Driver/Src/stm32wlxx_hal_dma_ex.c ****   {
 163:Drivers/STM32WLxx_HAL_Driver/Src/stm32wlxx_hal_dma_ex.c ****     /* Set the error code to busy */
 164:Drivers/STM32WLxx_HAL_Driver/Src/stm32wlxx_hal_dma_ex.c ****     hdma->ErrorCode = HAL_DMA_ERROR_PARAM;
 165:Drivers/STM32WLxx_HAL_Driver/Src/stm32wlxx_hal_dma_ex.c **** 
 166:Drivers/STM32WLxx_HAL_Driver/Src/stm32wlxx_hal_dma_ex.c ****     /* error status */
 167:Drivers/STM32WLxx_HAL_Driver/Src/stm32wlxx_hal_dma_ex.c ****     status = HAL_ERROR;
 168:Drivers/STM32WLxx_HAL_Driver/Src/stm32wlxx_hal_dma_ex.c ****   }
 169:Drivers/STM32WLxx_HAL_Driver/Src/stm32wlxx_hal_dma_ex.c ****   else if (((hdma->DMAmuxRequestGen->RGCR & DMAMUX_RGxCR_GE) == 0U) && (temp_state == HAL_DMA_STATE
 150              		.loc 1 169 8 is_stmt 1 view .LVU42
 151              		.loc 1 169 36 is_stmt 0 view .LVU43
 152 000c 1468     		ldr	r4, [r2]
 153              		.loc 1 169 11 view .LVU44
 154 000e 14F4803F 		tst	r4, #65536
 155 0012 01D1     		bne	.L12
 156              		.loc 1 169 69 discriminator 1 view .LVU45
 157 0014 012B     		cmp	r3, #1
 158 0016 08D0     		beq	.L18
 159              	.L12:
 170:Drivers/STM32WLxx_HAL_Driver/Src/stm32wlxx_hal_dma_ex.c ****   {
 171:Drivers/STM32WLxx_HAL_Driver/Src/stm32wlxx_hal_dma_ex.c ****     /* RequestGenerator must be disable prior to the configuration i.e GE bit is 0 */
 172:Drivers/STM32WLxx_HAL_Driver/Src/stm32wlxx_hal_dma_ex.c **** 
 173:Drivers/STM32WLxx_HAL_Driver/Src/stm32wlxx_hal_dma_ex.c ****     /* Process Locked */
 174:Drivers/STM32WLxx_HAL_Driver/Src/stm32wlxx_hal_dma_ex.c ****     __HAL_LOCK(hdma);
 175:Drivers/STM32WLxx_HAL_Driver/Src/stm32wlxx_hal_dma_ex.c **** 
 176:Drivers/STM32WLxx_HAL_Driver/Src/stm32wlxx_hal_dma_ex.c ****     /* Set the request generator new parameters*/
 177:Drivers/STM32WLxx_HAL_Driver/Src/stm32wlxx_hal_dma_ex.c ****     hdma->DMAmuxRequestGen->RGCR = pRequestGeneratorConfig->SignalID | \
 178:Drivers/STM32WLxx_HAL_Driver/Src/stm32wlxx_hal_dma_ex.c ****                                    ((pRequestGeneratorConfig->RequestNumber - 1U) << DMAMUX_RGxCR_G
ARM GAS  /var/folders/9y/n02fl3g16gnf7ppy14xghdy80000gn/T//cciHnUlv.s 			page 7


 179:Drivers/STM32WLxx_HAL_Driver/Src/stm32wlxx_hal_dma_ex.c ****                                    pRequestGeneratorConfig->Polarity;
 180:Drivers/STM32WLxx_HAL_Driver/Src/stm32wlxx_hal_dma_ex.c ****     /* Process UnLocked */
 181:Drivers/STM32WLxx_HAL_Driver/Src/stm32wlxx_hal_dma_ex.c ****     __HAL_UNLOCK(hdma);
 182:Drivers/STM32WLxx_HAL_Driver/Src/stm32wlxx_hal_dma_ex.c **** 
 183:Drivers/STM32WLxx_HAL_Driver/Src/stm32wlxx_hal_dma_ex.c ****     return HAL_OK;
 184:Drivers/STM32WLxx_HAL_Driver/Src/stm32wlxx_hal_dma_ex.c ****   }
 185:Drivers/STM32WLxx_HAL_Driver/Src/stm32wlxx_hal_dma_ex.c ****   else
 186:Drivers/STM32WLxx_HAL_Driver/Src/stm32wlxx_hal_dma_ex.c ****   {
 187:Drivers/STM32WLxx_HAL_Driver/Src/stm32wlxx_hal_dma_ex.c ****     /* Set the error code to busy */
 188:Drivers/STM32WLxx_HAL_Driver/Src/stm32wlxx_hal_dma_ex.c ****     hdma->ErrorCode = HAL_DMA_ERROR_BUSY;
 160              		.loc 1 188 5 is_stmt 1 view .LVU46
 161              		.loc 1 188 21 is_stmt 0 view .LVU47
 162 0018 8023     		movs	r3, #128
 163              	.LVL9:
 164              		.loc 1 188 21 view .LVU48
 165 001a C363     		str	r3, [r0, #60]
 189:Drivers/STM32WLxx_HAL_Driver/Src/stm32wlxx_hal_dma_ex.c **** 
 190:Drivers/STM32WLxx_HAL_Driver/Src/stm32wlxx_hal_dma_ex.c ****     /* error status */
 191:Drivers/STM32WLxx_HAL_Driver/Src/stm32wlxx_hal_dma_ex.c ****     status = HAL_ERROR;
 166              		.loc 1 191 5 is_stmt 1 view .LVU49
 167              	.LVL10:
 192:Drivers/STM32WLxx_HAL_Driver/Src/stm32wlxx_hal_dma_ex.c ****   }
 193:Drivers/STM32WLxx_HAL_Driver/Src/stm32wlxx_hal_dma_ex.c **** 
 194:Drivers/STM32WLxx_HAL_Driver/Src/stm32wlxx_hal_dma_ex.c ****   return status;
 168              		.loc 1 194 10 is_stmt 0 view .LVU50
 169 001c 0120     		movs	r0, #1
 170              	.LVL11:
 171              	.L11:
 195:Drivers/STM32WLxx_HAL_Driver/Src/stm32wlxx_hal_dma_ex.c **** }
 172              		.loc 1 195 1 view .LVU51
 173 001e 10BC     		pop	{r4}
 174              		.cfi_restore 4
 175              		.cfi_def_cfa_offset 0
 176 0020 7047     		bx	lr
 177              	.LVL12:
 178              	.L17:
 164:Drivers/STM32WLxx_HAL_Driver/Src/stm32wlxx_hal_dma_ex.c **** 
 179              		.loc 1 164 5 is_stmt 1 view .LVU52
 164:Drivers/STM32WLxx_HAL_Driver/Src/stm32wlxx_hal_dma_ex.c **** 
 180              		.loc 1 164 21 is_stmt 0 view .LVU53
 181 0022 4023     		movs	r3, #64
 182              	.LVL13:
 164:Drivers/STM32WLxx_HAL_Driver/Src/stm32wlxx_hal_dma_ex.c **** 
 183              		.loc 1 164 21 view .LVU54
 184 0024 C363     		str	r3, [r0, #60]
 167:Drivers/STM32WLxx_HAL_Driver/Src/stm32wlxx_hal_dma_ex.c ****   }
 185              		.loc 1 167 5 is_stmt 1 view .LVU55
 186              	.LVL14:
 194:Drivers/STM32WLxx_HAL_Driver/Src/stm32wlxx_hal_dma_ex.c **** }
 187              		.loc 1 194 10 is_stmt 0 view .LVU56
 188 0026 0120     		movs	r0, #1
 189              	.LVL15:
 190              		.loc 1 195 1 view .LVU57
 191 0028 7047     		bx	lr
 192              	.LVL16:
 193              	.L18:
 194              		.cfi_def_cfa_offset 4
ARM GAS  /var/folders/9y/n02fl3g16gnf7ppy14xghdy80000gn/T//cciHnUlv.s 			page 8


 195              		.cfi_offset 4, -4
 174:Drivers/STM32WLxx_HAL_Driver/Src/stm32wlxx_hal_dma_ex.c **** 
 196              		.loc 1 174 5 is_stmt 1 view .LVU58
 174:Drivers/STM32WLxx_HAL_Driver/Src/stm32wlxx_hal_dma_ex.c **** 
 197              		.loc 1 174 5 view .LVU59
 198 002a 90F82430 		ldrb	r3, [r0, #36]	@ zero_extendqisi2
 199              	.LVL17:
 174:Drivers/STM32WLxx_HAL_Driver/Src/stm32wlxx_hal_dma_ex.c **** 
 200              		.loc 1 174 5 is_stmt 0 view .LVU60
 201 002e 012B     		cmp	r3, #1
 202 0030 0FD0     		beq	.L13
 174:Drivers/STM32WLxx_HAL_Driver/Src/stm32wlxx_hal_dma_ex.c **** 
 203              		.loc 1 174 5 is_stmt 1 discriminator 2 view .LVU61
 204 0032 0123     		movs	r3, #1
 205 0034 80F82430 		strb	r3, [r0, #36]
 174:Drivers/STM32WLxx_HAL_Driver/Src/stm32wlxx_hal_dma_ex.c **** 
 206              		.loc 1 174 5 discriminator 2 view .LVU62
 177:Drivers/STM32WLxx_HAL_Driver/Src/stm32wlxx_hal_dma_ex.c ****                                    ((pRequestGeneratorConfig->RequestNumber - 1U) << DMAMUX_RGxCR_G
 207              		.loc 1 177 5 discriminator 2 view .LVU63
 177:Drivers/STM32WLxx_HAL_Driver/Src/stm32wlxx_hal_dma_ex.c ****                                    ((pRequestGeneratorConfig->RequestNumber - 1U) << DMAMUX_RGxCR_G
 208              		.loc 1 177 59 is_stmt 0 discriminator 2 view .LVU64
 209 0038 0B68     		ldr	r3, [r1]
 178:Drivers/STM32WLxx_HAL_Driver/Src/stm32wlxx_hal_dma_ex.c ****                                    pRequestGeneratorConfig->Polarity;
 210              		.loc 1 178 61 discriminator 2 view .LVU65
 211 003a 8C68     		ldr	r4, [r1, #8]
 178:Drivers/STM32WLxx_HAL_Driver/Src/stm32wlxx_hal_dma_ex.c ****                                    pRequestGeneratorConfig->Polarity;
 212              		.loc 1 178 77 discriminator 2 view .LVU66
 213 003c 013C     		subs	r4, r4, #1
 177:Drivers/STM32WLxx_HAL_Driver/Src/stm32wlxx_hal_dma_ex.c ****                                    ((pRequestGeneratorConfig->RequestNumber - 1U) << DMAMUX_RGxCR_G
 214              		.loc 1 177 70 discriminator 2 view .LVU67
 215 003e 43EAC443 		orr	r3, r3, r4, lsl #19
 179:Drivers/STM32WLxx_HAL_Driver/Src/stm32wlxx_hal_dma_ex.c ****     /* Process UnLocked */
 216              		.loc 1 179 59 discriminator 2 view .LVU68
 217 0042 4968     		ldr	r1, [r1, #4]
 218              	.LVL18:
 178:Drivers/STM32WLxx_HAL_Driver/Src/stm32wlxx_hal_dma_ex.c ****                                    pRequestGeneratorConfig->Polarity;
 219              		.loc 1 178 111 discriminator 2 view .LVU69
 220 0044 0B43     		orrs	r3, r3, r1
 177:Drivers/STM32WLxx_HAL_Driver/Src/stm32wlxx_hal_dma_ex.c ****                                    ((pRequestGeneratorConfig->RequestNumber - 1U) << DMAMUX_RGxCR_G
 221              		.loc 1 177 34 discriminator 2 view .LVU70
 222 0046 1360     		str	r3, [r2]
 181:Drivers/STM32WLxx_HAL_Driver/Src/stm32wlxx_hal_dma_ex.c **** 
 223              		.loc 1 181 5 is_stmt 1 discriminator 2 view .LVU71
 181:Drivers/STM32WLxx_HAL_Driver/Src/stm32wlxx_hal_dma_ex.c **** 
 224              		.loc 1 181 5 discriminator 2 view .LVU72
 225 0048 0023     		movs	r3, #0
 226 004a 80F82430 		strb	r3, [r0, #36]
 181:Drivers/STM32WLxx_HAL_Driver/Src/stm32wlxx_hal_dma_ex.c **** 
 227              		.loc 1 181 5 discriminator 2 view .LVU73
 183:Drivers/STM32WLxx_HAL_Driver/Src/stm32wlxx_hal_dma_ex.c ****   }
 228              		.loc 1 183 5 discriminator 2 view .LVU74
 183:Drivers/STM32WLxx_HAL_Driver/Src/stm32wlxx_hal_dma_ex.c ****   }
 229              		.loc 1 183 12 is_stmt 0 discriminator 2 view .LVU75
 230 004e 1846     		mov	r0, r3
 231              	.LVL19:
 183:Drivers/STM32WLxx_HAL_Driver/Src/stm32wlxx_hal_dma_ex.c ****   }
 232              		.loc 1 183 12 discriminator 2 view .LVU76
ARM GAS  /var/folders/9y/n02fl3g16gnf7ppy14xghdy80000gn/T//cciHnUlv.s 			page 9


 233 0050 E5E7     		b	.L11
 234              	.LVL20:
 235              	.L13:
 174:Drivers/STM32WLxx_HAL_Driver/Src/stm32wlxx_hal_dma_ex.c **** 
 236              		.loc 1 174 5 view .LVU77
 237 0052 0220     		movs	r0, #2
 238              	.LVL21:
 174:Drivers/STM32WLxx_HAL_Driver/Src/stm32wlxx_hal_dma_ex.c **** 
 239              		.loc 1 174 5 view .LVU78
 240 0054 E3E7     		b	.L11
 241              		.cfi_endproc
 242              	.LFE845:
 244              		.section	.text.HAL_DMAEx_EnableMuxRequestGenerator,"ax",%progbits
 245              		.align	1
 246              		.global	HAL_DMAEx_EnableMuxRequestGenerator
 247              		.syntax unified
 248              		.thumb
 249              		.thumb_func
 250              		.fpu softvfp
 252              	HAL_DMAEx_EnableMuxRequestGenerator:
 253              	.LVL22:
 254              	.LFB846:
 196:Drivers/STM32WLxx_HAL_Driver/Src/stm32wlxx_hal_dma_ex.c **** 
 197:Drivers/STM32WLxx_HAL_Driver/Src/stm32wlxx_hal_dma_ex.c **** /**
 198:Drivers/STM32WLxx_HAL_Driver/Src/stm32wlxx_hal_dma_ex.c ****   * @brief Enable the DMAMUX request generator block used by the given DMA channel (instance).
 199:Drivers/STM32WLxx_HAL_Driver/Src/stm32wlxx_hal_dma_ex.c ****   * @param hdma Pointer to a DMA_HandleTypeDef structure that contains
 200:Drivers/STM32WLxx_HAL_Driver/Src/stm32wlxx_hal_dma_ex.c ****   *             the configuration information for the specified DMA channel.
 201:Drivers/STM32WLxx_HAL_Driver/Src/stm32wlxx_hal_dma_ex.c ****   * @retval HAL status
 202:Drivers/STM32WLxx_HAL_Driver/Src/stm32wlxx_hal_dma_ex.c ****   */
 203:Drivers/STM32WLxx_HAL_Driver/Src/stm32wlxx_hal_dma_ex.c **** HAL_StatusTypeDef HAL_DMAEx_EnableMuxRequestGenerator(DMA_HandleTypeDef *hdma)
 204:Drivers/STM32WLxx_HAL_Driver/Src/stm32wlxx_hal_dma_ex.c **** {
 255              		.loc 1 204 1 is_stmt 1 view -0
 256              		.cfi_startproc
 257              		@ args = 0, pretend = 0, frame = 0
 258              		@ frame_needed = 0, uses_anonymous_args = 0
 259              		@ link register save eliminated.
 205:Drivers/STM32WLxx_HAL_Driver/Src/stm32wlxx_hal_dma_ex.c ****   /* Check the parameters */
 206:Drivers/STM32WLxx_HAL_Driver/Src/stm32wlxx_hal_dma_ex.c ****   assert_param(IS_DMA_ALL_INSTANCE(hdma->Instance));
 260              		.loc 1 206 3 view .LVU80
 207:Drivers/STM32WLxx_HAL_Driver/Src/stm32wlxx_hal_dma_ex.c **** 
 208:Drivers/STM32WLxx_HAL_Driver/Src/stm32wlxx_hal_dma_ex.c ****   /* check if the DMA state is ready
 209:Drivers/STM32WLxx_HAL_Driver/Src/stm32wlxx_hal_dma_ex.c ****      and DMA is using a DMAMUX request generator block
 210:Drivers/STM32WLxx_HAL_Driver/Src/stm32wlxx_hal_dma_ex.c ****   */
 211:Drivers/STM32WLxx_HAL_Driver/Src/stm32wlxx_hal_dma_ex.c ****   if ((hdma->State != HAL_DMA_STATE_RESET) && (hdma->DMAmuxRequestGen != 0))
 261              		.loc 1 211 3 view .LVU81
 262              		.loc 1 211 12 is_stmt 0 view .LVU82
 263 0000 90F82530 		ldrb	r3, [r0, #37]	@ zero_extendqisi2
 264              		.loc 1 211 6 view .LVU83
 265 0004 3BB1     		cbz	r3, .L21
 266              		.loc 1 211 52 discriminator 1 view .LVU84
 267 0006 436D     		ldr	r3, [r0, #84]
 268              		.loc 1 211 44 discriminator 1 view .LVU85
 269 0008 3BB1     		cbz	r3, .L22
 212:Drivers/STM32WLxx_HAL_Driver/Src/stm32wlxx_hal_dma_ex.c ****   {
 213:Drivers/STM32WLxx_HAL_Driver/Src/stm32wlxx_hal_dma_ex.c **** 
 214:Drivers/STM32WLxx_HAL_Driver/Src/stm32wlxx_hal_dma_ex.c ****     /* Enable the request generator*/
 215:Drivers/STM32WLxx_HAL_Driver/Src/stm32wlxx_hal_dma_ex.c ****     hdma->DMAmuxRequestGen->RGCR |= DMAMUX_RGxCR_GE;
ARM GAS  /var/folders/9y/n02fl3g16gnf7ppy14xghdy80000gn/T//cciHnUlv.s 			page 10


 270              		.loc 1 215 5 is_stmt 1 view .LVU86
 271              		.loc 1 215 34 is_stmt 0 view .LVU87
 272 000a 1A68     		ldr	r2, [r3]
 273 000c 42F48032 		orr	r2, r2, #65536
 274 0010 1A60     		str	r2, [r3]
 216:Drivers/STM32WLxx_HAL_Driver/Src/stm32wlxx_hal_dma_ex.c **** 
 217:Drivers/STM32WLxx_HAL_Driver/Src/stm32wlxx_hal_dma_ex.c ****     return HAL_OK;
 275              		.loc 1 217 5 is_stmt 1 view .LVU88
 276              		.loc 1 217 12 is_stmt 0 view .LVU89
 277 0012 0020     		movs	r0, #0
 278              	.LVL23:
 279              		.loc 1 217 12 view .LVU90
 280 0014 7047     		bx	lr
 281              	.LVL24:
 282              	.L21:
 218:Drivers/STM32WLxx_HAL_Driver/Src/stm32wlxx_hal_dma_ex.c ****   }
 219:Drivers/STM32WLxx_HAL_Driver/Src/stm32wlxx_hal_dma_ex.c ****   else
 220:Drivers/STM32WLxx_HAL_Driver/Src/stm32wlxx_hal_dma_ex.c ****   {
 221:Drivers/STM32WLxx_HAL_Driver/Src/stm32wlxx_hal_dma_ex.c ****     return HAL_ERROR;
 283              		.loc 1 221 12 view .LVU91
 284 0016 0120     		movs	r0, #1
 285              	.LVL25:
 286              		.loc 1 221 12 view .LVU92
 287 0018 7047     		bx	lr
 288              	.LVL26:
 289              	.L22:
 290              		.loc 1 221 12 view .LVU93
 291 001a 0120     		movs	r0, #1
 292              	.LVL27:
 222:Drivers/STM32WLxx_HAL_Driver/Src/stm32wlxx_hal_dma_ex.c ****   }
 223:Drivers/STM32WLxx_HAL_Driver/Src/stm32wlxx_hal_dma_ex.c **** }
 293              		.loc 1 223 1 view .LVU94
 294 001c 7047     		bx	lr
 295              		.cfi_endproc
 296              	.LFE846:
 298              		.section	.text.HAL_DMAEx_DisableMuxRequestGenerator,"ax",%progbits
 299              		.align	1
 300              		.global	HAL_DMAEx_DisableMuxRequestGenerator
 301              		.syntax unified
 302              		.thumb
 303              		.thumb_func
 304              		.fpu softvfp
 306              	HAL_DMAEx_DisableMuxRequestGenerator:
 307              	.LVL28:
 308              	.LFB847:
 224:Drivers/STM32WLxx_HAL_Driver/Src/stm32wlxx_hal_dma_ex.c **** 
 225:Drivers/STM32WLxx_HAL_Driver/Src/stm32wlxx_hal_dma_ex.c **** /**
 226:Drivers/STM32WLxx_HAL_Driver/Src/stm32wlxx_hal_dma_ex.c ****   * @brief Disable the DMAMUX request generator block used by the given DMA channel (instance).
 227:Drivers/STM32WLxx_HAL_Driver/Src/stm32wlxx_hal_dma_ex.c ****   * @param hdma Pointer to a DMA_HandleTypeDef structure that contains
 228:Drivers/STM32WLxx_HAL_Driver/Src/stm32wlxx_hal_dma_ex.c ****   *             the configuration information for the specified DMA channel.
 229:Drivers/STM32WLxx_HAL_Driver/Src/stm32wlxx_hal_dma_ex.c ****   * @retval HAL status
 230:Drivers/STM32WLxx_HAL_Driver/Src/stm32wlxx_hal_dma_ex.c ****   */
 231:Drivers/STM32WLxx_HAL_Driver/Src/stm32wlxx_hal_dma_ex.c **** HAL_StatusTypeDef HAL_DMAEx_DisableMuxRequestGenerator(DMA_HandleTypeDef *hdma)
 232:Drivers/STM32WLxx_HAL_Driver/Src/stm32wlxx_hal_dma_ex.c **** {
 309              		.loc 1 232 1 is_stmt 1 view -0
 310              		.cfi_startproc
 311              		@ args = 0, pretend = 0, frame = 0
ARM GAS  /var/folders/9y/n02fl3g16gnf7ppy14xghdy80000gn/T//cciHnUlv.s 			page 11


 312              		@ frame_needed = 0, uses_anonymous_args = 0
 313              		@ link register save eliminated.
 233:Drivers/STM32WLxx_HAL_Driver/Src/stm32wlxx_hal_dma_ex.c ****   /* Check the parameters */
 234:Drivers/STM32WLxx_HAL_Driver/Src/stm32wlxx_hal_dma_ex.c ****   assert_param(IS_DMA_ALL_INSTANCE(hdma->Instance));
 314              		.loc 1 234 3 view .LVU96
 235:Drivers/STM32WLxx_HAL_Driver/Src/stm32wlxx_hal_dma_ex.c **** 
 236:Drivers/STM32WLxx_HAL_Driver/Src/stm32wlxx_hal_dma_ex.c ****   /* check if the DMA state is ready
 237:Drivers/STM32WLxx_HAL_Driver/Src/stm32wlxx_hal_dma_ex.c ****      and DMA is using a DMAMUX request generator block
 238:Drivers/STM32WLxx_HAL_Driver/Src/stm32wlxx_hal_dma_ex.c ****   */
 239:Drivers/STM32WLxx_HAL_Driver/Src/stm32wlxx_hal_dma_ex.c ****   if ((hdma->State != HAL_DMA_STATE_RESET) && (hdma->DMAmuxRequestGen != 0))
 315              		.loc 1 239 3 view .LVU97
 316              		.loc 1 239 12 is_stmt 0 view .LVU98
 317 0000 90F82530 		ldrb	r3, [r0, #37]	@ zero_extendqisi2
 318              		.loc 1 239 6 view .LVU99
 319 0004 3BB1     		cbz	r3, .L25
 320              		.loc 1 239 52 discriminator 1 view .LVU100
 321 0006 436D     		ldr	r3, [r0, #84]
 322              		.loc 1 239 44 discriminator 1 view .LVU101
 323 0008 3BB1     		cbz	r3, .L26
 240:Drivers/STM32WLxx_HAL_Driver/Src/stm32wlxx_hal_dma_ex.c ****   {
 241:Drivers/STM32WLxx_HAL_Driver/Src/stm32wlxx_hal_dma_ex.c **** 
 242:Drivers/STM32WLxx_HAL_Driver/Src/stm32wlxx_hal_dma_ex.c ****     /* Disable the request generator*/
 243:Drivers/STM32WLxx_HAL_Driver/Src/stm32wlxx_hal_dma_ex.c ****     hdma->DMAmuxRequestGen->RGCR &= ~DMAMUX_RGxCR_GE;
 324              		.loc 1 243 5 is_stmt 1 view .LVU102
 325              		.loc 1 243 34 is_stmt 0 view .LVU103
 326 000a 1A68     		ldr	r2, [r3]
 327 000c 22F48032 		bic	r2, r2, #65536
 328 0010 1A60     		str	r2, [r3]
 244:Drivers/STM32WLxx_HAL_Driver/Src/stm32wlxx_hal_dma_ex.c **** 
 245:Drivers/STM32WLxx_HAL_Driver/Src/stm32wlxx_hal_dma_ex.c ****     return HAL_OK;
 329              		.loc 1 245 5 is_stmt 1 view .LVU104
 330              		.loc 1 245 12 is_stmt 0 view .LVU105
 331 0012 0020     		movs	r0, #0
 332              	.LVL29:
 333              		.loc 1 245 12 view .LVU106
 334 0014 7047     		bx	lr
 335              	.LVL30:
 336              	.L25:
 246:Drivers/STM32WLxx_HAL_Driver/Src/stm32wlxx_hal_dma_ex.c ****   }
 247:Drivers/STM32WLxx_HAL_Driver/Src/stm32wlxx_hal_dma_ex.c ****   else
 248:Drivers/STM32WLxx_HAL_Driver/Src/stm32wlxx_hal_dma_ex.c ****   {
 249:Drivers/STM32WLxx_HAL_Driver/Src/stm32wlxx_hal_dma_ex.c ****     return HAL_ERROR;
 337              		.loc 1 249 12 view .LVU107
 338 0016 0120     		movs	r0, #1
 339              	.LVL31:
 340              		.loc 1 249 12 view .LVU108
 341 0018 7047     		bx	lr
 342              	.LVL32:
 343              	.L26:
 344              		.loc 1 249 12 view .LVU109
 345 001a 0120     		movs	r0, #1
 346              	.LVL33:
 250:Drivers/STM32WLxx_HAL_Driver/Src/stm32wlxx_hal_dma_ex.c ****   }
 251:Drivers/STM32WLxx_HAL_Driver/Src/stm32wlxx_hal_dma_ex.c **** }
 347              		.loc 1 251 1 view .LVU110
 348 001c 7047     		bx	lr
 349              		.cfi_endproc
ARM GAS  /var/folders/9y/n02fl3g16gnf7ppy14xghdy80000gn/T//cciHnUlv.s 			page 12


 350              	.LFE847:
 352              		.section	.text.HAL_DMAEx_MUX_IRQHandler,"ax",%progbits
 353              		.align	1
 354              		.global	HAL_DMAEx_MUX_IRQHandler
 355              		.syntax unified
 356              		.thumb
 357              		.thumb_func
 358              		.fpu softvfp
 360              	HAL_DMAEx_MUX_IRQHandler:
 361              	.LVL34:
 362              	.LFB848:
 252:Drivers/STM32WLxx_HAL_Driver/Src/stm32wlxx_hal_dma_ex.c **** 
 253:Drivers/STM32WLxx_HAL_Driver/Src/stm32wlxx_hal_dma_ex.c **** /**
 254:Drivers/STM32WLxx_HAL_Driver/Src/stm32wlxx_hal_dma_ex.c ****   * @brief Handles DMAMUX interrupt request.
 255:Drivers/STM32WLxx_HAL_Driver/Src/stm32wlxx_hal_dma_ex.c ****   * @param hdma Pointer to a DMA_HandleTypeDef structure that contains
 256:Drivers/STM32WLxx_HAL_Driver/Src/stm32wlxx_hal_dma_ex.c ****   *             the configuration information for the specified DMA channel.
 257:Drivers/STM32WLxx_HAL_Driver/Src/stm32wlxx_hal_dma_ex.c ****   * @retval None
 258:Drivers/STM32WLxx_HAL_Driver/Src/stm32wlxx_hal_dma_ex.c ****   */
 259:Drivers/STM32WLxx_HAL_Driver/Src/stm32wlxx_hal_dma_ex.c **** void HAL_DMAEx_MUX_IRQHandler(DMA_HandleTypeDef *hdma)
 260:Drivers/STM32WLxx_HAL_Driver/Src/stm32wlxx_hal_dma_ex.c **** {
 363              		.loc 1 260 1 is_stmt 1 view -0
 364              		.cfi_startproc
 365              		@ args = 0, pretend = 0, frame = 0
 366              		@ frame_needed = 0, uses_anonymous_args = 0
 367              		.loc 1 260 1 is_stmt 0 view .LVU112
 368 0000 10B5     		push	{r4, lr}
 369              		.cfi_def_cfa_offset 8
 370              		.cfi_offset 4, -8
 371              		.cfi_offset 14, -4
 372 0002 0446     		mov	r4, r0
 261:Drivers/STM32WLxx_HAL_Driver/Src/stm32wlxx_hal_dma_ex.c ****   /* Check for DMAMUX Synchronization overrun */
 262:Drivers/STM32WLxx_HAL_Driver/Src/stm32wlxx_hal_dma_ex.c ****   if ((hdma->DMAmuxChannelStatus->CSR & hdma->DMAmuxChannelStatusMask) != 0U)
 373              		.loc 1 262 3 is_stmt 1 view .LVU113
 374              		.loc 1 262 12 is_stmt 0 view .LVU114
 375 0004 C36C     		ldr	r3, [r0, #76]
 376              		.loc 1 262 33 view .LVU115
 377 0006 1A68     		ldr	r2, [r3]
 378              		.loc 1 262 45 view .LVU116
 379 0008 036D     		ldr	r3, [r0, #80]
 380              		.loc 1 262 6 view .LVU117
 381 000a 1A42     		tst	r2, r3
 382 000c 0ED0     		beq	.L28
 263:Drivers/STM32WLxx_HAL_Driver/Src/stm32wlxx_hal_dma_ex.c ****   {
 264:Drivers/STM32WLxx_HAL_Driver/Src/stm32wlxx_hal_dma_ex.c ****     /* Disable the synchro overrun interrupt */
 265:Drivers/STM32WLxx_HAL_Driver/Src/stm32wlxx_hal_dma_ex.c ****     hdma->DMAmuxChannel->CCR &= ~DMAMUX_CxCR_SOIE;
 383              		.loc 1 265 5 is_stmt 1 view .LVU118
 384              		.loc 1 265 9 is_stmt 0 view .LVU119
 385 000e 826C     		ldr	r2, [r0, #72]
 386              		.loc 1 265 30 view .LVU120
 387 0010 1368     		ldr	r3, [r2]
 388 0012 23F48073 		bic	r3, r3, #256
 389 0016 1360     		str	r3, [r2]
 266:Drivers/STM32WLxx_HAL_Driver/Src/stm32wlxx_hal_dma_ex.c **** 
 267:Drivers/STM32WLxx_HAL_Driver/Src/stm32wlxx_hal_dma_ex.c ****     /* Clear the DMAMUX synchro overrun flag */
 268:Drivers/STM32WLxx_HAL_Driver/Src/stm32wlxx_hal_dma_ex.c ****     hdma->DMAmuxChannelStatus->CFR = hdma->DMAmuxChannelStatusMask;
 390              		.loc 1 268 5 is_stmt 1 view .LVU121
 391              		.loc 1 268 9 is_stmt 0 view .LVU122
ARM GAS  /var/folders/9y/n02fl3g16gnf7ppy14xghdy80000gn/T//cciHnUlv.s 			page 13


 392 0018 C36C     		ldr	r3, [r0, #76]
 393              		.loc 1 268 42 view .LVU123
 394 001a 026D     		ldr	r2, [r0, #80]
 395              		.loc 1 268 36 view .LVU124
 396 001c 5A60     		str	r2, [r3, #4]
 269:Drivers/STM32WLxx_HAL_Driver/Src/stm32wlxx_hal_dma_ex.c **** 
 270:Drivers/STM32WLxx_HAL_Driver/Src/stm32wlxx_hal_dma_ex.c ****     /* Update error code */
 271:Drivers/STM32WLxx_HAL_Driver/Src/stm32wlxx_hal_dma_ex.c ****     hdma->ErrorCode |= HAL_DMA_ERROR_SYNC;
 397              		.loc 1 271 5 is_stmt 1 view .LVU125
 398              		.loc 1 271 21 is_stmt 0 view .LVU126
 399 001e C36B     		ldr	r3, [r0, #60]
 400 0020 43F40073 		orr	r3, r3, #512
 401 0024 C363     		str	r3, [r0, #60]
 272:Drivers/STM32WLxx_HAL_Driver/Src/stm32wlxx_hal_dma_ex.c **** 
 273:Drivers/STM32WLxx_HAL_Driver/Src/stm32wlxx_hal_dma_ex.c ****     if (hdma->XferErrorCallback != NULL)
 402              		.loc 1 273 5 is_stmt 1 view .LVU127
 403              		.loc 1 273 13 is_stmt 0 view .LVU128
 404 0026 436B     		ldr	r3, [r0, #52]
 405              		.loc 1 273 8 view .LVU129
 406 0028 03B1     		cbz	r3, .L28
 274:Drivers/STM32WLxx_HAL_Driver/Src/stm32wlxx_hal_dma_ex.c ****     {
 275:Drivers/STM32WLxx_HAL_Driver/Src/stm32wlxx_hal_dma_ex.c ****       /* Transfer error callback */
 276:Drivers/STM32WLxx_HAL_Driver/Src/stm32wlxx_hal_dma_ex.c ****       hdma->XferErrorCallback(hdma);
 407              		.loc 1 276 7 is_stmt 1 view .LVU130
 408 002a 9847     		blx	r3
 409              	.LVL35:
 410              	.L28:
 277:Drivers/STM32WLxx_HAL_Driver/Src/stm32wlxx_hal_dma_ex.c ****     }
 278:Drivers/STM32WLxx_HAL_Driver/Src/stm32wlxx_hal_dma_ex.c ****   }
 279:Drivers/STM32WLxx_HAL_Driver/Src/stm32wlxx_hal_dma_ex.c **** 
 280:Drivers/STM32WLxx_HAL_Driver/Src/stm32wlxx_hal_dma_ex.c ****   if (hdma->DMAmuxRequestGen != 0)
 411              		.loc 1 280 3 view .LVU131
 412              		.loc 1 280 11 is_stmt 0 view .LVU132
 413 002c 636D     		ldr	r3, [r4, #84]
 414              		.loc 1 280 6 view .LVU133
 415 002e 9BB1     		cbz	r3, .L27
 281:Drivers/STM32WLxx_HAL_Driver/Src/stm32wlxx_hal_dma_ex.c ****   {
 282:Drivers/STM32WLxx_HAL_Driver/Src/stm32wlxx_hal_dma_ex.c ****     /* if using a DMAMUX request generator block Check for DMAMUX request generator overrun */
 283:Drivers/STM32WLxx_HAL_Driver/Src/stm32wlxx_hal_dma_ex.c ****     if ((hdma->DMAmuxRequestGenStatus->RGSR & hdma->DMAmuxRequestGenStatusMask) != 0U)
 416              		.loc 1 283 5 is_stmt 1 view .LVU134
 417              		.loc 1 283 14 is_stmt 0 view .LVU135
 418 0030 A26D     		ldr	r2, [r4, #88]
 419              		.loc 1 283 38 view .LVU136
 420 0032 1168     		ldr	r1, [r2]
 421              		.loc 1 283 51 view .LVU137
 422 0034 E26D     		ldr	r2, [r4, #92]
 423              		.loc 1 283 8 view .LVU138
 424 0036 1142     		tst	r1, r2
 425 0038 0ED0     		beq	.L27
 284:Drivers/STM32WLxx_HAL_Driver/Src/stm32wlxx_hal_dma_ex.c ****     {
 285:Drivers/STM32WLxx_HAL_Driver/Src/stm32wlxx_hal_dma_ex.c ****       /* Disable the request gen overrun interrupt */
 286:Drivers/STM32WLxx_HAL_Driver/Src/stm32wlxx_hal_dma_ex.c ****       hdma->DMAmuxRequestGen->RGCR &= ~DMAMUX_RGxCR_OIE;
 426              		.loc 1 286 7 is_stmt 1 view .LVU139
 427              		.loc 1 286 36 is_stmt 0 view .LVU140
 428 003a 1A68     		ldr	r2, [r3]
 429 003c 22F48072 		bic	r2, r2, #256
 430 0040 1A60     		str	r2, [r3]
ARM GAS  /var/folders/9y/n02fl3g16gnf7ppy14xghdy80000gn/T//cciHnUlv.s 			page 14


 287:Drivers/STM32WLxx_HAL_Driver/Src/stm32wlxx_hal_dma_ex.c **** 
 288:Drivers/STM32WLxx_HAL_Driver/Src/stm32wlxx_hal_dma_ex.c ****       /* Clear the DMAMUX request generator overrun flag */
 289:Drivers/STM32WLxx_HAL_Driver/Src/stm32wlxx_hal_dma_ex.c ****       hdma->DMAmuxRequestGenStatus->RGCFR = hdma->DMAmuxRequestGenStatusMask;
 431              		.loc 1 289 7 is_stmt 1 view .LVU141
 432              		.loc 1 289 11 is_stmt 0 view .LVU142
 433 0042 A36D     		ldr	r3, [r4, #88]
 434              		.loc 1 289 49 view .LVU143
 435 0044 E26D     		ldr	r2, [r4, #92]
 436              		.loc 1 289 43 view .LVU144
 437 0046 5A60     		str	r2, [r3, #4]
 290:Drivers/STM32WLxx_HAL_Driver/Src/stm32wlxx_hal_dma_ex.c **** 
 291:Drivers/STM32WLxx_HAL_Driver/Src/stm32wlxx_hal_dma_ex.c ****       /* Update error code */
 292:Drivers/STM32WLxx_HAL_Driver/Src/stm32wlxx_hal_dma_ex.c ****       hdma->ErrorCode |= HAL_DMA_ERROR_REQGEN;
 438              		.loc 1 292 7 is_stmt 1 view .LVU145
 439              		.loc 1 292 23 is_stmt 0 view .LVU146
 440 0048 E36B     		ldr	r3, [r4, #60]
 441 004a 43F48063 		orr	r3, r3, #1024
 442 004e E363     		str	r3, [r4, #60]
 293:Drivers/STM32WLxx_HAL_Driver/Src/stm32wlxx_hal_dma_ex.c **** 
 294:Drivers/STM32WLxx_HAL_Driver/Src/stm32wlxx_hal_dma_ex.c ****       if (hdma->XferErrorCallback != NULL)
 443              		.loc 1 294 7 is_stmt 1 view .LVU147
 444              		.loc 1 294 15 is_stmt 0 view .LVU148
 445 0050 636B     		ldr	r3, [r4, #52]
 446              		.loc 1 294 10 view .LVU149
 447 0052 0BB1     		cbz	r3, .L27
 295:Drivers/STM32WLxx_HAL_Driver/Src/stm32wlxx_hal_dma_ex.c ****       {
 296:Drivers/STM32WLxx_HAL_Driver/Src/stm32wlxx_hal_dma_ex.c ****         /* Transfer error callback */
 297:Drivers/STM32WLxx_HAL_Driver/Src/stm32wlxx_hal_dma_ex.c ****         hdma->XferErrorCallback(hdma);
 448              		.loc 1 297 9 is_stmt 1 view .LVU150
 449 0054 2046     		mov	r0, r4
 450 0056 9847     		blx	r3
 451              	.LVL36:
 452              	.L27:
 298:Drivers/STM32WLxx_HAL_Driver/Src/stm32wlxx_hal_dma_ex.c ****       }
 299:Drivers/STM32WLxx_HAL_Driver/Src/stm32wlxx_hal_dma_ex.c ****     }
 300:Drivers/STM32WLxx_HAL_Driver/Src/stm32wlxx_hal_dma_ex.c ****   }
 301:Drivers/STM32WLxx_HAL_Driver/Src/stm32wlxx_hal_dma_ex.c **** }
 453              		.loc 1 301 1 is_stmt 0 view .LVU151
 454 0058 10BD     		pop	{r4, pc}
 455              		.loc 1 301 1 view .LVU152
 456              		.cfi_endproc
 457              	.LFE848:
 459              		.text
 460              	.Letext0:
 461              		.file 2 "/opt/homebrew/Cellar/arm-none-eabi-gcc/10.3-2021.07/gcc/arm-none-eabi/include/machine/_de
 462              		.file 3 "/opt/homebrew/Cellar/arm-none-eabi-gcc/10.3-2021.07/gcc/arm-none-eabi/include/sys/_stdint
 463              		.file 4 "Drivers/CMSIS/Device/ST/STM32WLxx/Include/stm32wle5xx.h"
 464              		.file 5 "Drivers/CMSIS/Device/ST/STM32WLxx/Include/stm32wlxx.h"
 465              		.file 6 "Drivers/STM32WLxx_HAL_Driver/Inc/stm32wlxx_hal_def.h"
 466              		.file 7 "Drivers/STM32WLxx_HAL_Driver/Inc/stm32wlxx_hal_dma.h"
 467              		.file 8 "Drivers/STM32WLxx_HAL_Driver/Inc/stm32wlxx_hal_dma_ex.h"
 468              		.file 9 "Drivers/STM32WLxx_HAL_Driver/Inc/stm32wlxx_ll_dma.h"
ARM GAS  /var/folders/9y/n02fl3g16gnf7ppy14xghdy80000gn/T//cciHnUlv.s 			page 15


DEFINED SYMBOLS
                            *ABS*:0000000000000000 stm32wlxx_hal_dma_ex.c
/var/folders/9y/n02fl3g16gnf7ppy14xghdy80000gn/T//cciHnUlv.s:16     .text.HAL_DMAEx_ConfigMuxSync:0000000000000000 $t
/var/folders/9y/n02fl3g16gnf7ppy14xghdy80000gn/T//cciHnUlv.s:24     .text.HAL_DMAEx_ConfigMuxSync:0000000000000000 HAL_DMAEx_ConfigMuxSync
/var/folders/9y/n02fl3g16gnf7ppy14xghdy80000gn/T//cciHnUlv.s:116    .text.HAL_DMAEx_ConfigMuxRequestGenerator:0000000000000000 $t
/var/folders/9y/n02fl3g16gnf7ppy14xghdy80000gn/T//cciHnUlv.s:123    .text.HAL_DMAEx_ConfigMuxRequestGenerator:0000000000000000 HAL_DMAEx_ConfigMuxRequestGenerator
/var/folders/9y/n02fl3g16gnf7ppy14xghdy80000gn/T//cciHnUlv.s:245    .text.HAL_DMAEx_EnableMuxRequestGenerator:0000000000000000 $t
/var/folders/9y/n02fl3g16gnf7ppy14xghdy80000gn/T//cciHnUlv.s:252    .text.HAL_DMAEx_EnableMuxRequestGenerator:0000000000000000 HAL_DMAEx_EnableMuxRequestGenerator
/var/folders/9y/n02fl3g16gnf7ppy14xghdy80000gn/T//cciHnUlv.s:299    .text.HAL_DMAEx_DisableMuxRequestGenerator:0000000000000000 $t
/var/folders/9y/n02fl3g16gnf7ppy14xghdy80000gn/T//cciHnUlv.s:306    .text.HAL_DMAEx_DisableMuxRequestGenerator:0000000000000000 HAL_DMAEx_DisableMuxRequestGenerator
/var/folders/9y/n02fl3g16gnf7ppy14xghdy80000gn/T//cciHnUlv.s:353    .text.HAL_DMAEx_MUX_IRQHandler:0000000000000000 $t
/var/folders/9y/n02fl3g16gnf7ppy14xghdy80000gn/T//cciHnUlv.s:360    .text.HAL_DMAEx_MUX_IRQHandler:0000000000000000 HAL_DMAEx_MUX_IRQHandler

NO UNDEFINED SYMBOLS
