ARM GAS  /var/folders/9y/n02fl3g16gnf7ppy14xghdy80000gn/T//ccfkl0KM.s 			page 1


   1              		.cpu cortex-m4
   2              		.eabi_attribute 20, 1
   3              		.eabi_attribute 21, 1
   4              		.eabi_attribute 23, 3
   5              		.eabi_attribute 24, 1
   6              		.eabi_attribute 25, 1
   7              		.eabi_attribute 26, 1
   8              		.eabi_attribute 30, 1
   9              		.eabi_attribute 34, 1
  10              		.eabi_attribute 18, 4
  11              		.file	"seeed-e5-mini_bsp.c"
  12              		.text
  13              	.Ltext0:
  14              		.cfi_sections	.debug_frame
  15              		.section	.text.BSP_LED_Init,"ax",%progbits
  16              		.align	1
  17              		.global	BSP_LED_Init
  18              		.arch armv7e-m
  19              		.syntax unified
  20              		.thumb
  21              		.thumb_func
  22              		.fpu softvfp
  24              	BSP_LED_Init:
  25              	.LFB1163:
  26              		.file 1 "Core/Src/seeed-e5-mini_bsp.c"
   1:Core/Src/seeed-e5-mini_bsp.c **** /** @file 		seeed-e5-mini_bsp.c
   2:Core/Src/seeed-e5-mini_bsp.c ****  *  @brief 
   3:Core/Src/seeed-e5-mini_bsp.c ****  *
   4:Core/Src/seeed-e5-mini_bsp.c ****  *
   5:Core/Src/seeed-e5-mini_bsp.c ****  *  @author 	jpwolfe
   6:Core/Src/seeed-e5-mini_bsp.c ****  *  @date 		Oct 9, 2022
   7:Core/Src/seeed-e5-mini_bsp.c ****  */
   8:Core/Src/seeed-e5-mini_bsp.c **** #include "seeed-e5-mini_bsp.h"
   9:Core/Src/seeed-e5-mini_bsp.c **** 
  10:Core/Src/seeed-e5-mini_bsp.c **** void
  11:Core/Src/seeed-e5-mini_bsp.c **** BSP_LED_Init(void)
  12:Core/Src/seeed-e5-mini_bsp.c **** {
  27              		.loc 1 12 1 view -0
  28              		.cfi_startproc
  29              		@ args = 0, pretend = 0, frame = 0
  30              		@ frame_needed = 0, uses_anonymous_args = 0
  31              		@ link register save eliminated.
  13:Core/Src/seeed-e5-mini_bsp.c **** 	RCC->AHB2ENR |=	RCC_AHB2ENR_GPIOBEN;
  32              		.loc 1 13 2 view .LVU1
  33              		.loc 1 13 15 is_stmt 0 view .LVU2
  34 0000 4FF0B042 		mov	r2, #1476395008
  35 0004 D36C     		ldr	r3, [r2, #76]
  36 0006 43F00203 		orr	r3, r3, #2
  37 000a D364     		str	r3, [r2, #76]
  14:Core/Src/seeed-e5-mini_bsp.c **** 
  15:Core/Src/seeed-e5-mini_bsp.c **** 	GPIOB->MODER &=	~GPIO_MODER_MODE5;
  38              		.loc 1 15 2 is_stmt 1 view .LVU3
  39              		.loc 1 15 15 is_stmt 0 view .LVU4
  40 000c 044B     		ldr	r3, .L2
  41 000e 1A68     		ldr	r2, [r3]
  42 0010 22F44062 		bic	r2, r2, #3072
  43 0014 1A60     		str	r2, [r3]
ARM GAS  /var/folders/9y/n02fl3g16gnf7ppy14xghdy80000gn/T//ccfkl0KM.s 			page 2


  16:Core/Src/seeed-e5-mini_bsp.c **** 	GPIOB->MODER |=	GPIO_MODER_MODE5_0;
  44              		.loc 1 16 2 is_stmt 1 view .LVU5
  45              		.loc 1 16 15 is_stmt 0 view .LVU6
  46 0016 1A68     		ldr	r2, [r3]
  47 0018 42F48062 		orr	r2, r2, #1024
  48 001c 1A60     		str	r2, [r3]
  17:Core/Src/seeed-e5-mini_bsp.c **** }
  49              		.loc 1 17 1 view .LVU7
  50 001e 7047     		bx	lr
  51              	.L3:
  52              		.align	2
  53              	.L2:
  54 0020 00040048 		.word	1207960576
  55              		.cfi_endproc
  56              	.LFE1163:
  58              		.section	.text.BSP_LED_Off,"ax",%progbits
  59              		.align	1
  60              		.global	BSP_LED_Off
  61              		.syntax unified
  62              		.thumb
  63              		.thumb_func
  64              		.fpu softvfp
  66              	BSP_LED_Off:
  67              	.LFB1164:
  18:Core/Src/seeed-e5-mini_bsp.c **** 
  19:Core/Src/seeed-e5-mini_bsp.c **** void
  20:Core/Src/seeed-e5-mini_bsp.c **** BSP_LED_Off(void)
  21:Core/Src/seeed-e5-mini_bsp.c **** {
  68              		.loc 1 21 1 is_stmt 1 view -0
  69              		.cfi_startproc
  70              		@ args = 0, pretend = 0, frame = 0
  71              		@ frame_needed = 0, uses_anonymous_args = 0
  72              		@ link register save eliminated.
  22:Core/Src/seeed-e5-mini_bsp.c **** 	GPIOB->BSRR	|= GPIO_BSRR_BR5;
  73              		.loc 1 22 2 view .LVU9
  74              		.loc 1 22 14 is_stmt 0 view .LVU10
  75 0000 024A     		ldr	r2, .L5
  76 0002 9369     		ldr	r3, [r2, #24]
  77 0004 43F40013 		orr	r3, r3, #2097152
  78 0008 9361     		str	r3, [r2, #24]
  23:Core/Src/seeed-e5-mini_bsp.c **** }
  79              		.loc 1 23 1 view .LVU11
  80 000a 7047     		bx	lr
  81              	.L6:
  82              		.align	2
  83              	.L5:
  84 000c 00040048 		.word	1207960576
  85              		.cfi_endproc
  86              	.LFE1164:
  88              		.section	.text.BSP_LED_On,"ax",%progbits
  89              		.align	1
  90              		.global	BSP_LED_On
  91              		.syntax unified
  92              		.thumb
  93              		.thumb_func
  94              		.fpu softvfp
  96              	BSP_LED_On:
ARM GAS  /var/folders/9y/n02fl3g16gnf7ppy14xghdy80000gn/T//ccfkl0KM.s 			page 3


  97              	.LFB1165:
  24:Core/Src/seeed-e5-mini_bsp.c **** 
  25:Core/Src/seeed-e5-mini_bsp.c **** void
  26:Core/Src/seeed-e5-mini_bsp.c **** BSP_LED_On(void)
  27:Core/Src/seeed-e5-mini_bsp.c **** {
  98              		.loc 1 27 1 is_stmt 1 view -0
  99              		.cfi_startproc
 100              		@ args = 0, pretend = 0, frame = 0
 101              		@ frame_needed = 0, uses_anonymous_args = 0
 102              		@ link register save eliminated.
  28:Core/Src/seeed-e5-mini_bsp.c **** 	GPIOB->BSRR	|= GPIO_BSRR_BS5;
 103              		.loc 1 28 2 view .LVU13
 104              		.loc 1 28 14 is_stmt 0 view .LVU14
 105 0000 024A     		ldr	r2, .L8
 106 0002 9369     		ldr	r3, [r2, #24]
 107 0004 43F02003 		orr	r3, r3, #32
 108 0008 9361     		str	r3, [r2, #24]
  29:Core/Src/seeed-e5-mini_bsp.c **** }
 109              		.loc 1 29 1 view .LVU15
 110 000a 7047     		bx	lr
 111              	.L9:
 112              		.align	2
 113              	.L8:
 114 000c 00040048 		.word	1207960576
 115              		.cfi_endproc
 116              	.LFE1165:
 118              		.section	.text.BSP_LED_Toggle,"ax",%progbits
 119              		.align	1
 120              		.global	BSP_LED_Toggle
 121              		.syntax unified
 122              		.thumb
 123              		.thumb_func
 124              		.fpu softvfp
 126              	BSP_LED_Toggle:
 127              	.LFB1166:
  30:Core/Src/seeed-e5-mini_bsp.c **** 
  31:Core/Src/seeed-e5-mini_bsp.c **** void
  32:Core/Src/seeed-e5-mini_bsp.c **** BSP_LED_Toggle(void)
  33:Core/Src/seeed-e5-mini_bsp.c **** {
 128              		.loc 1 33 1 is_stmt 1 view -0
 129              		.cfi_startproc
 130              		@ args = 0, pretend = 0, frame = 0
 131              		@ frame_needed = 0, uses_anonymous_args = 0
 132              		@ link register save eliminated.
  34:Core/Src/seeed-e5-mini_bsp.c **** 	GPIOB->ODR	^= GPIO_ODR_OD5;
 133              		.loc 1 34 2 view .LVU17
 134              		.loc 1 34 13 is_stmt 0 view .LVU18
 135 0000 024A     		ldr	r2, .L11
 136 0002 5369     		ldr	r3, [r2, #20]
 137 0004 83F02003 		eor	r3, r3, #32
 138 0008 5361     		str	r3, [r2, #20]
  35:Core/Src/seeed-e5-mini_bsp.c **** }
 139              		.loc 1 35 1 view .LVU19
 140 000a 7047     		bx	lr
 141              	.L12:
 142              		.align	2
 143              	.L11:
ARM GAS  /var/folders/9y/n02fl3g16gnf7ppy14xghdy80000gn/T//ccfkl0KM.s 			page 4


 144 000c 00040048 		.word	1207960576
 145              		.cfi_endproc
 146              	.LFE1166:
 148              		.text
 149              	.Letext0:
 150              		.file 2 "/opt/homebrew/Cellar/arm-none-eabi-gcc/10.3-2021.07/gcc/arm-none-eabi/include/machine/_de
 151              		.file 3 "/opt/homebrew/Cellar/arm-none-eabi-gcc/10.3-2021.07/gcc/arm-none-eabi/include/sys/_stdint
 152              		.file 4 "Drivers/CMSIS/Device/ST/STM32WLxx/Include/stm32wle5xx.h"
 153              		.file 5 "Drivers/STM32WLxx_HAL_Driver/Inc/stm32wlxx_ll_dma.h"
ARM GAS  /var/folders/9y/n02fl3g16gnf7ppy14xghdy80000gn/T//ccfkl0KM.s 			page 5


DEFINED SYMBOLS
                            *ABS*:0000000000000000 seeed-e5-mini_bsp.c
/var/folders/9y/n02fl3g16gnf7ppy14xghdy80000gn/T//ccfkl0KM.s:16     .text.BSP_LED_Init:0000000000000000 $t
/var/folders/9y/n02fl3g16gnf7ppy14xghdy80000gn/T//ccfkl0KM.s:24     .text.BSP_LED_Init:0000000000000000 BSP_LED_Init
/var/folders/9y/n02fl3g16gnf7ppy14xghdy80000gn/T//ccfkl0KM.s:54     .text.BSP_LED_Init:0000000000000020 $d
/var/folders/9y/n02fl3g16gnf7ppy14xghdy80000gn/T//ccfkl0KM.s:59     .text.BSP_LED_Off:0000000000000000 $t
/var/folders/9y/n02fl3g16gnf7ppy14xghdy80000gn/T//ccfkl0KM.s:66     .text.BSP_LED_Off:0000000000000000 BSP_LED_Off
/var/folders/9y/n02fl3g16gnf7ppy14xghdy80000gn/T//ccfkl0KM.s:84     .text.BSP_LED_Off:000000000000000c $d
/var/folders/9y/n02fl3g16gnf7ppy14xghdy80000gn/T//ccfkl0KM.s:89     .text.BSP_LED_On:0000000000000000 $t
/var/folders/9y/n02fl3g16gnf7ppy14xghdy80000gn/T//ccfkl0KM.s:96     .text.BSP_LED_On:0000000000000000 BSP_LED_On
/var/folders/9y/n02fl3g16gnf7ppy14xghdy80000gn/T//ccfkl0KM.s:114    .text.BSP_LED_On:000000000000000c $d
/var/folders/9y/n02fl3g16gnf7ppy14xghdy80000gn/T//ccfkl0KM.s:119    .text.BSP_LED_Toggle:0000000000000000 $t
/var/folders/9y/n02fl3g16gnf7ppy14xghdy80000gn/T//ccfkl0KM.s:126    .text.BSP_LED_Toggle:0000000000000000 BSP_LED_Toggle
/var/folders/9y/n02fl3g16gnf7ppy14xghdy80000gn/T//ccfkl0KM.s:144    .text.BSP_LED_Toggle:000000000000000c $d

NO UNDEFINED SYMBOLS
