ARM GAS  /var/folders/9y/n02fl3g16gnf7ppy14xghdy80000gn/T//ccaH7Vz4.s 			page 1


   1              		.cpu cortex-m4
   2              		.eabi_attribute 20, 1
   3              		.eabi_attribute 21, 1
   4              		.eabi_attribute 23, 3
   5              		.eabi_attribute 24, 1
   6              		.eabi_attribute 25, 1
   7              		.eabi_attribute 26, 1
   8              		.eabi_attribute 30, 1
   9              		.eabi_attribute 34, 1
  10              		.eabi_attribute 18, 4
  11              		.file	"stm32wlxx_hal_msp.c"
  12              		.text
  13              	.Ltext0:
  14              		.cfi_sections	.debug_frame
  15              		.section	.text.HAL_MspInit,"ax",%progbits
  16              		.align	1
  17              		.global	HAL_MspInit
  18              		.arch armv7e-m
  19              		.syntax unified
  20              		.thumb
  21              		.thumb_func
  22              		.fpu softvfp
  24              	HAL_MspInit:
  25              	.LFB1163:
  26              		.file 1 "Core/Src/stm32wlxx_hal_msp.c"
   1:Core/Src/stm32wlxx_hal_msp.c **** /* USER CODE BEGIN Header */
   2:Core/Src/stm32wlxx_hal_msp.c **** /**
   3:Core/Src/stm32wlxx_hal_msp.c ****   ******************************************************************************
   4:Core/Src/stm32wlxx_hal_msp.c ****   * @file         stm32wlxx_hal_msp.c
   5:Core/Src/stm32wlxx_hal_msp.c ****   * @brief        This file provides code for the MSP Initialization
   6:Core/Src/stm32wlxx_hal_msp.c ****   *               and de-Initialization codes.
   7:Core/Src/stm32wlxx_hal_msp.c ****   ******************************************************************************
   8:Core/Src/stm32wlxx_hal_msp.c ****   * @attention
   9:Core/Src/stm32wlxx_hal_msp.c ****   *
  10:Core/Src/stm32wlxx_hal_msp.c ****   * Copyright (c) 2022 STMicroelectronics.
  11:Core/Src/stm32wlxx_hal_msp.c ****   * All rights reserved.
  12:Core/Src/stm32wlxx_hal_msp.c ****   *
  13:Core/Src/stm32wlxx_hal_msp.c ****   * This software is licensed under terms that can be found in the LICENSE file
  14:Core/Src/stm32wlxx_hal_msp.c ****   * in the root directory of this software component.
  15:Core/Src/stm32wlxx_hal_msp.c ****   * If no LICENSE file comes with this software, it is provided AS-IS.
  16:Core/Src/stm32wlxx_hal_msp.c ****   *
  17:Core/Src/stm32wlxx_hal_msp.c ****   ******************************************************************************
  18:Core/Src/stm32wlxx_hal_msp.c ****   */
  19:Core/Src/stm32wlxx_hal_msp.c **** /* USER CODE END Header */
  20:Core/Src/stm32wlxx_hal_msp.c **** 
  21:Core/Src/stm32wlxx_hal_msp.c **** /* Includes ------------------------------------------------------------------*/
  22:Core/Src/stm32wlxx_hal_msp.c **** #include "main.h"
  23:Core/Src/stm32wlxx_hal_msp.c **** /* USER CODE BEGIN Includes */
  24:Core/Src/stm32wlxx_hal_msp.c **** 
  25:Core/Src/stm32wlxx_hal_msp.c **** /* USER CODE END Includes */
  26:Core/Src/stm32wlxx_hal_msp.c **** 
  27:Core/Src/stm32wlxx_hal_msp.c **** /* Private typedef -----------------------------------------------------------*/
  28:Core/Src/stm32wlxx_hal_msp.c **** /* USER CODE BEGIN TD */
  29:Core/Src/stm32wlxx_hal_msp.c **** 
  30:Core/Src/stm32wlxx_hal_msp.c **** /* USER CODE END TD */
  31:Core/Src/stm32wlxx_hal_msp.c **** 
  32:Core/Src/stm32wlxx_hal_msp.c **** /* Private define ------------------------------------------------------------*/
ARM GAS  /var/folders/9y/n02fl3g16gnf7ppy14xghdy80000gn/T//ccaH7Vz4.s 			page 2


  33:Core/Src/stm32wlxx_hal_msp.c **** /* USER CODE BEGIN Define */
  34:Core/Src/stm32wlxx_hal_msp.c **** 
  35:Core/Src/stm32wlxx_hal_msp.c **** /* USER CODE END Define */
  36:Core/Src/stm32wlxx_hal_msp.c **** 
  37:Core/Src/stm32wlxx_hal_msp.c **** /* Private macro -------------------------------------------------------------*/
  38:Core/Src/stm32wlxx_hal_msp.c **** /* USER CODE BEGIN Macro */
  39:Core/Src/stm32wlxx_hal_msp.c **** 
  40:Core/Src/stm32wlxx_hal_msp.c **** /* USER CODE END Macro */
  41:Core/Src/stm32wlxx_hal_msp.c **** 
  42:Core/Src/stm32wlxx_hal_msp.c **** /* Private variables ---------------------------------------------------------*/
  43:Core/Src/stm32wlxx_hal_msp.c **** /* USER CODE BEGIN PV */
  44:Core/Src/stm32wlxx_hal_msp.c **** 
  45:Core/Src/stm32wlxx_hal_msp.c **** /* USER CODE END PV */
  46:Core/Src/stm32wlxx_hal_msp.c **** 
  47:Core/Src/stm32wlxx_hal_msp.c **** /* Private function prototypes -----------------------------------------------*/
  48:Core/Src/stm32wlxx_hal_msp.c **** /* USER CODE BEGIN PFP */
  49:Core/Src/stm32wlxx_hal_msp.c **** 
  50:Core/Src/stm32wlxx_hal_msp.c **** /* USER CODE END PFP */
  51:Core/Src/stm32wlxx_hal_msp.c **** 
  52:Core/Src/stm32wlxx_hal_msp.c **** /* External functions --------------------------------------------------------*/
  53:Core/Src/stm32wlxx_hal_msp.c **** /* USER CODE BEGIN ExternalFunctions */
  54:Core/Src/stm32wlxx_hal_msp.c **** 
  55:Core/Src/stm32wlxx_hal_msp.c **** /* USER CODE END ExternalFunctions */
  56:Core/Src/stm32wlxx_hal_msp.c **** 
  57:Core/Src/stm32wlxx_hal_msp.c **** /* USER CODE BEGIN 0 */
  58:Core/Src/stm32wlxx_hal_msp.c **** 
  59:Core/Src/stm32wlxx_hal_msp.c **** /* USER CODE END 0 */
  60:Core/Src/stm32wlxx_hal_msp.c **** /**
  61:Core/Src/stm32wlxx_hal_msp.c ****   * Initializes the Global MSP.
  62:Core/Src/stm32wlxx_hal_msp.c ****   */
  63:Core/Src/stm32wlxx_hal_msp.c **** void HAL_MspInit(void)
  64:Core/Src/stm32wlxx_hal_msp.c **** {
  27              		.loc 1 64 1 view -0
  28              		.cfi_startproc
  29              		@ args = 0, pretend = 0, frame = 0
  30              		@ frame_needed = 0, uses_anonymous_args = 0
  31              		@ link register save eliminated.
  65:Core/Src/stm32wlxx_hal_msp.c ****   /* USER CODE BEGIN MspInit 0 */
  66:Core/Src/stm32wlxx_hal_msp.c **** 
  67:Core/Src/stm32wlxx_hal_msp.c ****   /* USER CODE END MspInit 0 */
  68:Core/Src/stm32wlxx_hal_msp.c **** 
  69:Core/Src/stm32wlxx_hal_msp.c ****   /* System interrupt init*/
  70:Core/Src/stm32wlxx_hal_msp.c **** 
  71:Core/Src/stm32wlxx_hal_msp.c ****   /* USER CODE BEGIN MspInit 1 */
  72:Core/Src/stm32wlxx_hal_msp.c **** 
  73:Core/Src/stm32wlxx_hal_msp.c ****   /* USER CODE END MspInit 1 */
  74:Core/Src/stm32wlxx_hal_msp.c **** }
  32              		.loc 1 74 1 view .LVU1
  33 0000 7047     		bx	lr
  34              		.cfi_endproc
  35              	.LFE1163:
  37              		.text
  38              	.Letext0:
  39              		.file 2 "/opt/homebrew/Cellar/arm-none-eabi-gcc/10.3-2021.07/gcc/arm-none-eabi/include/machine/_de
  40              		.file 3 "/opt/homebrew/Cellar/arm-none-eabi-gcc/10.3-2021.07/gcc/arm-none-eabi/include/sys/_stdint
  41              		.file 4 "Drivers/STM32WLxx_HAL_Driver/Inc/stm32wlxx_ll_dma.h"
ARM GAS  /var/folders/9y/n02fl3g16gnf7ppy14xghdy80000gn/T//ccaH7Vz4.s 			page 3


DEFINED SYMBOLS
                            *ABS*:0000000000000000 stm32wlxx_hal_msp.c
/var/folders/9y/n02fl3g16gnf7ppy14xghdy80000gn/T//ccaH7Vz4.s:16     .text.HAL_MspInit:0000000000000000 $t
/var/folders/9y/n02fl3g16gnf7ppy14xghdy80000gn/T//ccaH7Vz4.s:24     .text.HAL_MspInit:0000000000000000 HAL_MspInit

NO UNDEFINED SYMBOLS
