ARM GAS  /var/folders/9y/n02fl3g16gnf7ppy14xghdy80000gn/T//ccXBRBuZ.s 			page 1


   1              		.cpu cortex-m4
   2              		.eabi_attribute 20, 1
   3              		.eabi_attribute 21, 1
   4              		.eabi_attribute 23, 3
   5              		.eabi_attribute 24, 1
   6              		.eabi_attribute 25, 1
   7              		.eabi_attribute 26, 1
   8              		.eabi_attribute 30, 1
   9              		.eabi_attribute 34, 1
  10              		.eabi_attribute 18, 4
  11              		.file	"sysmem.c"
  12              		.text
  13              	.Ltext0:
  14              		.cfi_sections	.debug_frame
  15              		.section	.text._sbrk,"ax",%progbits
  16              		.align	1
  17              		.global	_sbrk
  18              		.arch armv7e-m
  19              		.syntax unified
  20              		.thumb
  21              		.thumb_func
  22              		.fpu softvfp
  24              	_sbrk:
  25              	.LVL0:
  26              	.LFB0:
  27              		.file 1 "Core/Src/sysmem.c"
   1:Core/Src/sysmem.c **** /**
   2:Core/Src/sysmem.c ****  ******************************************************************************
   3:Core/Src/sysmem.c ****  * @file      sysmem.c
   4:Core/Src/sysmem.c ****  * @author    Generated by STM32CubeIDE
   5:Core/Src/sysmem.c ****  * @brief     STM32CubeIDE System Memory calls file
   6:Core/Src/sysmem.c ****  *
   7:Core/Src/sysmem.c ****  *            For more information about which C functions
   8:Core/Src/sysmem.c ****  *            need which of these lowlevel functions
   9:Core/Src/sysmem.c ****  *            please consult the newlib libc manual
  10:Core/Src/sysmem.c ****  ******************************************************************************
  11:Core/Src/sysmem.c ****  * @attention
  12:Core/Src/sysmem.c ****  *
  13:Core/Src/sysmem.c ****  * <h2><center>&copy; Copyright (c) 2020 STMicroelectronics.
  14:Core/Src/sysmem.c ****  * All rights reserved.</center></h2>
  15:Core/Src/sysmem.c ****  *
  16:Core/Src/sysmem.c ****  * This software component is licensed by ST under BSD 3-Clause license,
  17:Core/Src/sysmem.c ****  * the "License"; You may not use this file except in compliance with the
  18:Core/Src/sysmem.c ****  * License. You may obtain a copy of the License at:
  19:Core/Src/sysmem.c ****  *                        opensource.org/licenses/BSD-3-Clause
  20:Core/Src/sysmem.c ****  *
  21:Core/Src/sysmem.c ****  ******************************************************************************
  22:Core/Src/sysmem.c ****  */
  23:Core/Src/sysmem.c **** 
  24:Core/Src/sysmem.c **** /* Includes */
  25:Core/Src/sysmem.c **** #include <errno.h>
  26:Core/Src/sysmem.c **** #include <stdint.h>
  27:Core/Src/sysmem.c **** 
  28:Core/Src/sysmem.c **** /**
  29:Core/Src/sysmem.c ****  * Pointer to the current high watermark of the heap usage
  30:Core/Src/sysmem.c ****  */
  31:Core/Src/sysmem.c **** static uint8_t *__sbrk_heap_end = NULL;
ARM GAS  /var/folders/9y/n02fl3g16gnf7ppy14xghdy80000gn/T//ccXBRBuZ.s 			page 2


  32:Core/Src/sysmem.c **** 
  33:Core/Src/sysmem.c **** /**
  34:Core/Src/sysmem.c ****  * @brief _sbrk() allocates memory to the newlib heap and is used by malloc
  35:Core/Src/sysmem.c ****  *        and others from the C library
  36:Core/Src/sysmem.c ****  *
  37:Core/Src/sysmem.c ****  * @verbatim
  38:Core/Src/sysmem.c ****  * ############################################################################
  39:Core/Src/sysmem.c ****  * #  .data  #  .bss  #       newlib heap       #          MSP stack          #
  40:Core/Src/sysmem.c ****  * #         #        #                         # Reserved by _Min_Stack_Size #
  41:Core/Src/sysmem.c ****  * ############################################################################
  42:Core/Src/sysmem.c ****  * ^-- RAM start      ^-- _end                             _estack, RAM end --^
  43:Core/Src/sysmem.c ****  * @endverbatim
  44:Core/Src/sysmem.c ****  *
  45:Core/Src/sysmem.c ****  * This implementation starts allocating at the '_end' linker symbol
  46:Core/Src/sysmem.c ****  * The '_Min_Stack_Size' linker symbol reserves a memory for the MSP stack
  47:Core/Src/sysmem.c ****  * The implementation considers '_estack' linker symbol to be RAM end
  48:Core/Src/sysmem.c ****  * NOTE: If the MSP stack, at any point during execution, grows larger than the
  49:Core/Src/sysmem.c ****  * reserved size, please increase the '_Min_Stack_Size'.
  50:Core/Src/sysmem.c ****  *
  51:Core/Src/sysmem.c ****  * @param incr Memory size
  52:Core/Src/sysmem.c ****  * @return Pointer to allocated memory
  53:Core/Src/sysmem.c ****  */
  54:Core/Src/sysmem.c **** void *_sbrk(ptrdiff_t incr)
  55:Core/Src/sysmem.c **** {
  28              		.loc 1 55 1 view -0
  29              		.cfi_startproc
  30              		@ args = 0, pretend = 0, frame = 0
  31              		@ frame_needed = 0, uses_anonymous_args = 0
  32              		.loc 1 55 1 is_stmt 0 view .LVU1
  33 0000 10B5     		push	{r4, lr}
  34              		.cfi_def_cfa_offset 8
  35              		.cfi_offset 4, -8
  36              		.cfi_offset 14, -4
  37 0002 0346     		mov	r3, r0
  56:Core/Src/sysmem.c ****   extern uint8_t _end; /* Symbol defined in the linker script */
  38              		.loc 1 56 3 is_stmt 1 view .LVU2
  57:Core/Src/sysmem.c ****   extern uint8_t _estack; /* Symbol defined in the linker script */
  39              		.loc 1 57 3 view .LVU3
  58:Core/Src/sysmem.c ****   extern uint32_t _Min_Stack_Size; /* Symbol defined in the linker script */
  40              		.loc 1 58 3 view .LVU4
  59:Core/Src/sysmem.c ****   const uint32_t stack_limit = (uint32_t)&_estack - (uint32_t)&_Min_Stack_Size;
  41              		.loc 1 59 3 view .LVU5
  42              		.loc 1 59 18 is_stmt 0 view .LVU6
  43 0004 0C4A     		ldr	r2, .L8
  44 0006 0D49     		ldr	r1, .L8+4
  60:Core/Src/sysmem.c ****   const uint8_t *max_heap = (uint8_t *)stack_limit;
  45              		.loc 1 60 3 is_stmt 1 view .LVU7
  46              	.LVL1:
  61:Core/Src/sysmem.c ****   uint8_t *prev_heap_end;
  47              		.loc 1 61 3 view .LVU8
  62:Core/Src/sysmem.c **** 
  63:Core/Src/sysmem.c ****   /* Initialize heap end at first call */
  64:Core/Src/sysmem.c ****   if (NULL == __sbrk_heap_end)
  48              		.loc 1 64 3 view .LVU9
  49              		.loc 1 64 12 is_stmt 0 view .LVU10
  50 0008 0D48     		ldr	r0, .L8+8
  51              	.LVL2:
ARM GAS  /var/folders/9y/n02fl3g16gnf7ppy14xghdy80000gn/T//ccXBRBuZ.s 			page 3


  52              		.loc 1 64 12 view .LVU11
  53 000a 0068     		ldr	r0, [r0]
  54              		.loc 1 64 6 view .LVU12
  55 000c 40B1     		cbz	r0, .L6
  56              	.L2:
  65:Core/Src/sysmem.c ****   {
  66:Core/Src/sysmem.c ****     __sbrk_heap_end = &_end;
  67:Core/Src/sysmem.c ****   }
  68:Core/Src/sysmem.c **** 
  69:Core/Src/sysmem.c ****   /* Protect heap from growing into the reserved MSP stack */
  70:Core/Src/sysmem.c ****   if (__sbrk_heap_end + incr > max_heap)
  57              		.loc 1 70 3 is_stmt 1 view .LVU13
  58              		.loc 1 70 23 is_stmt 0 view .LVU14
  59 000e 0C48     		ldr	r0, .L8+8
  60 0010 0068     		ldr	r0, [r0]
  61 0012 0344     		add	r3, r3, r0
  62              	.LVL3:
  63              		.loc 1 70 6 view .LVU15
  64 0014 521A     		subs	r2, r2, r1
  65 0016 9342     		cmp	r3, r2
  66 0018 06D8     		bhi	.L7
  71:Core/Src/sysmem.c ****   {
  72:Core/Src/sysmem.c ****     errno = ENOMEM;
  73:Core/Src/sysmem.c ****     return (void *)-1;
  74:Core/Src/sysmem.c ****   }
  75:Core/Src/sysmem.c **** 
  76:Core/Src/sysmem.c ****   prev_heap_end = __sbrk_heap_end;
  67              		.loc 1 76 3 is_stmt 1 view .LVU16
  68              	.LVL4:
  77:Core/Src/sysmem.c ****   __sbrk_heap_end += incr;
  69              		.loc 1 77 3 view .LVU17
  70              		.loc 1 77 19 is_stmt 0 view .LVU18
  71 001a 094A     		ldr	r2, .L8+8
  72 001c 1360     		str	r3, [r2]
  78:Core/Src/sysmem.c **** 
  79:Core/Src/sysmem.c ****   return (void *)prev_heap_end;
  73              		.loc 1 79 3 is_stmt 1 view .LVU19
  74              	.LVL5:
  75              	.L1:
  80:Core/Src/sysmem.c **** }
  76              		.loc 1 80 1 is_stmt 0 view .LVU20
  77 001e 10BD     		pop	{r4, pc}
  78              	.LVL6:
  79              	.L6:
  66:Core/Src/sysmem.c ****   }
  80              		.loc 1 66 5 is_stmt 1 view .LVU21
  66:Core/Src/sysmem.c ****   }
  81              		.loc 1 66 21 is_stmt 0 view .LVU22
  82 0020 0748     		ldr	r0, .L8+8
  83 0022 084C     		ldr	r4, .L8+12
  84 0024 0460     		str	r4, [r0]
  85 0026 F2E7     		b	.L2
  86              	.LVL7:
  87              	.L7:
  72:Core/Src/sysmem.c ****     return (void *)-1;
  88              		.loc 1 72 5 is_stmt 1 view .LVU23
  89 0028 FFF7FEFF 		bl	__errno
ARM GAS  /var/folders/9y/n02fl3g16gnf7ppy14xghdy80000gn/T//ccXBRBuZ.s 			page 4


  90              	.LVL8:
  72:Core/Src/sysmem.c ****     return (void *)-1;
  91              		.loc 1 72 11 is_stmt 0 view .LVU24
  92 002c 0C23     		movs	r3, #12
  93 002e 0360     		str	r3, [r0]
  73:Core/Src/sysmem.c ****   }
  94              		.loc 1 73 5 is_stmt 1 view .LVU25
  73:Core/Src/sysmem.c ****   }
  95              		.loc 1 73 12 is_stmt 0 view .LVU26
  96 0030 4FF0FF30 		mov	r0, #-1
  97 0034 F3E7     		b	.L1
  98              	.L9:
  99 0036 00BF     		.align	2
 100              	.L8:
 101 0038 00000000 		.word	_estack
 102 003c 00000000 		.word	_Min_Stack_Size
 103 0040 00000000 		.word	.LANCHOR0
 104 0044 00000000 		.word	_end
 105              		.cfi_endproc
 106              	.LFE0:
 108              		.section	.bss.__sbrk_heap_end,"aw",%nobits
 109              		.align	2
 110              		.set	.LANCHOR0,. + 0
 113              	__sbrk_heap_end:
 114 0000 00000000 		.space	4
 115              		.text
 116              	.Letext0:
 117              		.file 2 "/opt/homebrew/Cellar/arm-none-eabi-gcc/10.3-2021.07/gcc/lib/gcc/arm-none-eabi/10.3.1/incl
 118              		.file 3 "/opt/homebrew/Cellar/arm-none-eabi-gcc/10.3-2021.07/gcc/arm-none-eabi/include/machine/_de
 119              		.file 4 "/opt/homebrew/Cellar/arm-none-eabi-gcc/10.3-2021.07/gcc/arm-none-eabi/include/sys/_stdint
 120              		.file 5 "/opt/homebrew/Cellar/arm-none-eabi-gcc/10.3-2021.07/gcc/arm-none-eabi/include/sys/errno.h
ARM GAS  /var/folders/9y/n02fl3g16gnf7ppy14xghdy80000gn/T//ccXBRBuZ.s 			page 5


DEFINED SYMBOLS
                            *ABS*:0000000000000000 sysmem.c
/var/folders/9y/n02fl3g16gnf7ppy14xghdy80000gn/T//ccXBRBuZ.s:16     .text._sbrk:0000000000000000 $t
/var/folders/9y/n02fl3g16gnf7ppy14xghdy80000gn/T//ccXBRBuZ.s:24     .text._sbrk:0000000000000000 _sbrk
/var/folders/9y/n02fl3g16gnf7ppy14xghdy80000gn/T//ccXBRBuZ.s:101    .text._sbrk:0000000000000038 $d
/var/folders/9y/n02fl3g16gnf7ppy14xghdy80000gn/T//ccXBRBuZ.s:109    .bss.__sbrk_heap_end:0000000000000000 $d
/var/folders/9y/n02fl3g16gnf7ppy14xghdy80000gn/T//ccXBRBuZ.s:113    .bss.__sbrk_heap_end:0000000000000000 __sbrk_heap_end

UNDEFINED SYMBOLS
__errno
_estack
_Min_Stack_Size
_end
